[0.270s] DEBUG:colcon:Command line arguments: ['/usr/bin/colcon', 'build']
[0.271s] DEBUG:colcon:Parsed command line arguments: Namespace(log_base=None, log_level=None, verb_name='build', build_base='build', install_base='install', merge_install=False, symlink_install=False, test_result_base=None, continue_on_error=False, executor='parallel', parallel_workers=8, event_handlers=None, ignore_user_meta=False, metas=['./colcon.meta'], base_paths=['.'], packages_ignore=None, packages_ignore_regex=None, paths=None, packages_up_to=None, packages_up_to_regex=None, packages_above=None, packages_above_and_dependencies=None, packages_above_depth=None, packages_select_by_dep=None, packages_skip_by_dep=None, packages_skip_up_to=None, packages_select_build_failed=False, packages_skip_build_finished=False, packages_select_test_failures=False, packages_skip_test_passed=False, packages_select=None, packages_skip=None, packages_select_regex=None, packages_skip_regex=None, packages_start=None, packages_end=None, allow_overriding=[], cmake_args=None, cmake_target=None, cmake_target_skip_unavailable=False, cmake_clean_cache=False, cmake_clean_first=False, cmake_force_configure=False, ament_cmake_args=None, catkin_cmake_args=None, catkin_skip_building_tests=False, mixin_files=None, mixin=None, verb_parser=<colcon_mixin.mixin.mixin_argument.MixinArgumentDecorator object at 0x79f28d236a70>, verb_extension=<colcon_core.verb.build.BuildVerb object at 0x79f28d3aece0>, main=<bound method BuildVerb.main of <colcon_core.verb.build.BuildVerb object at 0x79f28d3aece0>>, mixin_verb=('build',))
[0.806s] Level 1:colcon.colcon_core.package_discovery:discover_packages(colcon_meta) check parameters
[0.806s] Level 1:colcon.colcon_core.package_discovery:discover_packages(recursive) check parameters
[0.807s] Level 1:colcon.colcon_core.package_discovery:discover_packages(ignore) check parameters
[0.807s] Level 1:colcon.colcon_core.package_discovery:discover_packages(path) check parameters
[0.807s] Level 1:colcon.colcon_core.package_discovery:discover_packages(colcon_meta) discover
[0.807s] Level 1:colcon.colcon_core.package_discovery:discover_packages(recursive) discover
[0.807s] INFO:colcon.colcon_core.package_discovery:Crawling recursively for packages in '/home/jimmy/ros2_ws/src'
[0.807s] Level 1:colcon.colcon_core.package_identification:_identify(.) by extensions ['ignore', 'ignore_ament_install']
[0.807s] Level 1:colcon.colcon_core.package_identification:_identify(.) by extension 'ignore'
[0.807s] Level 1:colcon.colcon_core.package_identification:_identify(.) by extension 'ignore_ament_install'
[0.808s] Level 1:colcon.colcon_core.package_identification:_identify(.) by extensions ['colcon_pkg']
[0.808s] Level 1:colcon.colcon_core.package_identification:_identify(.) by extension 'colcon_pkg'
[0.808s] Level 1:colcon.colcon_core.package_identification:_identify(.) by extensions ['colcon_meta']
[0.808s] Level 1:colcon.colcon_core.package_identification:_identify(.) by extension 'colcon_meta'
[0.808s] Level 1:colcon.colcon_core.package_identification:_identify(.) by extensions ['ros']
[0.808s] Level 1:colcon.colcon_core.package_identification:_identify(.) by extension 'ros'
[0.825s] Level 1:colcon.colcon_core.package_identification:_identify(.) by extensions ['cmake', 'python']
[0.825s] Level 1:colcon.colcon_core.package_identification:_identify(.) by extension 'cmake'
[0.825s] Level 1:colcon.colcon_core.package_identification:_identify(.) by extension 'python'
[0.825s] Level 1:colcon.colcon_core.package_identification:_identify(.) by extensions ['python_setup_py']
[0.825s] Level 1:colcon.colcon_core.package_identification:_identify(.) by extension 'python_setup_py'
[0.825s] Level 1:colcon.colcon_core.package_identification:_identify(bootcamp_hw1) by extensions ['ignore', 'ignore_ament_install']
[0.825s] Level 1:colcon.colcon_core.package_identification:_identify(bootcamp_hw1) by extension 'ignore'
[0.826s] Level 1:colcon.colcon_core.package_identification:_identify(bootcamp_hw1) by extension 'ignore_ament_install'
[0.826s] Level 1:colcon.colcon_core.package_identification:_identify(bootcamp_hw1) by extensions ['colcon_pkg']
[0.826s] Level 1:colcon.colcon_core.package_identification:_identify(bootcamp_hw1) by extension 'colcon_pkg'
[0.826s] Level 1:colcon.colcon_core.package_identification:_identify(bootcamp_hw1) by extensions ['colcon_meta']
[0.826s] Level 1:colcon.colcon_core.package_identification:_identify(bootcamp_hw1) by extension 'colcon_meta'
[0.826s] Level 1:colcon.colcon_core.package_identification:_identify(bootcamp_hw1) by extensions ['ros']
[0.826s] Level 1:colcon.colcon_core.package_identification:_identify(bootcamp_hw1) by extension 'ros'
[0.831s] DEBUG:colcon.colcon_core.package_identification:Package 'bootcamp_hw1' with type 'ros.ament_python' and name 'bootcamp_hw1'
[0.832s] Level 1:colcon.colcon_core.package_identification:_identify(bootcamp_turtle_mover) by extensions ['ignore', 'ignore_ament_install']
[0.832s] Level 1:colcon.colcon_core.package_identification:_identify(bootcamp_turtle_mover) by extension 'ignore'
[0.832s] Level 1:colcon.colcon_core.package_identification:_identify(bootcamp_turtle_mover) by extension 'ignore_ament_install'
[0.832s] Level 1:colcon.colcon_core.package_identification:_identify(bootcamp_turtle_mover) by extensions ['colcon_pkg']
[0.832s] Level 1:colcon.colcon_core.package_identification:_identify(bootcamp_turtle_mover) by extension 'colcon_pkg'
[0.832s] Level 1:colcon.colcon_core.package_identification:_identify(bootcamp_turtle_mover) by extensions ['colcon_meta']
[0.832s] Level 1:colcon.colcon_core.package_identification:_identify(bootcamp_turtle_mover) by extension 'colcon_meta'
[0.833s] Level 1:colcon.colcon_core.package_identification:_identify(bootcamp_turtle_mover) by extensions ['ros']
[0.833s] Level 1:colcon.colcon_core.package_identification:_identify(bootcamp_turtle_mover) by extension 'ros'
[0.835s] DEBUG:colcon.colcon_core.package_identification:Package 'bootcamp_turtle_mover' with type 'ros.ament_python' and name 'bootcamp_turtle_mover'
[0.835s] Level 1:colcon.colcon_core.package_identification:_identify(bootcamp_turtlesim_vacuum_cleaner) by extensions ['ignore', 'ignore_ament_install']
[0.835s] Level 1:colcon.colcon_core.package_identification:_identify(bootcamp_turtlesim_vacuum_cleaner) by extension 'ignore'
[0.836s] Level 1:colcon.colcon_core.package_identification:_identify(bootcamp_turtlesim_vacuum_cleaner) by extension 'ignore_ament_install'
[0.836s] Level 1:colcon.colcon_core.package_identification:_identify(bootcamp_turtlesim_vacuum_cleaner) by extensions ['colcon_pkg']
[0.836s] Level 1:colcon.colcon_core.package_identification:_identify(bootcamp_turtlesim_vacuum_cleaner) by extension 'colcon_pkg'
[0.836s] Level 1:colcon.colcon_core.package_identification:_identify(bootcamp_turtlesim_vacuum_cleaner) by extensions ['colcon_meta']
[0.836s] Level 1:colcon.colcon_core.package_identification:_identify(bootcamp_turtlesim_vacuum_cleaner) by extension 'colcon_meta'
[0.836s] Level 1:colcon.colcon_core.package_identification:_identify(bootcamp_turtlesim_vacuum_cleaner) by extensions ['ros']
[0.836s] Level 1:colcon.colcon_core.package_identification:_identify(bootcamp_turtlesim_vacuum_cleaner) by extension 'ros'
[0.838s] DEBUG:colcon.colcon_core.package_identification:Package 'bootcamp_turtlesim_vacuum_cleaner' with type 'ros.ament_python' and name 'bootcamp_turtlesim_vacuum_cleaner'
[0.839s] Level 1:colcon.colcon_core.package_identification:_identify(build) by extensions ['ignore', 'ignore_ament_install']
[0.839s] Level 1:colcon.colcon_core.package_identification:_identify(build) by extension 'ignore'
[0.839s] Level 1:colcon.colcon_core.package_identification:_identify(build) ignored
[0.839s] Level 1:colcon.colcon_core.package_identification:_identify(install) by extensions ['ignore', 'ignore_ament_install']
[0.839s] Level 1:colcon.colcon_core.package_identification:_identify(install) by extension 'ignore'
[0.840s] Level 1:colcon.colcon_core.package_identification:_identify(install) ignored
[0.840s] Level 1:colcon.colcon_core.package_identification:_identify(log) by extensions ['ignore', 'ignore_ament_install']
[0.840s] Level 1:colcon.colcon_core.package_identification:_identify(log) by extension 'ignore'
[0.840s] Level 1:colcon.colcon_core.package_identification:_identify(log) ignored
[0.840s] Level 1:colcon.colcon_core.package_identification:_identify(my_package) by extensions ['ignore', 'ignore_ament_install']
[0.841s] Level 1:colcon.colcon_core.package_identification:_identify(my_package) by extension 'ignore'
[0.842s] Level 1:colcon.colcon_core.package_identification:_identify(my_package) by extension 'ignore_ament_install'
[0.842s] Level 1:colcon.colcon_core.package_identification:_identify(my_package) by extensions ['colcon_pkg']
[0.843s] Level 1:colcon.colcon_core.package_identification:_identify(my_package) by extension 'colcon_pkg'
[0.843s] Level 1:colcon.colcon_core.package_identification:_identify(my_package) by extensions ['colcon_meta']
[0.843s] Level 1:colcon.colcon_core.package_identification:_identify(my_package) by extension 'colcon_meta'
[0.843s] Level 1:colcon.colcon_core.package_identification:_identify(my_package) by extensions ['ros']
[0.843s] Level 1:colcon.colcon_core.package_identification:_identify(my_package) by extension 'ros'
[0.845s] DEBUG:colcon.colcon_core.package_identification:Package 'my_package' with type 'ros.ament_python' and name 'my_package'
[0.845s] Level 1:colcon.colcon_core.package_identification:_identify(py_pubsub) by extensions ['ignore', 'ignore_ament_install']
[0.845s] Level 1:colcon.colcon_core.package_identification:_identify(py_pubsub) by extension 'ignore'
[0.845s] Level 1:colcon.colcon_core.package_identification:_identify(py_pubsub) by extension 'ignore_ament_install'
[0.845s] Level 1:colcon.colcon_core.package_identification:_identify(py_pubsub) by extensions ['colcon_pkg']
[0.845s] Level 1:colcon.colcon_core.package_identification:_identify(py_pubsub) by extension 'colcon_pkg'
[0.846s] Level 1:colcon.colcon_core.package_identification:_identify(py_pubsub) by extensions ['colcon_meta']
[0.846s] Level 1:colcon.colcon_core.package_identification:_identify(py_pubsub) by extension 'colcon_meta'
[0.846s] Level 1:colcon.colcon_core.package_identification:_identify(py_pubsub) by extensions ['ros']
[0.846s] Level 1:colcon.colcon_core.package_identification:_identify(py_pubsub) by extension 'ros'
[0.847s] DEBUG:colcon.colcon_core.package_identification:Package 'py_pubsub' with type 'ros.ament_python' and name 'py_pubsub'
[0.848s] Level 1:colcon.colcon_core.package_identification:_identify(py_srvcli) by extensions ['ignore', 'ignore_ament_install']
[0.848s] Level 1:colcon.colcon_core.package_identification:_identify(py_srvcli) by extension 'ignore'
[0.848s] Level 1:colcon.colcon_core.package_identification:_identify(py_srvcli) by extension 'ignore_ament_install'
[0.848s] Level 1:colcon.colcon_core.package_identification:_identify(py_srvcli) by extensions ['colcon_pkg']
[0.848s] Level 1:colcon.colcon_core.package_identification:_identify(py_srvcli) by extension 'colcon_pkg'
[0.849s] Level 1:colcon.colcon_core.package_identification:_identify(py_srvcli) by extensions ['colcon_meta']
[0.849s] Level 1:colcon.colcon_core.package_identification:_identify(py_srvcli) by extension 'colcon_meta'
[0.849s] Level 1:colcon.colcon_core.package_identification:_identify(py_srvcli) by extensions ['ros']
[0.849s] Level 1:colcon.colcon_core.package_identification:_identify(py_srvcli) by extension 'ros'
[0.851s] DEBUG:colcon.colcon_core.package_identification:Package 'py_srvcli' with type 'ros.ament_python' and name 'py_srvcli'
[0.851s] Level 1:colcon.colcon_core.package_identification:_identify(python_parameters) by extensions ['ignore', 'ignore_ament_install']
[0.851s] Level 1:colcon.colcon_core.package_identification:_identify(python_parameters) by extension 'ignore'
[0.851s] Level 1:colcon.colcon_core.package_identification:_identify(python_parameters) by extension 'ignore_ament_install'
[0.851s] Level 1:colcon.colcon_core.package_identification:_identify(python_parameters) by extensions ['colcon_pkg']
[0.852s] Level 1:colcon.colcon_core.package_identification:_identify(python_parameters) by extension 'colcon_pkg'
[0.852s] Level 1:colcon.colcon_core.package_identification:_identify(python_parameters) by extensions ['colcon_meta']
[0.852s] Level 1:colcon.colcon_core.package_identification:_identify(python_parameters) by extension 'colcon_meta'
[0.852s] Level 1:colcon.colcon_core.package_identification:_identify(python_parameters) by extensions ['ros']
[0.852s] Level 1:colcon.colcon_core.package_identification:_identify(python_parameters) by extension 'ros'
[0.855s] DEBUG:colcon.colcon_core.package_identification:Package 'python_parameters' with type 'ros.ament_python' and name 'python_parameters'
[0.855s] Level 1:colcon.colcon_core.package_identification:_identify(ros_tutorials) by extensions ['ignore', 'ignore_ament_install']
[0.855s] Level 1:colcon.colcon_core.package_identification:_identify(ros_tutorials) by extension 'ignore'
[0.855s] Level 1:colcon.colcon_core.package_identification:_identify(ros_tutorials) by extension 'ignore_ament_install'
[0.855s] Level 1:colcon.colcon_core.package_identification:_identify(ros_tutorials) by extensions ['colcon_pkg']
[0.855s] Level 1:colcon.colcon_core.package_identification:_identify(ros_tutorials) by extension 'colcon_pkg'
[0.855s] Level 1:colcon.colcon_core.package_identification:_identify(ros_tutorials) by extensions ['colcon_meta']
[0.855s] Level 1:colcon.colcon_core.package_identification:_identify(ros_tutorials) by extension 'colcon_meta'
[0.855s] Level 1:colcon.colcon_core.package_identification:_identify(ros_tutorials) by extensions ['ros']
[0.856s] Level 1:colcon.colcon_core.package_identification:_identify(ros_tutorials) by extension 'ros'
[0.856s] Level 1:colcon.colcon_core.package_identification:_identify(ros_tutorials) by extensions ['cmake', 'python']
[0.856s] Level 1:colcon.colcon_core.package_identification:_identify(ros_tutorials) by extension 'cmake'
[0.856s] Level 1:colcon.colcon_core.package_identification:_identify(ros_tutorials) by extension 'python'
[0.856s] Level 1:colcon.colcon_core.package_identification:_identify(ros_tutorials) by extensions ['python_setup_py']
[0.856s] Level 1:colcon.colcon_core.package_identification:_identify(ros_tutorials) by extension 'python_setup_py'
[0.857s] Level 1:colcon.colcon_core.package_identification:_identify(ros_tutorials/ros_tutorials) by extensions ['ignore', 'ignore_ament_install']
[0.857s] Level 1:colcon.colcon_core.package_identification:_identify(ros_tutorials/ros_tutorials) by extension 'ignore'
[0.857s] Level 1:colcon.colcon_core.package_identification:_identify(ros_tutorials/ros_tutorials) ignored
[0.858s] Level 1:colcon.colcon_core.package_identification:_identify(ros_tutorials/roscpp_tutorials) by extensions ['ignore', 'ignore_ament_install']
[0.858s] Level 1:colcon.colcon_core.package_identification:_identify(ros_tutorials/roscpp_tutorials) by extension 'ignore'
[0.859s] Level 1:colcon.colcon_core.package_identification:_identify(ros_tutorials/roscpp_tutorials) ignored
[0.860s] Level 1:colcon.colcon_core.package_identification:_identify(ros_tutorials/rospy_tutorials) by extensions ['ignore', 'ignore_ament_install']
[0.860s] Level 1:colcon.colcon_core.package_identification:_identify(ros_tutorials/rospy_tutorials) by extension 'ignore'
[0.860s] Level 1:colcon.colcon_core.package_identification:_identify(ros_tutorials/rospy_tutorials) ignored
[0.861s] Level 1:colcon.colcon_core.package_identification:_identify(ros_tutorials/turtlesim) by extensions ['ignore', 'ignore_ament_install']
[0.862s] Level 1:colcon.colcon_core.package_identification:_identify(ros_tutorials/turtlesim) by extension 'ignore'
[0.862s] Level 1:colcon.colcon_core.package_identification:_identify(ros_tutorials/turtlesim) by extension 'ignore_ament_install'
[0.863s] Level 1:colcon.colcon_core.package_identification:_identify(ros_tutorials/turtlesim) by extensions ['colcon_pkg']
[0.863s] Level 1:colcon.colcon_core.package_identification:_identify(ros_tutorials/turtlesim) by extension 'colcon_pkg'
[0.863s] Level 1:colcon.colcon_core.package_identification:_identify(ros_tutorials/turtlesim) by extensions ['colcon_meta']
[0.863s] Level 1:colcon.colcon_core.package_identification:_identify(ros_tutorials/turtlesim) by extension 'colcon_meta'
[0.863s] Level 1:colcon.colcon_core.package_identification:_identify(ros_tutorials/turtlesim) by extensions ['ros']
[0.863s] Level 1:colcon.colcon_core.package_identification:_identify(ros_tutorials/turtlesim) by extension 'ros'
[0.867s] DEBUG:colcon.colcon_core.package_identification:Package 'ros_tutorials/turtlesim' with type 'ros.ament_cmake' and name 'turtlesim'
[0.867s] Level 1:colcon.colcon_core.package_identification:_identify(tutorial_interfaces) by extensions ['ignore', 'ignore_ament_install']
[0.869s] Level 1:colcon.colcon_core.package_identification:_identify(tutorial_interfaces) by extension 'ignore'
[0.870s] Level 1:colcon.colcon_core.package_identification:_identify(tutorial_interfaces) by extension 'ignore_ament_install'
[0.871s] Level 1:colcon.colcon_core.package_identification:_identify(tutorial_interfaces) by extensions ['colcon_pkg']
[0.871s] Level 1:colcon.colcon_core.package_identification:_identify(tutorial_interfaces) by extension 'colcon_pkg'
[0.871s] Level 1:colcon.colcon_core.package_identification:_identify(tutorial_interfaces) by extensions ['colcon_meta']
[0.871s] Level 1:colcon.colcon_core.package_identification:_identify(tutorial_interfaces) by extension 'colcon_meta'
[0.871s] Level 1:colcon.colcon_core.package_identification:_identify(tutorial_interfaces) by extensions ['ros']
[0.871s] Level 1:colcon.colcon_core.package_identification:_identify(tutorial_interfaces) by extension 'ros'
[0.873s] DEBUG:colcon.colcon_core.package_identification:Package 'tutorial_interfaces' with type 'ros.ament_cmake' and name 'tutorial_interfaces'
[0.873s] Level 1:colcon.colcon_core.package_discovery:discover_packages(recursive) using defaults
[0.873s] Level 1:colcon.colcon_core.package_discovery:discover_packages(ignore) discover
[0.873s] Level 1:colcon.colcon_core.package_discovery:discover_packages(ignore) using defaults
[0.873s] Level 1:colcon.colcon_core.package_discovery:discover_packages(path) discover
[0.873s] Level 1:colcon.colcon_core.package_discovery:discover_packages(path) using defaults
[0.955s] Level 1:colcon.colcon_core.package_discovery:discover_packages(prefix_path) check parameters
[0.955s] Level 1:colcon.colcon_core.package_discovery:discover_packages(prefix_path) discover
[0.973s] DEBUG:colcon.colcon_installed_package_information.package_discovery:Found 384 installed packages in /opt/ros/humble
[0.976s] Level 1:colcon.colcon_core.package_discovery:discover_packages(prefix_path) using defaults
[1.065s] WARNING:colcon.colcon_core.package_selection:Some selected packages are already built in one or more underlay workspaces:
	'turtlesim' is in: /opt/ros/humble
If a package in a merged underlay workspace is overridden and it installs headers, then all packages in the overlay must sort their include directories by workspace order. Failure to do so may result in build failures or undefined behavior at run time.
If the overridden package is used by another package in any underlay, then the overriding package in the overlay must be API and ABI compatible or undefined behavior at run time may occur.

If you understand the risks and want to override a package anyways, add the following to the command line:
	--allow-overriding turtlesim

This may be promoted to an error in a future release of colcon-override-check.
[1.067s] Level 5:colcon.colcon_core.verb:set package 'bootcamp_hw1' build argument 'cmake_args' from command line to 'None'
[1.067s] Level 5:colcon.colcon_core.verb:set package 'bootcamp_hw1' build argument 'cmake_target' from command line to 'None'
[1.067s] Level 5:colcon.colcon_core.verb:set package 'bootcamp_hw1' build argument 'cmake_target_skip_unavailable' from command line to 'False'
[1.067s] Level 5:colcon.colcon_core.verb:set package 'bootcamp_hw1' build argument 'cmake_clean_cache' from command line to 'False'
[1.067s] Level 5:colcon.colcon_core.verb:set package 'bootcamp_hw1' build argument 'cmake_clean_first' from command line to 'False'
[1.067s] Level 5:colcon.colcon_core.verb:set package 'bootcamp_hw1' build argument 'cmake_force_configure' from command line to 'False'
[1.067s] Level 5:colcon.colcon_core.verb:set package 'bootcamp_hw1' build argument 'ament_cmake_args' from command line to 'None'
[1.067s] Level 5:colcon.colcon_core.verb:set package 'bootcamp_hw1' build argument 'catkin_cmake_args' from command line to 'None'
[1.067s] Level 5:colcon.colcon_core.verb:set package 'bootcamp_hw1' build argument 'catkin_skip_building_tests' from command line to 'False'
[1.067s] DEBUG:colcon.colcon_core.verb:Building package 'bootcamp_hw1' with the following arguments: {'ament_cmake_args': None, 'build_base': '/home/jimmy/ros2_ws/src/build/bootcamp_hw1', 'catkin_cmake_args': None, 'catkin_skip_building_tests': False, 'cmake_args': None, 'cmake_clean_cache': False, 'cmake_clean_first': False, 'cmake_force_configure': False, 'cmake_target': None, 'cmake_target_skip_unavailable': False, 'install_base': '/home/jimmy/ros2_ws/src/install/bootcamp_hw1', 'merge_install': False, 'path': '/home/jimmy/ros2_ws/src/bootcamp_hw1', 'symlink_install': False, 'test_result_base': None}
[1.068s] Level 5:colcon.colcon_core.verb:set package 'bootcamp_turtle_mover' build argument 'cmake_args' from command line to 'None'
[1.068s] Level 5:colcon.colcon_core.verb:set package 'bootcamp_turtle_mover' build argument 'cmake_target' from command line to 'None'
[1.068s] Level 5:colcon.colcon_core.verb:set package 'bootcamp_turtle_mover' build argument 'cmake_target_skip_unavailable' from command line to 'False'
[1.068s] Level 5:colcon.colcon_core.verb:set package 'bootcamp_turtle_mover' build argument 'cmake_clean_cache' from command line to 'False'
[1.068s] Level 5:colcon.colcon_core.verb:set package 'bootcamp_turtle_mover' build argument 'cmake_clean_first' from command line to 'False'
[1.068s] Level 5:colcon.colcon_core.verb:set package 'bootcamp_turtle_mover' build argument 'cmake_force_configure' from command line to 'False'
[1.068s] Level 5:colcon.colcon_core.verb:set package 'bootcamp_turtle_mover' build argument 'ament_cmake_args' from command line to 'None'
[1.068s] Level 5:colcon.colcon_core.verb:set package 'bootcamp_turtle_mover' build argument 'catkin_cmake_args' from command line to 'None'
[1.068s] Level 5:colcon.colcon_core.verb:set package 'bootcamp_turtle_mover' build argument 'catkin_skip_building_tests' from command line to 'False'
[1.068s] DEBUG:colcon.colcon_core.verb:Building package 'bootcamp_turtle_mover' with the following arguments: {'ament_cmake_args': None, 'build_base': '/home/jimmy/ros2_ws/src/build/bootcamp_turtle_mover', 'catkin_cmake_args': None, 'catkin_skip_building_tests': False, 'cmake_args': None, 'cmake_clean_cache': False, 'cmake_clean_first': False, 'cmake_force_configure': False, 'cmake_target': None, 'cmake_target_skip_unavailable': False, 'install_base': '/home/jimmy/ros2_ws/src/install/bootcamp_turtle_mover', 'merge_install': False, 'path': '/home/jimmy/ros2_ws/src/bootcamp_turtle_mover', 'symlink_install': False, 'test_result_base': None}
[1.069s] Level 5:colcon.colcon_core.verb:set package 'bootcamp_turtlesim_vacuum_cleaner' build argument 'cmake_args' from command line to 'None'
[1.069s] Level 5:colcon.colcon_core.verb:set package 'bootcamp_turtlesim_vacuum_cleaner' build argument 'cmake_target' from command line to 'None'
[1.069s] Level 5:colcon.colcon_core.verb:set package 'bootcamp_turtlesim_vacuum_cleaner' build argument 'cmake_target_skip_unavailable' from command line to 'False'
[1.069s] Level 5:colcon.colcon_core.verb:set package 'bootcamp_turtlesim_vacuum_cleaner' build argument 'cmake_clean_cache' from command line to 'False'
[1.069s] Level 5:colcon.colcon_core.verb:set package 'bootcamp_turtlesim_vacuum_cleaner' build argument 'cmake_clean_first' from command line to 'False'
[1.069s] Level 5:colcon.colcon_core.verb:set package 'bootcamp_turtlesim_vacuum_cleaner' build argument 'cmake_force_configure' from command line to 'False'
[1.069s] Level 5:colcon.colcon_core.verb:set package 'bootcamp_turtlesim_vacuum_cleaner' build argument 'ament_cmake_args' from command line to 'None'
[1.069s] Level 5:colcon.colcon_core.verb:set package 'bootcamp_turtlesim_vacuum_cleaner' build argument 'catkin_cmake_args' from command line to 'None'
[1.069s] Level 5:colcon.colcon_core.verb:set package 'bootcamp_turtlesim_vacuum_cleaner' build argument 'catkin_skip_building_tests' from command line to 'False'
[1.069s] DEBUG:colcon.colcon_core.verb:Building package 'bootcamp_turtlesim_vacuum_cleaner' with the following arguments: {'ament_cmake_args': None, 'build_base': '/home/jimmy/ros2_ws/src/build/bootcamp_turtlesim_vacuum_cleaner', 'catkin_cmake_args': None, 'catkin_skip_building_tests': False, 'cmake_args': None, 'cmake_clean_cache': False, 'cmake_clean_first': False, 'cmake_force_configure': False, 'cmake_target': None, 'cmake_target_skip_unavailable': False, 'install_base': '/home/jimmy/ros2_ws/src/install/bootcamp_turtlesim_vacuum_cleaner', 'merge_install': False, 'path': '/home/jimmy/ros2_ws/src/bootcamp_turtlesim_vacuum_cleaner', 'symlink_install': False, 'test_result_base': None}
[1.070s] Level 5:colcon.colcon_core.verb:set package 'my_package' build argument 'cmake_args' from command line to 'None'
[1.070s] Level 5:colcon.colcon_core.verb:set package 'my_package' build argument 'cmake_target' from command line to 'None'
[1.070s] Level 5:colcon.colcon_core.verb:set package 'my_package' build argument 'cmake_target_skip_unavailable' from command line to 'False'
[1.070s] Level 5:colcon.colcon_core.verb:set package 'my_package' build argument 'cmake_clean_cache' from command line to 'False'
[1.070s] Level 5:colcon.colcon_core.verb:set package 'my_package' build argument 'cmake_clean_first' from command line to 'False'
[1.070s] Level 5:colcon.colcon_core.verb:set package 'my_package' build argument 'cmake_force_configure' from command line to 'False'
[1.070s] Level 5:colcon.colcon_core.verb:set package 'my_package' build argument 'ament_cmake_args' from command line to 'None'
[1.070s] Level 5:colcon.colcon_core.verb:set package 'my_package' build argument 'catkin_cmake_args' from command line to 'None'
[1.070s] Level 5:colcon.colcon_core.verb:set package 'my_package' build argument 'catkin_skip_building_tests' from command line to 'False'
[1.070s] DEBUG:colcon.colcon_core.verb:Building package 'my_package' with the following arguments: {'ament_cmake_args': None, 'build_base': '/home/jimmy/ros2_ws/src/build/my_package', 'catkin_cmake_args': None, 'catkin_skip_building_tests': False, 'cmake_args': None, 'cmake_clean_cache': False, 'cmake_clean_first': False, 'cmake_force_configure': False, 'cmake_target': None, 'cmake_target_skip_unavailable': False, 'install_base': '/home/jimmy/ros2_ws/src/install/my_package', 'merge_install': False, 'path': '/home/jimmy/ros2_ws/src/my_package', 'symlink_install': False, 'test_result_base': None}
[1.071s] Level 5:colcon.colcon_core.verb:set package 'python_parameters' build argument 'cmake_args' from command line to 'None'
[1.071s] Level 5:colcon.colcon_core.verb:set package 'python_parameters' build argument 'cmake_target' from command line to 'None'
[1.071s] Level 5:colcon.colcon_core.verb:set package 'python_parameters' build argument 'cmake_target_skip_unavailable' from command line to 'False'
[1.071s] Level 5:colcon.colcon_core.verb:set package 'python_parameters' build argument 'cmake_clean_cache' from command line to 'False'
[1.071s] Level 5:colcon.colcon_core.verb:set package 'python_parameters' build argument 'cmake_clean_first' from command line to 'False'
[1.071s] Level 5:colcon.colcon_core.verb:set package 'python_parameters' build argument 'cmake_force_configure' from command line to 'False'
[1.071s] Level 5:colcon.colcon_core.verb:set package 'python_parameters' build argument 'ament_cmake_args' from command line to 'None'
[1.071s] Level 5:colcon.colcon_core.verb:set package 'python_parameters' build argument 'catkin_cmake_args' from command line to 'None'
[1.071s] Level 5:colcon.colcon_core.verb:set package 'python_parameters' build argument 'catkin_skip_building_tests' from command line to 'False'
[1.071s] DEBUG:colcon.colcon_core.verb:Building package 'python_parameters' with the following arguments: {'ament_cmake_args': None, 'build_base': '/home/jimmy/ros2_ws/src/build/python_parameters', 'catkin_cmake_args': None, 'catkin_skip_building_tests': False, 'cmake_args': None, 'cmake_clean_cache': False, 'cmake_clean_first': False, 'cmake_force_configure': False, 'cmake_target': None, 'cmake_target_skip_unavailable': False, 'install_base': '/home/jimmy/ros2_ws/src/install/python_parameters', 'merge_install': False, 'path': '/home/jimmy/ros2_ws/src/python_parameters', 'symlink_install': False, 'test_result_base': None}
[1.072s] Level 5:colcon.colcon_core.verb:set package 'turtlesim' build argument 'cmake_args' from command line to 'None'
[1.072s] Level 5:colcon.colcon_core.verb:set package 'turtlesim' build argument 'cmake_target' from command line to 'None'
[1.072s] Level 5:colcon.colcon_core.verb:set package 'turtlesim' build argument 'cmake_target_skip_unavailable' from command line to 'False'
[1.072s] Level 5:colcon.colcon_core.verb:set package 'turtlesim' build argument 'cmake_clean_cache' from command line to 'False'
[1.072s] Level 5:colcon.colcon_core.verb:set package 'turtlesim' build argument 'cmake_clean_first' from command line to 'False'
[1.072s] Level 5:colcon.colcon_core.verb:set package 'turtlesim' build argument 'cmake_force_configure' from command line to 'False'
[1.072s] Level 5:colcon.colcon_core.verb:set package 'turtlesim' build argument 'ament_cmake_args' from command line to 'None'
[1.072s] Level 5:colcon.colcon_core.verb:set package 'turtlesim' build argument 'catkin_cmake_args' from command line to 'None'
[1.072s] Level 5:colcon.colcon_core.verb:set package 'turtlesim' build argument 'catkin_skip_building_tests' from command line to 'False'
[1.072s] DEBUG:colcon.colcon_core.verb:Building package 'turtlesim' with the following arguments: {'ament_cmake_args': None, 'build_base': '/home/jimmy/ros2_ws/src/build/turtlesim', 'catkin_cmake_args': None, 'catkin_skip_building_tests': False, 'cmake_args': None, 'cmake_clean_cache': False, 'cmake_clean_first': False, 'cmake_force_configure': False, 'cmake_target': None, 'cmake_target_skip_unavailable': False, 'install_base': '/home/jimmy/ros2_ws/src/install/turtlesim', 'merge_install': False, 'path': '/home/jimmy/ros2_ws/src/ros_tutorials/turtlesim', 'symlink_install': False, 'test_result_base': None}
[1.073s] Level 5:colcon.colcon_core.verb:set package 'tutorial_interfaces' build argument 'cmake_args' from command line to 'None'
[1.073s] Level 5:colcon.colcon_core.verb:set package 'tutorial_interfaces' build argument 'cmake_target' from command line to 'None'
[1.073s] Level 5:colcon.colcon_core.verb:set package 'tutorial_interfaces' build argument 'cmake_target_skip_unavailable' from command line to 'False'
[1.073s] Level 5:colcon.colcon_core.verb:set package 'tutorial_interfaces' build argument 'cmake_clean_cache' from command line to 'False'
[1.073s] Level 5:colcon.colcon_core.verb:set package 'tutorial_interfaces' build argument 'cmake_clean_first' from command line to 'False'
[1.073s] Level 5:colcon.colcon_core.verb:set package 'tutorial_interfaces' build argument 'cmake_force_configure' from command line to 'False'
[1.073s] Level 5:colcon.colcon_core.verb:set package 'tutorial_interfaces' build argument 'ament_cmake_args' from command line to 'None'
[1.073s] Level 5:colcon.colcon_core.verb:set package 'tutorial_interfaces' build argument 'catkin_cmake_args' from command line to 'None'
[1.073s] Level 5:colcon.colcon_core.verb:set package 'tutorial_interfaces' build argument 'catkin_skip_building_tests' from command line to 'False'
[1.073s] DEBUG:colcon.colcon_core.verb:Building package 'tutorial_interfaces' with the following arguments: {'ament_cmake_args': None, 'build_base': '/home/jimmy/ros2_ws/src/build/tutorial_interfaces', 'catkin_cmake_args': None, 'catkin_skip_building_tests': False, 'cmake_args': None, 'cmake_clean_cache': False, 'cmake_clean_first': False, 'cmake_force_configure': False, 'cmake_target': None, 'cmake_target_skip_unavailable': False, 'install_base': '/home/jimmy/ros2_ws/src/install/tutorial_interfaces', 'merge_install': False, 'path': '/home/jimmy/ros2_ws/src/tutorial_interfaces', 'symlink_install': False, 'test_result_base': None}
[1.074s] Level 5:colcon.colcon_core.verb:set package 'py_pubsub' build argument 'cmake_args' from command line to 'None'
[1.074s] Level 5:colcon.colcon_core.verb:set package 'py_pubsub' build argument 'cmake_target' from command line to 'None'
[1.074s] Level 5:colcon.colcon_core.verb:set package 'py_pubsub' build argument 'cmake_target_skip_unavailable' from command line to 'False'
[1.074s] Level 5:colcon.colcon_core.verb:set package 'py_pubsub' build argument 'cmake_clean_cache' from command line to 'False'
[1.074s] Level 5:colcon.colcon_core.verb:set package 'py_pubsub' build argument 'cmake_clean_first' from command line to 'False'
[1.074s] Level 5:colcon.colcon_core.verb:set package 'py_pubsub' build argument 'cmake_force_configure' from command line to 'False'
[1.074s] Level 5:colcon.colcon_core.verb:set package 'py_pubsub' build argument 'ament_cmake_args' from command line to 'None'
[1.074s] Level 5:colcon.colcon_core.verb:set package 'py_pubsub' build argument 'catkin_cmake_args' from command line to 'None'
[1.074s] Level 5:colcon.colcon_core.verb:set package 'py_pubsub' build argument 'catkin_skip_building_tests' from command line to 'False'
[1.074s] DEBUG:colcon.colcon_core.verb:Building package 'py_pubsub' with the following arguments: {'ament_cmake_args': None, 'build_base': '/home/jimmy/ros2_ws/src/build/py_pubsub', 'catkin_cmake_args': None, 'catkin_skip_building_tests': False, 'cmake_args': None, 'cmake_clean_cache': False, 'cmake_clean_first': False, 'cmake_force_configure': False, 'cmake_target': None, 'cmake_target_skip_unavailable': False, 'install_base': '/home/jimmy/ros2_ws/src/install/py_pubsub', 'merge_install': False, 'path': '/home/jimmy/ros2_ws/src/py_pubsub', 'symlink_install': False, 'test_result_base': None}
[1.075s] Level 5:colcon.colcon_core.verb:set package 'py_srvcli' build argument 'cmake_args' from command line to 'None'
[1.075s] Level 5:colcon.colcon_core.verb:set package 'py_srvcli' build argument 'cmake_target' from command line to 'None'
[1.075s] Level 5:colcon.colcon_core.verb:set package 'py_srvcli' build argument 'cmake_target_skip_unavailable' from command line to 'False'
[1.075s] Level 5:colcon.colcon_core.verb:set package 'py_srvcli' build argument 'cmake_clean_cache' from command line to 'False'
[1.075s] Level 5:colcon.colcon_core.verb:set package 'py_srvcli' build argument 'cmake_clean_first' from command line to 'False'
[1.075s] Level 5:colcon.colcon_core.verb:set package 'py_srvcli' build argument 'cmake_force_configure' from command line to 'False'
[1.075s] Level 5:colcon.colcon_core.verb:set package 'py_srvcli' build argument 'ament_cmake_args' from command line to 'None'
[1.075s] Level 5:colcon.colcon_core.verb:set package 'py_srvcli' build argument 'catkin_cmake_args' from command line to 'None'
[1.075s] Level 5:colcon.colcon_core.verb:set package 'py_srvcli' build argument 'catkin_skip_building_tests' from command line to 'False'
[1.075s] DEBUG:colcon.colcon_core.verb:Building package 'py_srvcli' with the following arguments: {'ament_cmake_args': None, 'build_base': '/home/jimmy/ros2_ws/src/build/py_srvcli', 'catkin_cmake_args': None, 'catkin_skip_building_tests': False, 'cmake_args': None, 'cmake_clean_cache': False, 'cmake_clean_first': False, 'cmake_force_configure': False, 'cmake_target': None, 'cmake_target_skip_unavailable': False, 'install_base': '/home/jimmy/ros2_ws/src/install/py_srvcli', 'merge_install': False, 'path': '/home/jimmy/ros2_ws/src/py_srvcli', 'symlink_install': False, 'test_result_base': None}
[1.075s] INFO:colcon.colcon_core.executor:Executing jobs using 'parallel' executor
[1.078s] DEBUG:colcon.colcon_parallel_executor.executor.parallel:run_until_complete
[1.078s] INFO:colcon.colcon_ros.task.ament_cmake.build:Building ROS package in '/home/jimmy/ros2_ws/src/tutorial_interfaces' with build type 'ament_cmake'
[1.079s] INFO:colcon.colcon_cmake.task.cmake.build:Building CMake package in '/home/jimmy/ros2_ws/src/tutorial_interfaces'
[1.096s] INFO:colcon.colcon_core.plugin_system:Skipping extension 'colcon_core.shell.bat': Not used on non-Windows systems
[1.097s] INFO:colcon.colcon_core.shell:Skip shell extension 'powershell' for command environment: Not usable outside of PowerShell
[1.097s] DEBUG:colcon.colcon_core.shell:Skip shell extension 'dsv' for command environment
[1.105s] INFO:colcon.colcon_ros.task.ament_python.build:Building ROS package in '/home/jimmy/ros2_ws/src/bootcamp_hw1' with build type 'ament_python'
[1.105s] Level 1:colcon.colcon_core.shell:create_environment_hook('bootcamp_hw1', 'ament_prefix_path')
[1.105s] INFO:colcon.colcon_core.shell:Creating environment hook '/home/jimmy/ros2_ws/src/install/bootcamp_hw1/share/bootcamp_hw1/hook/ament_prefix_path.ps1'
[1.107s] INFO:colcon.colcon_core.shell:Creating environment descriptor '/home/jimmy/ros2_ws/src/install/bootcamp_hw1/share/bootcamp_hw1/hook/ament_prefix_path.dsv'
[1.109s] INFO:colcon.colcon_core.shell:Creating environment hook '/home/jimmy/ros2_ws/src/install/bootcamp_hw1/share/bootcamp_hw1/hook/ament_prefix_path.sh'
[1.110s] INFO:colcon.colcon_core.shell:Skip shell extension 'powershell' for command environment: Not usable outside of PowerShell
[1.110s] DEBUG:colcon.colcon_core.shell:Skip shell extension 'dsv' for command environment
[1.119s] INFO:colcon.colcon_ros.task.ament_python.build:Building ROS package in '/home/jimmy/ros2_ws/src/bootcamp_turtle_mover' with build type 'ament_python'
[1.120s] Level 1:colcon.colcon_core.shell:create_environment_hook('bootcamp_turtle_mover', 'ament_prefix_path')
[1.121s] INFO:colcon.colcon_core.shell:Creating environment hook '/home/jimmy/ros2_ws/src/install/bootcamp_turtle_mover/share/bootcamp_turtle_mover/hook/ament_prefix_path.ps1'
[1.125s] INFO:colcon.colcon_core.shell:Creating environment descriptor '/home/jimmy/ros2_ws/src/install/bootcamp_turtle_mover/share/bootcamp_turtle_mover/hook/ament_prefix_path.dsv'
[1.125s] INFO:colcon.colcon_core.shell:Creating environment hook '/home/jimmy/ros2_ws/src/install/bootcamp_turtle_mover/share/bootcamp_turtle_mover/hook/ament_prefix_path.sh'
[1.126s] INFO:colcon.colcon_core.shell:Skip shell extension 'powershell' for command environment: Not usable outside of PowerShell
[1.126s] DEBUG:colcon.colcon_core.shell:Skip shell extension 'dsv' for command environment
[1.133s] INFO:colcon.colcon_ros.task.ament_python.build:Building ROS package in '/home/jimmy/ros2_ws/src/bootcamp_turtlesim_vacuum_cleaner' with build type 'ament_python'
[1.134s] Level 1:colcon.colcon_core.shell:create_environment_hook('bootcamp_turtlesim_vacuum_cleaner', 'ament_prefix_path')
[1.134s] INFO:colcon.colcon_core.shell:Creating environment hook '/home/jimmy/ros2_ws/src/install/bootcamp_turtlesim_vacuum_cleaner/share/bootcamp_turtlesim_vacuum_cleaner/hook/ament_prefix_path.ps1'
[1.138s] INFO:colcon.colcon_core.shell:Creating environment descriptor '/home/jimmy/ros2_ws/src/install/bootcamp_turtlesim_vacuum_cleaner/share/bootcamp_turtlesim_vacuum_cleaner/hook/ament_prefix_path.dsv'
[1.139s] INFO:colcon.colcon_core.shell:Creating environment hook '/home/jimmy/ros2_ws/src/install/bootcamp_turtlesim_vacuum_cleaner/share/bootcamp_turtlesim_vacuum_cleaner/hook/ament_prefix_path.sh'
[1.140s] INFO:colcon.colcon_core.shell:Skip shell extension 'powershell' for command environment: Not usable outside of PowerShell
[1.140s] DEBUG:colcon.colcon_core.shell:Skip shell extension 'dsv' for command environment
[1.149s] INFO:colcon.colcon_ros.task.ament_python.build:Building ROS package in '/home/jimmy/ros2_ws/src/my_package' with build type 'ament_python'
[1.150s] Level 1:colcon.colcon_core.shell:create_environment_hook('my_package', 'ament_prefix_path')
[1.150s] INFO:colcon.colcon_core.shell:Creating environment hook '/home/jimmy/ros2_ws/src/install/my_package/share/my_package/hook/ament_prefix_path.ps1'
[1.151s] INFO:colcon.colcon_core.shell:Creating environment descriptor '/home/jimmy/ros2_ws/src/install/my_package/share/my_package/hook/ament_prefix_path.dsv'
[1.151s] INFO:colcon.colcon_core.shell:Creating environment hook '/home/jimmy/ros2_ws/src/install/my_package/share/my_package/hook/ament_prefix_path.sh'
[1.152s] INFO:colcon.colcon_core.shell:Skip shell extension 'powershell' for command environment: Not usable outside of PowerShell
[1.152s] DEBUG:colcon.colcon_core.shell:Skip shell extension 'dsv' for command environment
[1.161s] INFO:colcon.colcon_ros.task.ament_python.build:Building ROS package in '/home/jimmy/ros2_ws/src/python_parameters' with build type 'ament_python'
[1.161s] Level 1:colcon.colcon_core.shell:create_environment_hook('python_parameters', 'ament_prefix_path')
[1.161s] INFO:colcon.colcon_core.shell:Creating environment hook '/home/jimmy/ros2_ws/src/install/python_parameters/share/python_parameters/hook/ament_prefix_path.ps1'
[1.166s] INFO:colcon.colcon_core.shell:Creating environment descriptor '/home/jimmy/ros2_ws/src/install/python_parameters/share/python_parameters/hook/ament_prefix_path.dsv'
[1.167s] INFO:colcon.colcon_core.shell:Creating environment hook '/home/jimmy/ros2_ws/src/install/python_parameters/share/python_parameters/hook/ament_prefix_path.sh'
[1.168s] INFO:colcon.colcon_core.shell:Skip shell extension 'powershell' for command environment: Not usable outside of PowerShell
[1.168s] DEBUG:colcon.colcon_core.shell:Skip shell extension 'dsv' for command environment
[1.176s] INFO:colcon.colcon_ros.task.ament_cmake.build:Building ROS package in '/home/jimmy/ros2_ws/src/ros_tutorials/turtlesim' with build type 'ament_cmake'
[1.177s] INFO:colcon.colcon_cmake.task.cmake.build:Building CMake package in '/home/jimmy/ros2_ws/src/ros_tutorials/turtlesim'
[1.177s] INFO:colcon.colcon_core.shell:Skip shell extension 'powershell' for command environment: Not usable outside of PowerShell
[1.177s] DEBUG:colcon.colcon_core.shell:Skip shell extension 'dsv' for command environment
[1.193s] DEBUG:colcon.colcon_core.event_handler.log_command:Invoking command in '/home/jimmy/ros2_ws/src/build/tutorial_interfaces': CMAKE_PREFIX_PATH=/opt/ros/humble /usr/bin/cmake /home/jimmy/ros2_ws/src/tutorial_interfaces -DCMAKE_INSTALL_PREFIX=/home/jimmy/ros2_ws/src/install/tutorial_interfaces
[1.683s] INFO:colcon.colcon_core.task.python.build:Building Python package in '/home/jimmy/ros2_ws/src/bootcamp_hw1'
[1.683s] INFO:colcon.colcon_core.shell:Skip shell extension 'powershell' for command environment: Not usable outside of PowerShell
[1.683s] DEBUG:colcon.colcon_core.shell:Skip shell extension 'dsv' for command environment
[2.177s] INFO:colcon.colcon_core.task.python.build:Building Python package in '/home/jimmy/ros2_ws/src/bootcamp_turtle_mover'
[2.177s] INFO:colcon.colcon_core.shell:Skip shell extension 'powershell' for command environment: Not usable outside of PowerShell
[2.178s] DEBUG:colcon.colcon_core.shell:Skip shell extension 'dsv' for command environment
[2.676s] INFO:colcon.colcon_core.task.python.build:Building Python package in '/home/jimmy/ros2_ws/src/bootcamp_turtlesim_vacuum_cleaner'
[2.676s] INFO:colcon.colcon_core.shell:Skip shell extension 'powershell' for command environment: Not usable outside of PowerShell
[2.677s] DEBUG:colcon.colcon_core.shell:Skip shell extension 'dsv' for command environment
[3.125s] INFO:colcon.colcon_core.task.python.build:Building Python package in '/home/jimmy/ros2_ws/src/my_package'
[3.125s] INFO:colcon.colcon_core.shell:Skip shell extension 'powershell' for command environment: Not usable outside of PowerShell
[3.126s] DEBUG:colcon.colcon_core.shell:Skip shell extension 'dsv' for command environment
[3.580s] INFO:colcon.colcon_core.task.python.build:Building Python package in '/home/jimmy/ros2_ws/src/python_parameters'
[3.580s] INFO:colcon.colcon_core.shell:Skip shell extension 'powershell' for command environment: Not usable outside of PowerShell
[3.580s] DEBUG:colcon.colcon_core.shell:Skip shell extension 'dsv' for command environment
[3.609s] DEBUG:colcon.colcon_core.event_handler.log_command:Invoking command in '/home/jimmy/ros2_ws/src/build/turtlesim': CMAKE_PREFIX_PATH=/opt/ros/humble /usr/bin/cmake --build /home/jimmy/ros2_ws/src/build/turtlesim -- -j8 -l8
[5.946s] DEBUG:colcon.colcon_core.event_handler.log_command:Invoking command in '/home/jimmy/ros2_ws/src/bootcamp_hw1': PYTHONPATH=/home/jimmy/ros2_ws/src/build/bootcamp_hw1/prefix_override:/usr/lib/python3/dist-packages/colcon_core/task/python/colcon_distutils_commands:/home/jimmy/ros2_ws/src/install/bootcamp_hw1/lib/python3.10/site-packages:${PYTHONPATH} /usr/bin/python3 -W ignore:setup.py install is deprecated setup.py egg_info --egg-base ../build/bootcamp_hw1 build --build-base /home/jimmy/ros2_ws/src/build/bootcamp_hw1/build install --record /home/jimmy/ros2_ws/src/build/bootcamp_hw1/install.log --single-version-externally-managed install_data
[5.959s] DEBUG:colcon.colcon_core.event_handler.log_command:Invoking command in '/home/jimmy/ros2_ws/src/my_package': PYTHONPATH=/home/jimmy/ros2_ws/src/build/my_package/prefix_override:/usr/lib/python3/dist-packages/colcon_core/task/python/colcon_distutils_commands:/home/jimmy/ros2_ws/src/install/my_package/lib/python3.10/site-packages:${PYTHONPATH} /usr/bin/python3 -W ignore:setup.py install is deprecated setup.py egg_info --egg-base ../build/my_package build --build-base /home/jimmy/ros2_ws/src/build/my_package/build install --record /home/jimmy/ros2_ws/src/build/my_package/install.log --single-version-externally-managed install_data
[6.007s] DEBUG:colcon.colcon_core.event_handler.log_command:Invoking command in '/home/jimmy/ros2_ws/src/python_parameters': PYTHONPATH=/home/jimmy/ros2_ws/src/build/python_parameters/prefix_override:/usr/lib/python3/dist-packages/colcon_core/task/python/colcon_distutils_commands:/home/jimmy/ros2_ws/src/install/python_parameters/lib/python3.10/site-packages:${PYTHONPATH} /usr/bin/python3 -W ignore:setup.py install is deprecated setup.py egg_info --egg-base ../build/python_parameters build --build-base /home/jimmy/ros2_ws/src/build/python_parameters/build install --record /home/jimmy/ros2_ws/src/build/python_parameters/install.log --single-version-externally-managed install_data
[6.044s] DEBUG:colcon.colcon_core.event_handler.log_command:Invoking command in '/home/jimmy/ros2_ws/src/bootcamp_turtlesim_vacuum_cleaner': PYTHONPATH=/home/jimmy/ros2_ws/src/build/bootcamp_turtlesim_vacuum_cleaner/prefix_override:/usr/lib/python3/dist-packages/colcon_core/task/python/colcon_distutils_commands:/home/jimmy/ros2_ws/src/install/bootcamp_turtlesim_vacuum_cleaner/lib/python3.10/site-packages:${PYTHONPATH} /usr/bin/python3 -W ignore:setup.py install is deprecated setup.py egg_info --egg-base ../build/bootcamp_turtlesim_vacuum_cleaner build --build-base /home/jimmy/ros2_ws/src/build/bootcamp_turtlesim_vacuum_cleaner/build install --record /home/jimmy/ros2_ws/src/build/bootcamp_turtlesim_vacuum_cleaner/install.log --single-version-externally-managed install_data
[6.047s] DEBUG:colcon.colcon_core.event_handler.log_command:Invoking command in '/home/jimmy/ros2_ws/src/bootcamp_turtle_mover': PYTHONPATH=/home/jimmy/ros2_ws/src/build/bootcamp_turtle_mover/prefix_override:/usr/lib/python3/dist-packages/colcon_core/task/python/colcon_distutils_commands:/home/jimmy/ros2_ws/src/install/bootcamp_turtle_mover/lib/python3.10/site-packages:${PYTHONPATH} /usr/bin/python3 -W ignore:setup.py install is deprecated setup.py egg_info --egg-base ../build/bootcamp_turtle_mover build --build-base /home/jimmy/ros2_ws/src/build/bootcamp_turtle_mover/build install --record /home/jimmy/ros2_ws/src/build/bootcamp_turtle_mover/install.log --single-version-externally-managed install_data
[6.686s] DEBUG:colcon.colcon_core.event_handler.log_command:Invoked command in '/home/jimmy/ros2_ws/src/my_package' returned '0': PYTHONPATH=/home/jimmy/ros2_ws/src/build/my_package/prefix_override:/usr/lib/python3/dist-packages/colcon_core/task/python/colcon_distutils_commands:/home/jimmy/ros2_ws/src/install/my_package/lib/python3.10/site-packages:${PYTHONPATH} /usr/bin/python3 -W ignore:setup.py install is deprecated setup.py egg_info --egg-base ../build/my_package build --build-base /home/jimmy/ros2_ws/src/build/my_package/build install --record /home/jimmy/ros2_ws/src/build/my_package/install.log --single-version-externally-managed install_data
[6.731s] Level 1:colcon.colcon_core.environment:checking '/home/jimmy/ros2_ws/src/install/my_package' for CMake module files
[6.732s] Level 1:colcon.colcon_core.environment:checking '/home/jimmy/ros2_ws/src/install/my_package' for CMake config files
[6.733s] Level 1:colcon.colcon_core.environment:checking '/home/jimmy/ros2_ws/src/install/my_package/lib'
[6.733s] Level 1:colcon.colcon_core.environment:checking '/home/jimmy/ros2_ws/src/install/my_package/bin'
[6.733s] Level 1:colcon.colcon_core.environment:checking '/home/jimmy/ros2_ws/src/install/my_package/lib/pkgconfig/my_package.pc'
[6.733s] Level 1:colcon.colcon_core.environment:checking '/home/jimmy/ros2_ws/src/install/my_package/lib/python3.10/site-packages'
[6.733s] Level 1:colcon.colcon_core.shell:create_environment_hook('my_package', 'pythonpath')
[6.734s] INFO:colcon.colcon_core.shell:Creating environment hook '/home/jimmy/ros2_ws/src/install/my_package/share/my_package/hook/pythonpath.ps1'
[6.734s] INFO:colcon.colcon_core.shell:Creating environment descriptor '/home/jimmy/ros2_ws/src/install/my_package/share/my_package/hook/pythonpath.dsv'
[6.735s] INFO:colcon.colcon_core.shell:Creating environment hook '/home/jimmy/ros2_ws/src/install/my_package/share/my_package/hook/pythonpath.sh'
[6.736s] Level 1:colcon.colcon_core.environment:checking '/home/jimmy/ros2_ws/src/install/my_package/bin'
[6.736s] Level 1:colcon.colcon_core.environment:create_environment_scripts_only(my_package)
[6.736s] INFO:colcon.colcon_core.shell:Creating package script '/home/jimmy/ros2_ws/src/install/my_package/share/my_package/package.ps1'
[6.769s] INFO:colcon.colcon_core.shell:Creating package descriptor '/home/jimmy/ros2_ws/src/install/my_package/share/my_package/package.dsv'
[6.771s] INFO:colcon.colcon_core.shell:Creating package script '/home/jimmy/ros2_ws/src/install/my_package/share/my_package/package.sh'
[6.783s] INFO:colcon.colcon_core.shell:Creating package script '/home/jimmy/ros2_ws/src/install/my_package/share/my_package/package.bash'
[6.807s] INFO:colcon.colcon_core.shell:Creating package script '/home/jimmy/ros2_ws/src/install/my_package/share/my_package/package.zsh'
[6.833s] Level 1:colcon.colcon_core.environment:create_file_with_runtime_dependencies(/home/jimmy/ros2_ws/src/install/my_package/share/colcon-core/packages/my_package)
[6.841s] Level 1:colcon.colcon_core.environment:checking '/home/jimmy/ros2_ws/src/install/bootcamp_hw1' for CMake module files
[6.841s] Level 1:colcon.colcon_core.environment:checking '/home/jimmy/ros2_ws/src/install/bootcamp_hw1' for CMake config files
[6.842s] Level 1:colcon.colcon_core.environment:checking '/home/jimmy/ros2_ws/src/install/bootcamp_hw1/lib'
[6.842s] Level 1:colcon.colcon_core.environment:checking '/home/jimmy/ros2_ws/src/install/bootcamp_hw1/bin'
[6.843s] Level 1:colcon.colcon_core.environment:checking '/home/jimmy/ros2_ws/src/install/bootcamp_hw1/lib/pkgconfig/bootcamp_hw1.pc'
[6.843s] Level 1:colcon.colcon_core.environment:checking '/home/jimmy/ros2_ws/src/install/bootcamp_hw1/lib/python3.10/site-packages'
[6.843s] Level 1:colcon.colcon_core.shell:create_environment_hook('bootcamp_hw1', 'pythonpath')
[6.843s] INFO:colcon.colcon_core.shell:Creating environment hook '/home/jimmy/ros2_ws/src/install/bootcamp_hw1/share/bootcamp_hw1/hook/pythonpath.ps1'
[6.844s] INFO:colcon.colcon_core.shell:Creating environment descriptor '/home/jimmy/ros2_ws/src/install/bootcamp_hw1/share/bootcamp_hw1/hook/pythonpath.dsv'
[6.844s] INFO:colcon.colcon_core.shell:Creating environment hook '/home/jimmy/ros2_ws/src/install/bootcamp_hw1/share/bootcamp_hw1/hook/pythonpath.sh'
[6.845s] Level 1:colcon.colcon_core.environment:checking '/home/jimmy/ros2_ws/src/install/bootcamp_hw1/bin'
[6.845s] Level 1:colcon.colcon_core.environment:create_environment_scripts_only(bootcamp_hw1)
[6.846s] INFO:colcon.colcon_core.shell:Creating package script '/home/jimmy/ros2_ws/src/install/bootcamp_hw1/share/bootcamp_hw1/package.ps1'
[6.850s] INFO:colcon.colcon_core.shell:Creating package descriptor '/home/jimmy/ros2_ws/src/install/bootcamp_hw1/share/bootcamp_hw1/package.dsv'
[6.851s] INFO:colcon.colcon_core.shell:Creating package script '/home/jimmy/ros2_ws/src/install/bootcamp_hw1/share/bootcamp_hw1/package.sh'
[6.851s] INFO:colcon.colcon_core.shell:Creating package script '/home/jimmy/ros2_ws/src/install/bootcamp_hw1/share/bootcamp_hw1/package.bash'
[6.852s] INFO:colcon.colcon_core.shell:Creating package script '/home/jimmy/ros2_ws/src/install/bootcamp_hw1/share/bootcamp_hw1/package.zsh'
[6.852s] Level 1:colcon.colcon_core.environment:create_file_with_runtime_dependencies(/home/jimmy/ros2_ws/src/install/bootcamp_hw1/share/colcon-core/packages/bootcamp_hw1)
[6.855s] DEBUG:colcon.colcon_core.event_handler.log_command:Invoked command in '/home/jimmy/ros2_ws/src/bootcamp_hw1' returned '0': PYTHONPATH=/home/jimmy/ros2_ws/src/build/bootcamp_hw1/prefix_override:/usr/lib/python3/dist-packages/colcon_core/task/python/colcon_distutils_commands:/home/jimmy/ros2_ws/src/install/bootcamp_hw1/lib/python3.10/site-packages:${PYTHONPATH} /usr/bin/python3 -W ignore:setup.py install is deprecated setup.py egg_info --egg-base ../build/bootcamp_hw1 build --build-base /home/jimmy/ros2_ws/src/build/bootcamp_hw1/build install --record /home/jimmy/ros2_ws/src/build/bootcamp_hw1/install.log --single-version-externally-managed install_data
[6.934s] Level 1:colcon.colcon_core.environment:checking '/home/jimmy/ros2_ws/src/install/bootcamp_turtle_mover' for CMake module files
[6.935s] Level 1:colcon.colcon_core.environment:checking '/home/jimmy/ros2_ws/src/install/bootcamp_turtle_mover' for CMake config files
[6.936s] Level 1:colcon.colcon_core.environment:checking '/home/jimmy/ros2_ws/src/install/bootcamp_turtle_mover/lib'
[6.936s] Level 1:colcon.colcon_core.environment:checking '/home/jimmy/ros2_ws/src/install/bootcamp_turtle_mover/bin'
[6.936s] Level 1:colcon.colcon_core.environment:checking '/home/jimmy/ros2_ws/src/install/bootcamp_turtle_mover/lib/pkgconfig/bootcamp_turtle_mover.pc'
[6.936s] Level 1:colcon.colcon_core.environment:checking '/home/jimmy/ros2_ws/src/install/bootcamp_turtle_mover/lib/python3.10/site-packages'
[6.937s] Level 1:colcon.colcon_core.shell:create_environment_hook('bootcamp_turtle_mover', 'pythonpath')
[6.937s] INFO:colcon.colcon_core.shell:Creating environment hook '/home/jimmy/ros2_ws/src/install/bootcamp_turtle_mover/share/bootcamp_turtle_mover/hook/pythonpath.ps1'
[6.937s] INFO:colcon.colcon_core.shell:Creating environment descriptor '/home/jimmy/ros2_ws/src/install/bootcamp_turtle_mover/share/bootcamp_turtle_mover/hook/pythonpath.dsv'
[6.938s] INFO:colcon.colcon_core.shell:Creating environment hook '/home/jimmy/ros2_ws/src/install/bootcamp_turtle_mover/share/bootcamp_turtle_mover/hook/pythonpath.sh'
[6.940s] Level 1:colcon.colcon_core.environment:checking '/home/jimmy/ros2_ws/src/install/bootcamp_turtle_mover/bin'
[6.940s] Level 1:colcon.colcon_core.environment:create_environment_scripts_only(bootcamp_turtle_mover)
[6.940s] INFO:colcon.colcon_core.shell:Creating package script '/home/jimmy/ros2_ws/src/install/bootcamp_turtle_mover/share/bootcamp_turtle_mover/package.ps1'
[6.941s] INFO:colcon.colcon_core.shell:Creating package descriptor '/home/jimmy/ros2_ws/src/install/bootcamp_turtle_mover/share/bootcamp_turtle_mover/package.dsv'
[6.942s] INFO:colcon.colcon_core.shell:Creating package script '/home/jimmy/ros2_ws/src/install/bootcamp_turtle_mover/share/bootcamp_turtle_mover/package.sh'
[6.943s] INFO:colcon.colcon_core.shell:Creating package script '/home/jimmy/ros2_ws/src/install/bootcamp_turtle_mover/share/bootcamp_turtle_mover/package.bash'
[6.944s] INFO:colcon.colcon_core.shell:Creating package script '/home/jimmy/ros2_ws/src/install/bootcamp_turtle_mover/share/bootcamp_turtle_mover/package.zsh'
[6.945s] Level 1:colcon.colcon_core.environment:create_file_with_runtime_dependencies(/home/jimmy/ros2_ws/src/install/bootcamp_turtle_mover/share/colcon-core/packages/bootcamp_turtle_mover)
[6.952s] DEBUG:colcon.colcon_core.event_handler.log_command:Invoked command in '/home/jimmy/ros2_ws/src/bootcamp_turtle_mover' returned '0': PYTHONPATH=/home/jimmy/ros2_ws/src/build/bootcamp_turtle_mover/prefix_override:/usr/lib/python3/dist-packages/colcon_core/task/python/colcon_distutils_commands:/home/jimmy/ros2_ws/src/install/bootcamp_turtle_mover/lib/python3.10/site-packages:${PYTHONPATH} /usr/bin/python3 -W ignore:setup.py install is deprecated setup.py egg_info --egg-base ../build/bootcamp_turtle_mover build --build-base /home/jimmy/ros2_ws/src/build/bootcamp_turtle_mover/build install --record /home/jimmy/ros2_ws/src/build/bootcamp_turtle_mover/install.log --single-version-externally-managed install_data
[7.001s] Level 1:colcon.colcon_core.environment:checking '/home/jimmy/ros2_ws/src/install/python_parameters' for CMake module files
[7.002s] Level 1:colcon.colcon_core.environment:checking '/home/jimmy/ros2_ws/src/install/python_parameters' for CMake config files
[7.003s] DEBUG:colcon.colcon_core.event_handler.log_command:Invoked command in '/home/jimmy/ros2_ws/src/python_parameters' returned '0': PYTHONPATH=/home/jimmy/ros2_ws/src/build/python_parameters/prefix_override:/usr/lib/python3/dist-packages/colcon_core/task/python/colcon_distutils_commands:/home/jimmy/ros2_ws/src/install/python_parameters/lib/python3.10/site-packages:${PYTHONPATH} /usr/bin/python3 -W ignore:setup.py install is deprecated setup.py egg_info --egg-base ../build/python_parameters build --build-base /home/jimmy/ros2_ws/src/build/python_parameters/build install --record /home/jimmy/ros2_ws/src/build/python_parameters/install.log --single-version-externally-managed install_data
[7.014s] Level 1:colcon.colcon_core.environment:checking '/home/jimmy/ros2_ws/src/install/python_parameters/lib'
[7.015s] Level 1:colcon.colcon_core.environment:checking '/home/jimmy/ros2_ws/src/install/python_parameters/bin'
[7.015s] Level 1:colcon.colcon_core.environment:checking '/home/jimmy/ros2_ws/src/install/python_parameters/lib/pkgconfig/python_parameters.pc'
[7.015s] Level 1:colcon.colcon_core.environment:checking '/home/jimmy/ros2_ws/src/install/python_parameters/lib/python3.10/site-packages'
[7.015s] Level 1:colcon.colcon_core.shell:create_environment_hook('python_parameters', 'pythonpath')
[7.016s] INFO:colcon.colcon_core.shell:Creating environment hook '/home/jimmy/ros2_ws/src/install/python_parameters/share/python_parameters/hook/pythonpath.ps1'
[7.017s] INFO:colcon.colcon_core.shell:Creating environment descriptor '/home/jimmy/ros2_ws/src/install/python_parameters/share/python_parameters/hook/pythonpath.dsv'
[7.017s] INFO:colcon.colcon_core.shell:Creating environment hook '/home/jimmy/ros2_ws/src/install/python_parameters/share/python_parameters/hook/pythonpath.sh'
[7.018s] Level 1:colcon.colcon_core.environment:checking '/home/jimmy/ros2_ws/src/install/python_parameters/bin'
[7.018s] Level 1:colcon.colcon_core.environment:create_environment_scripts_only(python_parameters)
[7.019s] INFO:colcon.colcon_core.shell:Creating package script '/home/jimmy/ros2_ws/src/install/python_parameters/share/python_parameters/package.ps1'
[7.020s] INFO:colcon.colcon_core.shell:Creating package descriptor '/home/jimmy/ros2_ws/src/install/python_parameters/share/python_parameters/package.dsv'
[7.020s] INFO:colcon.colcon_core.shell:Creating package script '/home/jimmy/ros2_ws/src/install/python_parameters/share/python_parameters/package.sh'
[7.021s] INFO:colcon.colcon_core.shell:Creating package script '/home/jimmy/ros2_ws/src/install/python_parameters/share/python_parameters/package.bash'
[7.022s] INFO:colcon.colcon_core.shell:Creating package script '/home/jimmy/ros2_ws/src/install/python_parameters/share/python_parameters/package.zsh'
[7.022s] Level 1:colcon.colcon_core.environment:create_file_with_runtime_dependencies(/home/jimmy/ros2_ws/src/install/python_parameters/share/colcon-core/packages/python_parameters)
[7.024s] Level 1:colcon.colcon_core.environment:checking '/home/jimmy/ros2_ws/src/install/bootcamp_turtlesim_vacuum_cleaner' for CMake module files
[7.025s] Level 1:colcon.colcon_core.environment:checking '/home/jimmy/ros2_ws/src/install/bootcamp_turtlesim_vacuum_cleaner' for CMake config files
[7.029s] DEBUG:colcon.colcon_core.event_handler.log_command:Invoked command in '/home/jimmy/ros2_ws/src/bootcamp_turtlesim_vacuum_cleaner' returned '0': PYTHONPATH=/home/jimmy/ros2_ws/src/build/bootcamp_turtlesim_vacuum_cleaner/prefix_override:/usr/lib/python3/dist-packages/colcon_core/task/python/colcon_distutils_commands:/home/jimmy/ros2_ws/src/install/bootcamp_turtlesim_vacuum_cleaner/lib/python3.10/site-packages:${PYTHONPATH} /usr/bin/python3 -W ignore:setup.py install is deprecated setup.py egg_info --egg-base ../build/bootcamp_turtlesim_vacuum_cleaner build --build-base /home/jimmy/ros2_ws/src/build/bootcamp_turtlesim_vacuum_cleaner/build install --record /home/jimmy/ros2_ws/src/build/bootcamp_turtlesim_vacuum_cleaner/install.log --single-version-externally-managed install_data
[7.032s] Level 1:colcon.colcon_core.environment:checking '/home/jimmy/ros2_ws/src/install/bootcamp_turtlesim_vacuum_cleaner/lib'
[7.034s] Level 1:colcon.colcon_core.environment:checking '/home/jimmy/ros2_ws/src/install/bootcamp_turtlesim_vacuum_cleaner/bin'
[7.034s] Level 1:colcon.colcon_core.environment:checking '/home/jimmy/ros2_ws/src/install/bootcamp_turtlesim_vacuum_cleaner/lib/pkgconfig/bootcamp_turtlesim_vacuum_cleaner.pc'
[7.034s] Level 1:colcon.colcon_core.environment:checking '/home/jimmy/ros2_ws/src/install/bootcamp_turtlesim_vacuum_cleaner/lib/python3.10/site-packages'
[7.034s] Level 1:colcon.colcon_core.shell:create_environment_hook('bootcamp_turtlesim_vacuum_cleaner', 'pythonpath')
[7.035s] INFO:colcon.colcon_core.shell:Creating environment hook '/home/jimmy/ros2_ws/src/install/bootcamp_turtlesim_vacuum_cleaner/share/bootcamp_turtlesim_vacuum_cleaner/hook/pythonpath.ps1'
[7.035s] INFO:colcon.colcon_core.shell:Creating environment descriptor '/home/jimmy/ros2_ws/src/install/bootcamp_turtlesim_vacuum_cleaner/share/bootcamp_turtlesim_vacuum_cleaner/hook/pythonpath.dsv'
[7.036s] INFO:colcon.colcon_core.shell:Creating environment hook '/home/jimmy/ros2_ws/src/install/bootcamp_turtlesim_vacuum_cleaner/share/bootcamp_turtlesim_vacuum_cleaner/hook/pythonpath.sh'
[7.038s] Level 1:colcon.colcon_core.environment:checking '/home/jimmy/ros2_ws/src/install/bootcamp_turtlesim_vacuum_cleaner/bin'
[7.038s] Level 1:colcon.colcon_core.environment:create_environment_scripts_only(bootcamp_turtlesim_vacuum_cleaner)
[7.040s] INFO:colcon.colcon_core.shell:Creating package script '/home/jimmy/ros2_ws/src/install/bootcamp_turtlesim_vacuum_cleaner/share/bootcamp_turtlesim_vacuum_cleaner/package.ps1'
[7.043s] INFO:colcon.colcon_core.shell:Creating package descriptor '/home/jimmy/ros2_ws/src/install/bootcamp_turtlesim_vacuum_cleaner/share/bootcamp_turtlesim_vacuum_cleaner/package.dsv'
[7.044s] INFO:colcon.colcon_core.shell:Creating package script '/home/jimmy/ros2_ws/src/install/bootcamp_turtlesim_vacuum_cleaner/share/bootcamp_turtlesim_vacuum_cleaner/package.sh'
[7.045s] INFO:colcon.colcon_core.shell:Creating package script '/home/jimmy/ros2_ws/src/install/bootcamp_turtlesim_vacuum_cleaner/share/bootcamp_turtlesim_vacuum_cleaner/package.bash'
[7.045s] INFO:colcon.colcon_core.shell:Creating package script '/home/jimmy/ros2_ws/src/install/bootcamp_turtlesim_vacuum_cleaner/share/bootcamp_turtlesim_vacuum_cleaner/package.zsh'
[7.046s] Level 1:colcon.colcon_core.environment:create_file_with_runtime_dependencies(/home/jimmy/ros2_ws/src/install/bootcamp_turtlesim_vacuum_cleaner/share/colcon-core/packages/bootcamp_turtlesim_vacuum_cleaner)
[7.434s] DEBUG:colcon.colcon_core.event_handler.log_command:Invoked command in '/home/jimmy/ros2_ws/src/build/tutorial_interfaces' returned '0': CMAKE_PREFIX_PATH=/opt/ros/humble /usr/bin/cmake /home/jimmy/ros2_ws/src/tutorial_interfaces -DCMAKE_INSTALL_PREFIX=/home/jimmy/ros2_ws/src/install/tutorial_interfaces
[7.435s] DEBUG:colcon.colcon_core.event_handler.log_command:Invoking command in '/home/jimmy/ros2_ws/src/build/tutorial_interfaces': CMAKE_PREFIX_PATH=/opt/ros/humble /usr/bin/cmake --build /home/jimmy/ros2_ws/src/build/tutorial_interfaces -- -j8 -l8
[13.732s] DEBUG:colcon.colcon_core.event_handler.log_command:Invoked command in '/home/jimmy/ros2_ws/src/build/tutorial_interfaces' returned '0': CMAKE_PREFIX_PATH=/opt/ros/humble /usr/bin/cmake --build /home/jimmy/ros2_ws/src/build/tutorial_interfaces -- -j8 -l8
[14.275s] DEBUG:colcon.colcon_core.event_handler.log_command:Invoking command in '/home/jimmy/ros2_ws/src/build/tutorial_interfaces': CMAKE_PREFIX_PATH=/opt/ros/humble /usr/bin/cmake --install /home/jimmy/ros2_ws/src/build/tutorial_interfaces
[14.425s] Level 1:colcon.colcon_core.environment:create_environment_scripts_only(tutorial_interfaces)
[14.426s] Level 1:colcon.colcon_core.environment:checking '/home/jimmy/ros2_ws/src/install/tutorial_interfaces' for CMake module files
[14.428s] DEBUG:colcon.colcon_core.event_handler.log_command:Invoked command in '/home/jimmy/ros2_ws/src/build/tutorial_interfaces' returned '0': CMAKE_PREFIX_PATH=/opt/ros/humble /usr/bin/cmake --install /home/jimmy/ros2_ws/src/build/tutorial_interfaces
[14.429s] Level 1:colcon.colcon_core.environment:checking '/home/jimmy/ros2_ws/src/install/tutorial_interfaces' for CMake config files
[14.430s] Level 1:colcon.colcon_core.shell:create_environment_hook('tutorial_interfaces', 'cmake_prefix_path')
[14.431s] INFO:colcon.colcon_core.shell:Creating environment hook '/home/jimmy/ros2_ws/src/install/tutorial_interfaces/share/tutorial_interfaces/hook/cmake_prefix_path.ps1'
[14.432s] INFO:colcon.colcon_core.shell:Creating environment descriptor '/home/jimmy/ros2_ws/src/install/tutorial_interfaces/share/tutorial_interfaces/hook/cmake_prefix_path.dsv'
[14.432s] INFO:colcon.colcon_core.shell:Creating environment hook '/home/jimmy/ros2_ws/src/install/tutorial_interfaces/share/tutorial_interfaces/hook/cmake_prefix_path.sh'
[14.433s] Level 1:colcon.colcon_core.environment:checking '/home/jimmy/ros2_ws/src/install/tutorial_interfaces/lib'
[14.433s] Level 1:colcon.colcon_core.shell:create_environment_hook('tutorial_interfaces', 'ld_library_path_lib')
[14.434s] INFO:colcon.colcon_core.shell:Creating environment hook '/home/jimmy/ros2_ws/src/install/tutorial_interfaces/share/tutorial_interfaces/hook/ld_library_path_lib.ps1'
[14.437s] INFO:colcon.colcon_core.shell:Creating environment descriptor '/home/jimmy/ros2_ws/src/install/tutorial_interfaces/share/tutorial_interfaces/hook/ld_library_path_lib.dsv'
[14.438s] INFO:colcon.colcon_core.shell:Creating environment hook '/home/jimmy/ros2_ws/src/install/tutorial_interfaces/share/tutorial_interfaces/hook/ld_library_path_lib.sh'
[14.438s] Level 1:colcon.colcon_core.environment:checking '/home/jimmy/ros2_ws/src/install/tutorial_interfaces/bin'
[14.438s] Level 1:colcon.colcon_core.environment:checking '/home/jimmy/ros2_ws/src/install/tutorial_interfaces/lib/pkgconfig/tutorial_interfaces.pc'
[14.439s] Level 1:colcon.colcon_core.environment:checking '/home/jimmy/ros2_ws/src/install/tutorial_interfaces/lib/python3.10/site-packages'
[14.439s] Level 1:colcon.colcon_core.environment:checking '/home/jimmy/ros2_ws/src/install/tutorial_interfaces/bin'
[14.440s] INFO:colcon.colcon_core.shell:Creating package script '/home/jimmy/ros2_ws/src/install/tutorial_interfaces/share/tutorial_interfaces/package.ps1'
[14.441s] INFO:colcon.colcon_core.shell:Creating package descriptor '/home/jimmy/ros2_ws/src/install/tutorial_interfaces/share/tutorial_interfaces/package.dsv'
[14.442s] INFO:colcon.colcon_core.shell:Creating package script '/home/jimmy/ros2_ws/src/install/tutorial_interfaces/share/tutorial_interfaces/package.sh'
[14.442s] INFO:colcon.colcon_core.shell:Creating package script '/home/jimmy/ros2_ws/src/install/tutorial_interfaces/share/tutorial_interfaces/package.bash'
[14.443s] INFO:colcon.colcon_core.shell:Creating package script '/home/jimmy/ros2_ws/src/install/tutorial_interfaces/share/tutorial_interfaces/package.zsh'
[14.447s] Level 1:colcon.colcon_core.environment:create_file_with_runtime_dependencies(/home/jimmy/ros2_ws/src/install/tutorial_interfaces/share/colcon-core/packages/tutorial_interfaces)
[14.937s] Level 1:colcon.colcon_core.environment:create_environment_scripts_only(tutorial_interfaces)
[14.937s] Level 1:colcon.colcon_core.environment:checking '/home/jimmy/ros2_ws/src/install/tutorial_interfaces' for CMake module files
[14.940s] Level 1:colcon.colcon_core.environment:checking '/home/jimmy/ros2_ws/src/install/tutorial_interfaces' for CMake config files
[14.942s] Level 1:colcon.colcon_core.shell:create_environment_hook('tutorial_interfaces', 'cmake_prefix_path')
[14.942s] INFO:colcon.colcon_core.shell:Creating environment hook '/home/jimmy/ros2_ws/src/install/tutorial_interfaces/share/tutorial_interfaces/hook/cmake_prefix_path.ps1'
[14.943s] INFO:colcon.colcon_core.shell:Creating environment descriptor '/home/jimmy/ros2_ws/src/install/tutorial_interfaces/share/tutorial_interfaces/hook/cmake_prefix_path.dsv'
[14.944s] INFO:colcon.colcon_core.shell:Creating environment hook '/home/jimmy/ros2_ws/src/install/tutorial_interfaces/share/tutorial_interfaces/hook/cmake_prefix_path.sh'
[14.945s] Level 1:colcon.colcon_core.environment:checking '/home/jimmy/ros2_ws/src/install/tutorial_interfaces/lib'
[14.945s] Level 1:colcon.colcon_core.shell:create_environment_hook('tutorial_interfaces', 'ld_library_path_lib')
[14.946s] INFO:colcon.colcon_core.shell:Creating environment hook '/home/jimmy/ros2_ws/src/install/tutorial_interfaces/share/tutorial_interfaces/hook/ld_library_path_lib.ps1'
[14.946s] INFO:colcon.colcon_core.shell:Creating environment descriptor '/home/jimmy/ros2_ws/src/install/tutorial_interfaces/share/tutorial_interfaces/hook/ld_library_path_lib.dsv'
[14.947s] INFO:colcon.colcon_core.shell:Creating environment hook '/home/jimmy/ros2_ws/src/install/tutorial_interfaces/share/tutorial_interfaces/hook/ld_library_path_lib.sh'
[14.948s] Level 1:colcon.colcon_core.environment:checking '/home/jimmy/ros2_ws/src/install/tutorial_interfaces/bin'
[14.948s] Level 1:colcon.colcon_core.environment:checking '/home/jimmy/ros2_ws/src/install/tutorial_interfaces/lib/pkgconfig/tutorial_interfaces.pc'
[14.948s] Level 1:colcon.colcon_core.environment:checking '/home/jimmy/ros2_ws/src/install/tutorial_interfaces/lib/python3.10/site-packages'
[14.949s] Level 1:colcon.colcon_core.environment:checking '/home/jimmy/ros2_ws/src/install/tutorial_interfaces/bin'
[14.949s] INFO:colcon.colcon_core.shell:Creating package script '/home/jimmy/ros2_ws/src/install/tutorial_interfaces/share/tutorial_interfaces/package.ps1'
[14.950s] INFO:colcon.colcon_core.shell:Creating package descriptor '/home/jimmy/ros2_ws/src/install/tutorial_interfaces/share/tutorial_interfaces/package.dsv'
[14.951s] INFO:colcon.colcon_core.shell:Creating package script '/home/jimmy/ros2_ws/src/install/tutorial_interfaces/share/tutorial_interfaces/package.sh'
[14.952s] INFO:colcon.colcon_core.shell:Creating package script '/home/jimmy/ros2_ws/src/install/tutorial_interfaces/share/tutorial_interfaces/package.bash'
[14.952s] INFO:colcon.colcon_core.shell:Creating package script '/home/jimmy/ros2_ws/src/install/tutorial_interfaces/share/tutorial_interfaces/package.zsh'
[14.953s] Level 1:colcon.colcon_core.environment:create_file_with_runtime_dependencies(/home/jimmy/ros2_ws/src/install/tutorial_interfaces/share/colcon-core/packages/tutorial_interfaces)
[14.954s] INFO:colcon.colcon_ros.task.ament_python.build:Building ROS package in '/home/jimmy/ros2_ws/src/py_pubsub' with build type 'ament_python'
[14.954s] Level 1:colcon.colcon_core.shell:create_environment_hook('py_pubsub', 'ament_prefix_path')
[14.954s] INFO:colcon.colcon_core.shell:Creating environment hook '/home/jimmy/ros2_ws/src/install/py_pubsub/share/py_pubsub/hook/ament_prefix_path.ps1'
[14.955s] INFO:colcon.colcon_core.shell:Creating environment descriptor '/home/jimmy/ros2_ws/src/install/py_pubsub/share/py_pubsub/hook/ament_prefix_path.dsv'
[14.955s] INFO:colcon.colcon_core.shell:Creating environment hook '/home/jimmy/ros2_ws/src/install/py_pubsub/share/py_pubsub/hook/ament_prefix_path.sh'
[14.957s] INFO:colcon.colcon_core.shell:Skip shell extension 'powershell' for command environment: Not usable outside of PowerShell
[14.957s] DEBUG:colcon.colcon_core.shell:Skip shell extension 'dsv' for command environment
[14.967s] INFO:colcon.colcon_ros.task.ament_python.build:Building ROS package in '/home/jimmy/ros2_ws/src/py_srvcli' with build type 'ament_python'
[14.967s] Level 1:colcon.colcon_core.shell:create_environment_hook('py_srvcli', 'ament_prefix_path')
[14.968s] INFO:colcon.colcon_core.shell:Creating environment hook '/home/jimmy/ros2_ws/src/install/py_srvcli/share/py_srvcli/hook/ament_prefix_path.ps1'
[14.968s] INFO:colcon.colcon_core.shell:Creating environment descriptor '/home/jimmy/ros2_ws/src/install/py_srvcli/share/py_srvcli/hook/ament_prefix_path.dsv'
[14.969s] INFO:colcon.colcon_core.shell:Creating environment hook '/home/jimmy/ros2_ws/src/install/py_srvcli/share/py_srvcli/hook/ament_prefix_path.sh'
[14.970s] INFO:colcon.colcon_core.shell:Skip shell extension 'powershell' for command environment: Not usable outside of PowerShell
[14.970s] DEBUG:colcon.colcon_core.shell:Skip shell extension 'dsv' for command environment
[15.472s] INFO:colcon.colcon_core.task.python.build:Building Python package in '/home/jimmy/ros2_ws/src/py_srvcli'
[15.473s] INFO:colcon.colcon_core.shell:Skip shell extension 'powershell' for command environment: Not usable outside of PowerShell
[15.473s] DEBUG:colcon.colcon_core.shell:Skip shell extension 'dsv' for command environment
[16.357s] INFO:colcon.colcon_core.task.python.build:Building Python package in '/home/jimmy/ros2_ws/src/py_pubsub'
[16.357s] INFO:colcon.colcon_core.shell:Skip shell extension 'powershell' for command environment: Not usable outside of PowerShell
[16.357s] DEBUG:colcon.colcon_core.shell:Skip shell extension 'dsv' for command environment
[17.162s] DEBUG:colcon.colcon_core.event_handler.log_command:Invoking command in '/home/jimmy/ros2_ws/src/py_pubsub': AMENT_PREFIX_PATH=/home/jimmy/ros2_ws/src/install/tutorial_interfaces:${AMENT_PREFIX_PATH} CMAKE_PREFIX_PATH=/home/jimmy/ros2_ws/src/install/tutorial_interfaces LD_LIBRARY_PATH=/home/jimmy/ros2_ws/src/install/tutorial_interfaces/lib:${LD_LIBRARY_PATH} PYTHONPATH=/home/jimmy/ros2_ws/src/build/py_pubsub/prefix_override:/usr/lib/python3/dist-packages/colcon_core/task/python/colcon_distutils_commands:/home/jimmy/ros2_ws/src/install/py_pubsub/lib/python3.10/site-packages:/home/jimmy/ros2_ws/src/install/tutorial_interfaces/local/lib/python3.10/dist-packages:${PYTHONPATH} /usr/bin/python3 -W ignore:setup.py install is deprecated setup.py egg_info --egg-base ../build/py_pubsub build --build-base /home/jimmy/ros2_ws/src/build/py_pubsub/build install --record /home/jimmy/ros2_ws/src/build/py_pubsub/install.log --single-version-externally-managed install_data
[17.178s] DEBUG:colcon.colcon_core.event_handler.log_command:Invoking command in '/home/jimmy/ros2_ws/src/py_srvcli': AMENT_PREFIX_PATH=/home/jimmy/ros2_ws/src/install/tutorial_interfaces:${AMENT_PREFIX_PATH} CMAKE_PREFIX_PATH=/home/jimmy/ros2_ws/src/install/tutorial_interfaces LD_LIBRARY_PATH=/home/jimmy/ros2_ws/src/install/tutorial_interfaces/lib:${LD_LIBRARY_PATH} PYTHONPATH=/home/jimmy/ros2_ws/src/build/py_srvcli/prefix_override:/usr/lib/python3/dist-packages/colcon_core/task/python/colcon_distutils_commands:/home/jimmy/ros2_ws/src/install/py_srvcli/lib/python3.10/site-packages:/home/jimmy/ros2_ws/src/install/tutorial_interfaces/local/lib/python3.10/dist-packages:${PYTHONPATH} /usr/bin/python3 -W ignore:setup.py install is deprecated setup.py egg_info --egg-base ../build/py_srvcli build --build-base /home/jimmy/ros2_ws/src/build/py_srvcli/build install --record /home/jimmy/ros2_ws/src/build/py_srvcli/install.log --single-version-externally-managed install_data
[17.735s] Level 1:colcon.colcon_core.environment:checking '/home/jimmy/ros2_ws/src/install/py_pubsub' for CMake module files
[17.736s] Level 1:colcon.colcon_core.environment:checking '/home/jimmy/ros2_ws/src/install/py_pubsub' for CMake config files
[17.737s] Level 1:colcon.colcon_core.environment:checking '/home/jimmy/ros2_ws/src/install/py_pubsub/lib'
[17.737s] Level 1:colcon.colcon_core.environment:checking '/home/jimmy/ros2_ws/src/install/py_pubsub/bin'
[17.737s] Level 1:colcon.colcon_core.environment:checking '/home/jimmy/ros2_ws/src/install/py_pubsub/lib/pkgconfig/py_pubsub.pc'
[17.737s] Level 1:colcon.colcon_core.environment:checking '/home/jimmy/ros2_ws/src/install/py_pubsub/lib/python3.10/site-packages'
[17.737s] Level 1:colcon.colcon_core.shell:create_environment_hook('py_pubsub', 'pythonpath')
[17.739s] INFO:colcon.colcon_core.shell:Creating environment hook '/home/jimmy/ros2_ws/src/install/py_pubsub/share/py_pubsub/hook/pythonpath.ps1'
[17.740s] INFO:colcon.colcon_core.shell:Creating environment descriptor '/home/jimmy/ros2_ws/src/install/py_pubsub/share/py_pubsub/hook/pythonpath.dsv'
[17.741s] INFO:colcon.colcon_core.shell:Creating environment hook '/home/jimmy/ros2_ws/src/install/py_pubsub/share/py_pubsub/hook/pythonpath.sh'
[17.741s] Level 1:colcon.colcon_core.environment:checking '/home/jimmy/ros2_ws/src/install/py_pubsub/bin'
[17.742s] Level 1:colcon.colcon_core.environment:create_environment_scripts_only(py_pubsub)
[17.742s] INFO:colcon.colcon_core.shell:Creating package script '/home/jimmy/ros2_ws/src/install/py_pubsub/share/py_pubsub/package.ps1'
[17.743s] INFO:colcon.colcon_core.shell:Creating package descriptor '/home/jimmy/ros2_ws/src/install/py_pubsub/share/py_pubsub/package.dsv'
[17.749s] INFO:colcon.colcon_core.shell:Creating package script '/home/jimmy/ros2_ws/src/install/py_pubsub/share/py_pubsub/package.sh'
[17.749s] INFO:colcon.colcon_core.shell:Creating package script '/home/jimmy/ros2_ws/src/install/py_pubsub/share/py_pubsub/package.bash'
[17.750s] INFO:colcon.colcon_core.shell:Creating package script '/home/jimmy/ros2_ws/src/install/py_pubsub/share/py_pubsub/package.zsh'
[17.750s] Level 1:colcon.colcon_core.environment:create_file_with_runtime_dependencies(/home/jimmy/ros2_ws/src/install/py_pubsub/share/colcon-core/packages/py_pubsub)
[17.753s] DEBUG:colcon.colcon_core.event_handler.log_command:Invoked command in '/home/jimmy/ros2_ws/src/py_pubsub' returned '0': AMENT_PREFIX_PATH=/home/jimmy/ros2_ws/src/install/tutorial_interfaces:${AMENT_PREFIX_PATH} CMAKE_PREFIX_PATH=/home/jimmy/ros2_ws/src/install/tutorial_interfaces LD_LIBRARY_PATH=/home/jimmy/ros2_ws/src/install/tutorial_interfaces/lib:${LD_LIBRARY_PATH} PYTHONPATH=/home/jimmy/ros2_ws/src/build/py_pubsub/prefix_override:/usr/lib/python3/dist-packages/colcon_core/task/python/colcon_distutils_commands:/home/jimmy/ros2_ws/src/install/py_pubsub/lib/python3.10/site-packages:/home/jimmy/ros2_ws/src/install/tutorial_interfaces/local/lib/python3.10/dist-packages:${PYTHONPATH} /usr/bin/python3 -W ignore:setup.py install is deprecated setup.py egg_info --egg-base ../build/py_pubsub build --build-base /home/jimmy/ros2_ws/src/build/py_pubsub/build install --record /home/jimmy/ros2_ws/src/build/py_pubsub/install.log --single-version-externally-managed install_data
[17.827s] Level 1:colcon.colcon_core.environment:checking '/home/jimmy/ros2_ws/src/install/py_srvcli' for CMake module files
[17.828s] Level 1:colcon.colcon_core.environment:checking '/home/jimmy/ros2_ws/src/install/py_srvcli' for CMake config files
[17.829s] Level 1:colcon.colcon_core.environment:checking '/home/jimmy/ros2_ws/src/install/py_srvcli/lib'
[17.830s] Level 1:colcon.colcon_core.environment:checking '/home/jimmy/ros2_ws/src/install/py_srvcli/bin'
[17.830s] Level 1:colcon.colcon_core.environment:checking '/home/jimmy/ros2_ws/src/install/py_srvcli/lib/pkgconfig/py_srvcli.pc'
[17.830s] Level 1:colcon.colcon_core.environment:checking '/home/jimmy/ros2_ws/src/install/py_srvcli/lib/python3.10/site-packages'
[17.830s] Level 1:colcon.colcon_core.shell:create_environment_hook('py_srvcli', 'pythonpath')
[17.831s] INFO:colcon.colcon_core.shell:Creating environment hook '/home/jimmy/ros2_ws/src/install/py_srvcli/share/py_srvcli/hook/pythonpath.ps1'
[17.832s] INFO:colcon.colcon_core.shell:Creating environment descriptor '/home/jimmy/ros2_ws/src/install/py_srvcli/share/py_srvcli/hook/pythonpath.dsv'
[17.832s] INFO:colcon.colcon_core.shell:Creating environment hook '/home/jimmy/ros2_ws/src/install/py_srvcli/share/py_srvcli/hook/pythonpath.sh'
[17.833s] Level 1:colcon.colcon_core.environment:checking '/home/jimmy/ros2_ws/src/install/py_srvcli/bin'
[17.833s] Level 1:colcon.colcon_core.environment:create_environment_scripts_only(py_srvcli)
[17.834s] INFO:colcon.colcon_core.shell:Creating package script '/home/jimmy/ros2_ws/src/install/py_srvcli/share/py_srvcli/package.ps1'
[17.835s] INFO:colcon.colcon_core.shell:Creating package descriptor '/home/jimmy/ros2_ws/src/install/py_srvcli/share/py_srvcli/package.dsv'
[17.836s] INFO:colcon.colcon_core.shell:Creating package script '/home/jimmy/ros2_ws/src/install/py_srvcli/share/py_srvcli/package.sh'
[17.836s] INFO:colcon.colcon_core.shell:Creating package script '/home/jimmy/ros2_ws/src/install/py_srvcli/share/py_srvcli/package.bash'
[17.837s] INFO:colcon.colcon_core.shell:Creating package script '/home/jimmy/ros2_ws/src/install/py_srvcli/share/py_srvcli/package.zsh'
[17.838s] Level 1:colcon.colcon_core.environment:create_file_with_runtime_dependencies(/home/jimmy/ros2_ws/src/install/py_srvcli/share/colcon-core/packages/py_srvcli)
[17.842s] DEBUG:colcon.colcon_core.event_handler.log_command:Invoked command in '/home/jimmy/ros2_ws/src/py_srvcli' returned '0': AMENT_PREFIX_PATH=/home/jimmy/ros2_ws/src/install/tutorial_interfaces:${AMENT_PREFIX_PATH} CMAKE_PREFIX_PATH=/home/jimmy/ros2_ws/src/install/tutorial_interfaces LD_LIBRARY_PATH=/home/jimmy/ros2_ws/src/install/tutorial_interfaces/lib:${LD_LIBRARY_PATH} PYTHONPATH=/home/jimmy/ros2_ws/src/build/py_srvcli/prefix_override:/usr/lib/python3/dist-packages/colcon_core/task/python/colcon_distutils_commands:/home/jimmy/ros2_ws/src/install/py_srvcli/lib/python3.10/site-packages:/home/jimmy/ros2_ws/src/install/tutorial_interfaces/local/lib/python3.10/dist-packages:${PYTHONPATH} /usr/bin/python3 -W ignore:setup.py install is deprecated setup.py egg_info --egg-base ../build/py_srvcli build --build-base /home/jimmy/ros2_ws/src/build/py_srvcli/build install --record /home/jimmy/ros2_ws/src/build/py_srvcli/install.log --single-version-externally-managed install_data
[32.693s] DEBUG:colcon.colcon_core.event_handler.log_command:Invoked command in '/home/jimmy/ros2_ws/src/build/turtlesim' returned '0': CMAKE_PREFIX_PATH=/opt/ros/humble /usr/bin/cmake --build /home/jimmy/ros2_ws/src/build/turtlesim -- -j8 -l8
[33.557s] DEBUG:colcon.colcon_core.event_handler.log_command:Invoking command in '/home/jimmy/ros2_ws/src/build/turtlesim': CMAKE_PREFIX_PATH=/opt/ros/humble /usr/bin/cmake --install /home/jimmy/ros2_ws/src/build/turtlesim
[33.789s] Level 1:colcon.colcon_core.environment:create_environment_scripts_only(turtlesim)
[33.789s] Level 1:colcon.colcon_core.environment:checking '/home/jimmy/ros2_ws/src/install/turtlesim' for CMake module files
[33.790s] Level 1:colcon.colcon_core.environment:checking '/home/jimmy/ros2_ws/src/install/turtlesim' for CMake config files
[33.792s] DEBUG:colcon.colcon_core.event_handler.log_command:Invoked command in '/home/jimmy/ros2_ws/src/build/turtlesim' returned '0': CMAKE_PREFIX_PATH=/opt/ros/humble /usr/bin/cmake --install /home/jimmy/ros2_ws/src/build/turtlesim
[33.795s] Level 1:colcon.colcon_core.shell:create_environment_hook('turtlesim', 'cmake_prefix_path')
[33.796s] INFO:colcon.colcon_core.shell:Creating environment hook '/home/jimmy/ros2_ws/src/install/turtlesim/share/turtlesim/hook/cmake_prefix_path.ps1'
[33.796s] INFO:colcon.colcon_core.shell:Creating environment descriptor '/home/jimmy/ros2_ws/src/install/turtlesim/share/turtlesim/hook/cmake_prefix_path.dsv'
[33.797s] INFO:colcon.colcon_core.shell:Creating environment hook '/home/jimmy/ros2_ws/src/install/turtlesim/share/turtlesim/hook/cmake_prefix_path.sh'
[33.798s] Level 1:colcon.colcon_core.environment:checking '/home/jimmy/ros2_ws/src/install/turtlesim/lib'
[33.798s] Level 1:colcon.colcon_core.shell:create_environment_hook('turtlesim', 'ld_library_path_lib')
[33.799s] INFO:colcon.colcon_core.shell:Creating environment hook '/home/jimmy/ros2_ws/src/install/turtlesim/share/turtlesim/hook/ld_library_path_lib.ps1'
[33.799s] INFO:colcon.colcon_core.shell:Creating environment descriptor '/home/jimmy/ros2_ws/src/install/turtlesim/share/turtlesim/hook/ld_library_path_lib.dsv'
[33.800s] INFO:colcon.colcon_core.shell:Creating environment hook '/home/jimmy/ros2_ws/src/install/turtlesim/share/turtlesim/hook/ld_library_path_lib.sh'
[33.801s] Level 1:colcon.colcon_core.environment:checking '/home/jimmy/ros2_ws/src/install/turtlesim/bin'
[33.801s] Level 1:colcon.colcon_core.environment:checking '/home/jimmy/ros2_ws/src/install/turtlesim/lib/pkgconfig/turtlesim.pc'
[33.801s] Level 1:colcon.colcon_core.environment:checking '/home/jimmy/ros2_ws/src/install/turtlesim/lib/python3.10/site-packages'
[33.801s] Level 1:colcon.colcon_core.environment:checking '/home/jimmy/ros2_ws/src/install/turtlesim/bin'
[33.802s] INFO:colcon.colcon_core.shell:Creating package script '/home/jimmy/ros2_ws/src/install/turtlesim/share/turtlesim/package.ps1'
[33.803s] INFO:colcon.colcon_core.shell:Creating package descriptor '/home/jimmy/ros2_ws/src/install/turtlesim/share/turtlesim/package.dsv'
[33.803s] INFO:colcon.colcon_core.shell:Creating package script '/home/jimmy/ros2_ws/src/install/turtlesim/share/turtlesim/package.sh'
[33.804s] INFO:colcon.colcon_core.shell:Creating package script '/home/jimmy/ros2_ws/src/install/turtlesim/share/turtlesim/package.bash'
[33.805s] INFO:colcon.colcon_core.shell:Creating package script '/home/jimmy/ros2_ws/src/install/turtlesim/share/turtlesim/package.zsh'
[33.805s] Level 1:colcon.colcon_core.environment:create_file_with_runtime_dependencies(/home/jimmy/ros2_ws/src/install/turtlesim/share/colcon-core/packages/turtlesim)
[34.658s] Level 1:colcon.colcon_core.environment:create_environment_scripts_only(turtlesim)
[34.659s] Level 1:colcon.colcon_core.environment:checking '/home/jimmy/ros2_ws/src/install/turtlesim' for CMake module files
[34.660s] Level 1:colcon.colcon_core.environment:checking '/home/jimmy/ros2_ws/src/install/turtlesim' for CMake config files
[34.662s] Level 1:colcon.colcon_core.shell:create_environment_hook('turtlesim', 'cmake_prefix_path')
[34.662s] INFO:colcon.colcon_core.shell:Creating environment hook '/home/jimmy/ros2_ws/src/install/turtlesim/share/turtlesim/hook/cmake_prefix_path.ps1'
[34.663s] INFO:colcon.colcon_core.shell:Creating environment descriptor '/home/jimmy/ros2_ws/src/install/turtlesim/share/turtlesim/hook/cmake_prefix_path.dsv'
[34.664s] INFO:colcon.colcon_core.shell:Creating environment hook '/home/jimmy/ros2_ws/src/install/turtlesim/share/turtlesim/hook/cmake_prefix_path.sh'
[34.665s] Level 1:colcon.colcon_core.environment:checking '/home/jimmy/ros2_ws/src/install/turtlesim/lib'
[34.665s] Level 1:colcon.colcon_core.shell:create_environment_hook('turtlesim', 'ld_library_path_lib')
[34.665s] INFO:colcon.colcon_core.shell:Creating environment hook '/home/jimmy/ros2_ws/src/install/turtlesim/share/turtlesim/hook/ld_library_path_lib.ps1'
[34.666s] INFO:colcon.colcon_core.shell:Creating environment descriptor '/home/jimmy/ros2_ws/src/install/turtlesim/share/turtlesim/hook/ld_library_path_lib.dsv'
[34.667s] INFO:colcon.colcon_core.shell:Creating environment hook '/home/jimmy/ros2_ws/src/install/turtlesim/share/turtlesim/hook/ld_library_path_lib.sh'
[34.668s] Level 1:colcon.colcon_core.environment:checking '/home/jimmy/ros2_ws/src/install/turtlesim/bin'
[34.668s] Level 1:colcon.colcon_core.environment:checking '/home/jimmy/ros2_ws/src/install/turtlesim/lib/pkgconfig/turtlesim.pc'
[34.668s] Level 1:colcon.colcon_core.environment:checking '/home/jimmy/ros2_ws/src/install/turtlesim/lib/python3.10/site-packages'
[34.668s] Level 1:colcon.colcon_core.environment:checking '/home/jimmy/ros2_ws/src/install/turtlesim/bin'
[34.669s] INFO:colcon.colcon_core.shell:Creating package script '/home/jimmy/ros2_ws/src/install/turtlesim/share/turtlesim/package.ps1'
[34.669s] INFO:colcon.colcon_core.shell:Creating package descriptor '/home/jimmy/ros2_ws/src/install/turtlesim/share/turtlesim/package.dsv'
[34.670s] INFO:colcon.colcon_core.shell:Creating package script '/home/jimmy/ros2_ws/src/install/turtlesim/share/turtlesim/package.sh'
[34.671s] INFO:colcon.colcon_core.shell:Creating package script '/home/jimmy/ros2_ws/src/install/turtlesim/share/turtlesim/package.bash'
[34.672s] INFO:colcon.colcon_core.shell:Creating package script '/home/jimmy/ros2_ws/src/install/turtlesim/share/turtlesim/package.zsh'
[34.672s] Level 1:colcon.colcon_core.environment:create_file_with_runtime_dependencies(/home/jimmy/ros2_ws/src/install/turtlesim/share/colcon-core/packages/turtlesim)
[34.673s] DEBUG:colcon.colcon_parallel_executor.executor.parallel:closing loop
[34.674s] DEBUG:colcon.colcon_parallel_executor.executor.parallel:loop closed
[34.674s] DEBUG:colcon.colcon_parallel_executor.executor.parallel:run_until_complete finished with '0'
[34.674s] DEBUG:colcon.colcon_core.event_reactor:joining thread
[34.713s] INFO:colcon.colcon_core.plugin_system:Skipping extension 'colcon_notification.desktop_notification.terminal_notifier': Not used on non-Darwin systems
[34.713s] INFO:colcon.colcon_core.plugin_system:Skipping extension 'colcon_notification.desktop_notification.win32': Not used on non-Windows systems
[34.713s] INFO:colcon.colcon_notification.desktop_notification:Sending desktop notification using 'notify2'
[34.816s] DEBUG:colcon.colcon_core.event_reactor:joined thread
[34.816s] INFO:colcon.colcon_core.shell:Creating prefix script '/home/jimmy/ros2_ws/src/install/local_setup.ps1'
[34.819s] INFO:colcon.colcon_core.shell:Creating prefix util module '/home/jimmy/ros2_ws/src/install/_local_setup_util_ps1.py'
[34.837s] INFO:colcon.colcon_core.shell:Creating prefix chain script '/home/jimmy/ros2_ws/src/install/setup.ps1'
[34.854s] INFO:colcon.colcon_core.shell:Creating prefix script '/home/jimmy/ros2_ws/src/install/local_setup.sh'
[34.857s] INFO:colcon.colcon_core.shell:Creating prefix util module '/home/jimmy/ros2_ws/src/install/_local_setup_util_sh.py'
[34.858s] INFO:colcon.colcon_core.shell:Creating prefix chain script '/home/jimmy/ros2_ws/src/install/setup.sh'
[34.861s] INFO:colcon.colcon_core.shell:Creating prefix script '/home/jimmy/ros2_ws/src/install/local_setup.bash'
[34.863s] INFO:colcon.colcon_core.shell:Creating prefix chain script '/home/jimmy/ros2_ws/src/install/setup.bash'
[34.866s] INFO:colcon.colcon_core.shell:Creating prefix script '/home/jimmy/ros2_ws/src/install/local_setup.zsh'
[34.872s] INFO:colcon.colcon_core.shell:Creating prefix chain script '/home/jimmy/ros2_ws/src/install/setup.zsh'
