running egg_info
creating ../build/bootcamp_turtlesim_vacuum_cleaner/bootcamp_turtlesim_vacuum_cleaner.egg-info
writing ../build/bootcamp_turtlesim_vacuum_cleaner/bootcamp_turtlesim_vacuum_cleaner.egg-info/PKG-INFO
writing dependency_links to ../build/bootcamp_turtlesim_vacuum_cleaner/bootcamp_turtlesim_vacuum_cleaner.egg-info/dependency_links.txt
writing entry points to ../build/bootcamp_turtlesim_vacuum_cleaner/bootcamp_turtlesim_vacuum_cleaner.egg-info/entry_points.txt
writing requirements to ../build/bootcamp_turtlesim_vacuum_cleaner/bootcamp_turtlesim_vacuum_cleaner.egg-info/requires.txt
writing top-level names to ../build/bootcamp_turtlesim_vacuum_cleaner/bootcamp_turtlesim_vacuum_cleaner.egg-info/top_level.txt
writing manifest file '../build/bootcamp_turtlesim_vacuum_cleaner/bootcamp_turtlesim_vacuum_cleaner.egg-info/SOURCES.txt'
reading manifest file '../build/bootcamp_turtlesim_vacuum_cleaner/bootcamp_turtlesim_vacuum_cleaner.egg-info/SOURCES.txt'
adding license file 'LICENSE'
writing manifest file '../build/bootcamp_turtlesim_vacuum_cleaner/bootcamp_turtlesim_vacuum_cleaner.egg-info/SOURCES.txt'
running build
running build_py
creating /home/jimmy/ros2_ws/src/build/bootcamp_turtlesim_vacuum_cleaner/build
creating /home/jimmy/ros2_ws/src/build/bootcamp_turtlesim_vacuum_cleaner/build/lib
creating /home/jimmy/ros2_ws/src/build/bootcamp_turtlesim_vacuum_cleaner/build/lib/bootcamp_turtlesim_vacuum_cleaner
copying bootcamp_turtlesim_vacuum_cleaner/__init__.py -> /home/jimmy/ros2_ws/src/build/bootcamp_turtlesim_vacuum_cleaner/build/lib/bootcamp_turtlesim_vacuum_cleaner
copying bootcamp_turtlesim_vacuum_cleaner/vacuum_cleaner.py -> /home/jimmy/ros2_ws/src/build/bootcamp_turtlesim_vacuum_cleaner/build/lib/bootcamp_turtlesim_vacuum_cleaner
running install
running install_lib
creating /home/jimmy/ros2_ws/src/install/bootcamp_turtlesim_vacuum_cleaner/lib/python3.10/site-packages/bootcamp_turtlesim_vacuum_cleaner
copying /home/jimmy/ros2_ws/src/build/bootcamp_turtlesim_vacuum_cleaner/build/lib/bootcamp_turtlesim_vacuum_cleaner/__init__.py -> /home/jimmy/ros2_ws/src/install/bootcamp_turtlesim_vacuum_cleaner/lib/python3.10/site-packages/bootcamp_turtlesim_vacuum_cleaner
copying /home/jimmy/ros2_ws/src/build/bootcamp_turtlesim_vacuum_cleaner/build/lib/bootcamp_turtlesim_vacuum_cleaner/vacuum_cleaner.py -> /home/jimmy/ros2_ws/src/install/bootcamp_turtlesim_vacuum_cleaner/lib/python3.10/site-packages/bootcamp_turtlesim_vacuum_cleaner
byte-compiling /home/jimmy/ros2_ws/src/install/bootcamp_turtlesim_vacuum_cleaner/lib/python3.10/site-packages/bootcamp_turtlesim_vacuum_cleaner/__init__.py to __init__.cpython-310.pyc
byte-compiling /home/jimmy/ros2_ws/src/install/bootcamp_turtlesim_vacuum_cleaner/lib/python3.10/site-packages/bootcamp_turtlesim_vacuum_cleaner/vacuum_cleaner.py to vacuum_cleaner.cpython-310.pyc
running install_data
creating /home/jimmy/ros2_ws/src/install/bootcamp_turtlesim_vacuum_cleaner/share/ament_index
creating /home/jimmy/ros2_ws/src/install/bootcamp_turtlesim_vacuum_cleaner/share/ament_index/resource_index
creating /home/jimmy/ros2_ws/src/install/bootcamp_turtlesim_vacuum_cleaner/share/ament_index/resource_index/packages
copying resource/bootcamp_turtlesim_vacuum_cleaner -> /home/jimmy/ros2_ws/src/install/bootcamp_turtlesim_vacuum_cleaner/share/ament_index/resource_index/packages
copying package.xml -> /home/jimmy/ros2_ws/src/install/bootcamp_turtlesim_vacuum_cleaner/share/bootcamp_turtlesim_vacuum_cleaner
running install_egg_info
Copying ../build/bootcamp_turtlesim_vacuum_cleaner/bootcamp_turtlesim_vacuum_cleaner.egg-info to /home/jimmy/ros2_ws/src/install/bootcamp_turtlesim_vacuum_cleaner/lib/python3.10/site-packages/bootcamp_turtlesim_vacuum_cleaner-0.0.0-py3.10.egg-info
running install_scripts
Installing vacuum_cleaner script to /home/jimmy/ros2_ws/src/install/bootcamp_turtlesim_vacuum_cleaner/lib/bootcamp_turtlesim_vacuum_cleaner
writing list of installed files to '/home/jimmy/ros2_ws/src/build/bootcamp_turtlesim_vacuum_cleaner/install.log'
