[1.370s] Invoking command in '/home/jimmy/ros2_ws/src/bootcamp_turtlesim_vacuum_cleaner': PYTHONPATH=/home/jimmy/ros2_ws/src/build/bootcamp_turtlesim_vacuum_cleaner/prefix_override:/usr/lib/python3/dist-packages/colcon_core/task/python/colcon_distutils_commands:/home/jimmy/ros2_ws/src/install/bootcamp_turtlesim_vacuum_cleaner/lib/python3.10/site-packages:${PYTHONPATH} /usr/bin/python3 -W ignore:setup.py install is deprecated setup.py egg_info --egg-base ../build/bootcamp_turtlesim_vacuum_cleaner build --build-base /home/jimmy/ros2_ws/src/build/bootcamp_turtlesim_vacuum_cleaner/build install --record /home/jimmy/ros2_ws/src/build/bootcamp_turtlesim_vacuum_cleaner/install.log --single-version-externally-managed install_data
[1.719s] running egg_info
[1.719s] creating ../build/bootcamp_turtlesim_vacuum_cleaner/bootcamp_turtlesim_vacuum_cleaner.egg-info
[1.720s] writing ../build/bootcamp_turtlesim_vacuum_cleaner/bootcamp_turtlesim_vacuum_cleaner.egg-info/PKG-INFO
[1.720s] writing dependency_links to ../build/bootcamp_turtlesim_vacuum_cleaner/bootcamp_turtlesim_vacuum_cleaner.egg-info/dependency_links.txt
[1.721s] writing entry points to ../build/bootcamp_turtlesim_vacuum_cleaner/bootcamp_turtlesim_vacuum_cleaner.egg-info/entry_points.txt
[1.721s] writing requirements to ../build/bootcamp_turtlesim_vacuum_cleaner/bootcamp_turtlesim_vacuum_cleaner.egg-info/requires.txt
[1.721s] writing top-level names to ../build/bootcamp_turtlesim_vacuum_cleaner/bootcamp_turtlesim_vacuum_cleaner.egg-info/top_level.txt
[1.721s] writing manifest file '../build/bootcamp_turtlesim_vacuum_cleaner/bootcamp_turtlesim_vacuum_cleaner.egg-info/SOURCES.txt'
[1.725s] reading manifest file '../build/bootcamp_turtlesim_vacuum_cleaner/bootcamp_turtlesim_vacuum_cleaner.egg-info/SOURCES.txt'
[1.727s] adding license file 'LICENSE'
[1.727s] writing manifest file '../build/bootcamp_turtlesim_vacuum_cleaner/bootcamp_turtlesim_vacuum_cleaner.egg-info/SOURCES.txt'
[1.728s] running build
[1.728s] running build_py
[1.728s] creating /home/jimmy/ros2_ws/src/build/bootcamp_turtlesim_vacuum_cleaner/build
[1.728s] creating /home/jimmy/ros2_ws/src/build/bootcamp_turtlesim_vacuum_cleaner/build/lib
[1.729s] creating /home/jimmy/ros2_ws/src/build/bootcamp_turtlesim_vacuum_cleaner/build/lib/bootcamp_turtlesim_vacuum_cleaner
[1.729s] copying bootcamp_turtlesim_vacuum_cleaner/__init__.py -> /home/jimmy/ros2_ws/src/build/bootcamp_turtlesim_vacuum_cleaner/build/lib/bootcamp_turtlesim_vacuum_cleaner
[1.729s] copying bootcamp_turtlesim_vacuum_cleaner/vacuum_cleaner.py -> /home/jimmy/ros2_ws/src/build/bootcamp_turtlesim_vacuum_cleaner/build/lib/bootcamp_turtlesim_vacuum_cleaner
[1.731s] running install
[1.731s] running install_lib
[1.731s] creating /home/jimmy/ros2_ws/src/install/bootcamp_turtlesim_vacuum_cleaner/lib/python3.10/site-packages/bootcamp_turtlesim_vacuum_cleaner
[1.731s] copying /home/jimmy/ros2_ws/src/build/bootcamp_turtlesim_vacuum_cleaner/build/lib/bootcamp_turtlesim_vacuum_cleaner/__init__.py -> /home/jimmy/ros2_ws/src/install/bootcamp_turtlesim_vacuum_cleaner/lib/python3.10/site-packages/bootcamp_turtlesim_vacuum_cleaner
[1.732s] copying /home/jimmy/ros2_ws/src/build/bootcamp_turtlesim_vacuum_cleaner/build/lib/bootcamp_turtlesim_vacuum_cleaner/vacuum_cleaner.py -> /home/jimmy/ros2_ws/src/install/bootcamp_turtlesim_vacuum_cleaner/lib/python3.10/site-packages/bootcamp_turtlesim_vacuum_cleaner
[1.732s] byte-compiling /home/jimmy/ros2_ws/src/install/bootcamp_turtlesim_vacuum_cleaner/lib/python3.10/site-packages/bootcamp_turtlesim_vacuum_cleaner/__init__.py to __init__.cpython-310.pyc
[1.732s] byte-compiling /home/jimmy/ros2_ws/src/install/bootcamp_turtlesim_vacuum_cleaner/lib/python3.10/site-packages/bootcamp_turtlesim_vacuum_cleaner/vacuum_cleaner.py to vacuum_cleaner.cpython-310.pyc
[1.735s] running install_data
[1.735s] creating /home/jimmy/ros2_ws/src/install/bootcamp_turtlesim_vacuum_cleaner/share/ament_index
[1.735s] creating /home/jimmy/ros2_ws/src/install/bootcamp_turtlesim_vacuum_cleaner/share/ament_index/resource_index
[1.735s] creating /home/jimmy/ros2_ws/src/install/bootcamp_turtlesim_vacuum_cleaner/share/ament_index/resource_index/packages
[1.735s] copying resource/bootcamp_turtlesim_vacuum_cleaner -> /home/jimmy/ros2_ws/src/install/bootcamp_turtlesim_vacuum_cleaner/share/ament_index/resource_index/packages
[1.735s] copying package.xml -> /home/jimmy/ros2_ws/src/install/bootcamp_turtlesim_vacuum_cleaner/share/bootcamp_turtlesim_vacuum_cleaner
[1.735s] running install_egg_info
[1.738s] Copying ../build/bootcamp_turtlesim_vacuum_cleaner/bootcamp_turtlesim_vacuum_cleaner.egg-info to /home/jimmy/ros2_ws/src/install/bootcamp_turtlesim_vacuum_cleaner/lib/python3.10/site-packages/bootcamp_turtlesim_vacuum_cleaner-0.0.0-py3.10.egg-info
[1.739s] running install_scripts
[1.769s] Installing vacuum_cleaner script to /home/jimmy/ros2_ws/src/install/bootcamp_turtlesim_vacuum_cleaner/lib/bootcamp_turtlesim_vacuum_cleaner
[1.769s] writing list of installed files to '/home/jimmy/ros2_ws/src/build/bootcamp_turtlesim_vacuum_cleaner/install.log'
[1.793s] Invoked command in '/home/jimmy/ros2_ws/src/bootcamp_turtlesim_vacuum_cleaner' returned '0': PYTHONPATH=/home/jimmy/ros2_ws/src/build/bootcamp_turtlesim_vacuum_cleaner/prefix_override:/usr/lib/python3/dist-packages/colcon_core/task/python/colcon_distutils_commands:/home/jimmy/ros2_ws/src/install/bootcamp_turtlesim_vacuum_cleaner/lib/python3.10/site-packages:${PYTHONPATH} /usr/bin/python3 -W ignore:setup.py install is deprecated setup.py egg_info --egg-base ../build/bootcamp_turtlesim_vacuum_cleaner build --build-base /home/jimmy/ros2_ws/src/build/bootcamp_turtlesim_vacuum_cleaner/build install --record /home/jimmy/ros2_ws/src/build/bootcamp_turtlesim_vacuum_cleaner/install.log --single-version-externally-managed install_data
