[0.016s] Invoking command in '/home/jimmy/ros2_ws/src/build/turtlesim': CMAKE_PREFIX_PATH=/opt/ros/humble /usr/bin/cmake --build /home/jimmy/ros2_ws/src/build/turtlesim -- -j8 -l8
[0.103s] [  1%] Built target turtlesim__cpp
[0.104s] [35m[1mConsolidate compiler generated dependencies of target turtlesim__rosidl_generator_c[0m
[0.126s] [  1%] Built target ament_cmake_python_copy_turtlesim
[0.136s] [ 11%] Built target turtlesim__rosidl_generator_c
[0.166s] [35m[1mConsolidate compiler generated dependencies of target turtlesim__rosidl_typesupport_introspection_cpp[0m
[0.179s] [35m[1mConsolidate compiler generated dependencies of target turtlesim__rosidl_typesupport_fastrtps_cpp[0m
[0.190s] [35m[1mConsolidate compiler generated dependencies of target turtlesim__rosidl_typesupport_cpp[0m
[0.207s] [35m[1mConsolidate compiler generated dependencies of target turtlesim__rosidl_typesupport_fastrtps_c[0m
[0.214s] [35m[1mConsolidate compiler generated dependencies of target turtlesim__rosidl_typesupport_introspection_c[0m
[0.222s] [35m[1mConsolidate compiler generated dependencies of target turtlesim__rosidl_typesupport_c[0m
[0.251s] [ 21%] Built target turtlesim__rosidl_typesupport_introspection_cpp
[0.252s] [ 31%] Built target turtlesim__rosidl_typesupport_cpp
[0.256s] [ 41%] Built target turtlesim__rosidl_typesupport_fastrtps_cpp
[0.262s] [ 51%] Built target turtlesim__rosidl_typesupport_introspection_c
[0.266s] [ 61%] Built target turtlesim__rosidl_typesupport_c
[0.271s] [ 71%] Built target turtlesim__rosidl_typesupport_fastrtps_c
[0.338s] [35m[1mConsolidate compiler generated dependencies of target turtle_teleop_key[0m
[0.338s] [35m[1mConsolidate compiler generated dependencies of target mimic[0m
[0.342s] [35m[1mConsolidate compiler generated dependencies of target turtlesim_node[0m
[0.343s] [35m[1mConsolidate compiler generated dependencies of target draw_square[0m
[0.375s] [ 71%] Built target turtlesim
[0.428s] [ 74%] Built target mimic
[0.428s] [ 74%] [32mBuilding CXX object CMakeFiles/turtlesim_node.dir/src/turtle_frame.cpp.o[0m
[0.430s] [ 76%] Built target turtle_teleop_key
[0.440s] [ 78%] Built target draw_square
[0.448s] [ 79%] Built target turtlesim__py
[0.475s] [35m[1mConsolidate compiler generated dependencies of target turtlesim__rosidl_generator_py[0m
[0.510s] [ 88%] Built target turtlesim__rosidl_generator_py
[0.536s] [35m[1mConsolidate compiler generated dependencies of target turtlesim__rosidl_typesupport_fastrtps_c__pyext[0m
[0.536s] [35m[1mConsolidate compiler generated dependencies of target turtlesim__rosidl_typesupport_c__pyext[0m
[0.536s] [35m[1mConsolidate compiler generated dependencies of target turtlesim__rosidl_typesupport_introspection_c__pyext[0m
[0.573s] [ 90%] Built target turtlesim__rosidl_typesupport_c__pyext
[0.574s] [ 94%] Built target turtlesim__rosidl_typesupport_introspection_c__pyext
[0.575s] [ 93%] Built target turtlesim__rosidl_typesupport_fastrtps_c__pyext
[0.580s] running egg_info
[0.580s] writing turtlesim.egg-info/PKG-INFO
[0.582s] writing dependency_links to turtlesim.egg-info/dependency_links.txt
[0.582s] writing top-level names to turtlesim.egg-info/top_level.txt
[0.586s] reading manifest file 'turtlesim.egg-info/SOURCES.txt'
[0.587s] writing manifest file 'turtlesim.egg-info/SOURCES.txt'
[0.622s] [ 94%] Built target ament_cmake_python_build_turtlesim_egg
[15.189s] [ 95%] [32m[1mLinking CXX executable turtlesim_node[0m
[18.789s] [100%] Built target turtlesim_node
[18.810s] Invoked command in '/home/jimmy/ros2_ws/src/build/turtlesim' returned '0': CMAKE_PREFIX_PATH=/opt/ros/humble /usr/bin/cmake --build /home/jimmy/ros2_ws/src/build/turtlesim -- -j8 -l8
[19.516s] Invoking command in '/home/jimmy/ros2_ws/src/build/turtlesim': CMAKE_PREFIX_PATH=/opt/ros/humble /usr/bin/cmake --install /home/jimmy/ros2_ws/src/build/turtlesim
[19.529s] -- Install configuration: ""
[19.529s] -- Up-to-date: /home/jimmy/ros2_ws/src/install/turtlesim/share/ament_index/resource_index/rosidl_interfaces/turtlesim
[19.529s] -- Up-to-date: /home/jimmy/ros2_ws/src/install/turtlesim/include/turtlesim/turtlesim
[19.529s] -- Up-to-date: /home/jimmy/ros2_ws/src/install/turtlesim/include/turtlesim/turtlesim/srv
[19.530s] -- Up-to-date: /home/jimmy/ros2_ws/src/install/turtlesim/include/turtlesim/turtlesim/srv/kill.h
[19.530s] -- Up-to-date: /home/jimmy/ros2_ws/src/install/turtlesim/include/turtlesim/turtlesim/srv/set_pen.h
[19.530s] -- Up-to-date: /home/jimmy/ros2_ws/src/install/turtlesim/include/turtlesim/turtlesim/srv/teleport_relative.h
[19.530s] -- Up-to-date: /home/jimmy/ros2_ws/src/install/turtlesim/include/turtlesim/turtlesim/srv/spawn.h
[19.530s] -- Up-to-date: /home/jimmy/ros2_ws/src/install/turtlesim/include/turtlesim/turtlesim/srv/detail
[19.530s] -- Up-to-date: /home/jimmy/ros2_ws/src/install/turtlesim/include/turtlesim/turtlesim/srv/detail/spawn__struct.h
[19.531s] -- Up-to-date: /home/jimmy/ros2_ws/src/install/turtlesim/include/turtlesim/turtlesim/srv/detail/teleport_absolute__functions.c
[19.531s] -- Up-to-date: /home/jimmy/ros2_ws/src/install/turtlesim/include/turtlesim/turtlesim/srv/detail/teleport_absolute__functions.h
[19.531s] -- Up-to-date: /home/jimmy/ros2_ws/src/install/turtlesim/include/turtlesim/turtlesim/srv/detail/set_pen__functions.h
[19.532s] -- Up-to-date: /home/jimmy/ros2_ws/src/install/turtlesim/include/turtlesim/turtlesim/srv/detail/teleport_relative__struct.h
[19.532s] -- Up-to-date: /home/jimmy/ros2_ws/src/install/turtlesim/include/turtlesim/turtlesim/srv/detail/set_pen__functions.c
[19.532s] -- Up-to-date: /home/jimmy/ros2_ws/src/install/turtlesim/include/turtlesim/turtlesim/srv/detail/teleport_relative__functions.h
[19.532s] -- Up-to-date: /home/jimmy/ros2_ws/src/install/turtlesim/include/turtlesim/turtlesim/srv/detail/set_pen__struct.h
[19.532s] -- Up-to-date: /home/jimmy/ros2_ws/src/install/turtlesim/include/turtlesim/turtlesim/srv/detail/teleport_relative__type_support.h
[19.532s] -- Up-to-date: /home/jimmy/ros2_ws/src/install/turtlesim/include/turtlesim/turtlesim/srv/detail/spawn__functions.h
[19.532s] -- Up-to-date: /home/jimmy/ros2_ws/src/install/turtlesim/include/turtlesim/turtlesim/srv/detail/kill__functions.c
[19.532s] -- Up-to-date: /home/jimmy/ros2_ws/src/install/turtlesim/include/turtlesim/turtlesim/srv/detail/kill__functions.h
[19.533s] -- Up-to-date: /home/jimmy/ros2_ws/src/install/turtlesim/include/turtlesim/turtlesim/srv/detail/teleport_absolute__type_support.h
[19.533s] -- Up-to-date: /home/jimmy/ros2_ws/src/install/turtlesim/include/turtlesim/turtlesim/srv/detail/teleport_absolute__struct.h
[19.533s] -- Up-to-date: /home/jimmy/ros2_ws/src/install/turtlesim/include/turtlesim/turtlesim/srv/detail/teleport_relative__functions.c
[19.533s] -- Up-to-date: /home/jimmy/ros2_ws/src/install/turtlesim/include/turtlesim/turtlesim/srv/detail/spawn__type_support.h
[19.533s] -- Up-to-date: /home/jimmy/ros2_ws/src/install/turtlesim/include/turtlesim/turtlesim/srv/detail/kill__type_support.h
[19.534s] -- Up-to-date: /home/jimmy/ros2_ws/src/install/turtlesim/include/turtlesim/turtlesim/srv/detail/kill__struct.h
[19.534s] -- Up-to-date: /home/jimmy/ros2_ws/src/install/turtlesim/include/turtlesim/turtlesim/srv/detail/spawn__functions.c
[19.534s] -- Up-to-date: /home/jimmy/ros2_ws/src/install/turtlesim/include/turtlesim/turtlesim/srv/detail/set_pen__type_support.h
[19.534s] -- Up-to-date: /home/jimmy/ros2_ws/src/install/turtlesim/include/turtlesim/turtlesim/srv/teleport_absolute.h
[19.534s] -- Up-to-date: /home/jimmy/ros2_ws/src/install/turtlesim/include/turtlesim/turtlesim/msg
[19.535s] -- Up-to-date: /home/jimmy/ros2_ws/src/install/turtlesim/include/turtlesim/turtlesim/msg/pose.h
[19.535s] -- Up-to-date: /home/jimmy/ros2_ws/src/install/turtlesim/include/turtlesim/turtlesim/msg/rosidl_generator_c__visibility_control.h
[19.535s] -- Up-to-date: /home/jimmy/ros2_ws/src/install/turtlesim/include/turtlesim/turtlesim/msg/color.h
[19.535s] -- Up-to-date: /home/jimmy/ros2_ws/src/install/turtlesim/include/turtlesim/turtlesim/msg/detail
[19.535s] -- Up-to-date: /home/jimmy/ros2_ws/src/install/turtlesim/include/turtlesim/turtlesim/msg/detail/pose__functions.c
[19.536s] -- Up-to-date: /home/jimmy/ros2_ws/src/install/turtlesim/include/turtlesim/turtlesim/msg/detail/color__functions.c
[19.536s] -- Up-to-date: /home/jimmy/ros2_ws/src/install/turtlesim/include/turtlesim/turtlesim/msg/detail/pose__type_support.h
[19.536s] -- Up-to-date: /home/jimmy/ros2_ws/src/install/turtlesim/include/turtlesim/turtlesim/msg/detail/color__struct.h
[19.536s] -- Up-to-date: /home/jimmy/ros2_ws/src/install/turtlesim/include/turtlesim/turtlesim/msg/detail/color__functions.h
[19.536s] -- Up-to-date: /home/jimmy/ros2_ws/src/install/turtlesim/include/turtlesim/turtlesim/msg/detail/pose__functions.h
[19.537s] -- Up-to-date: /home/jimmy/ros2_ws/src/install/turtlesim/include/turtlesim/turtlesim/msg/detail/pose__struct.h
[19.537s] -- Up-to-date: /home/jimmy/ros2_ws/src/install/turtlesim/include/turtlesim/turtlesim/msg/detail/color__type_support.h
[19.537s] -- Up-to-date: /home/jimmy/ros2_ws/src/install/turtlesim/include/turtlesim/turtlesim/action
[19.537s] -- Up-to-date: /home/jimmy/ros2_ws/src/install/turtlesim/include/turtlesim/turtlesim/action/rotate_absolute.h
[19.537s] -- Up-to-date: /home/jimmy/ros2_ws/src/install/turtlesim/include/turtlesim/turtlesim/action/detail
[19.537s] -- Up-to-date: /home/jimmy/ros2_ws/src/install/turtlesim/include/turtlesim/turtlesim/action/detail/rotate_absolute__struct.h
[19.537s] -- Up-to-date: /home/jimmy/ros2_ws/src/install/turtlesim/include/turtlesim/turtlesim/action/detail/rotate_absolute__functions.c
[19.537s] -- Up-to-date: /home/jimmy/ros2_ws/src/install/turtlesim/include/turtlesim/turtlesim/action/detail/rotate_absolute__functions.h
[19.538s] -- Up-to-date: /home/jimmy/ros2_ws/src/install/turtlesim/include/turtlesim/turtlesim/action/detail/rotate_absolute__type_support.h
[19.538s] -- Up-to-date: /home/jimmy/ros2_ws/src/install/turtlesim/share/turtlesim/environment/library_path.sh
[19.538s] -- Up-to-date: /home/jimmy/ros2_ws/src/install/turtlesim/share/turtlesim/environment/library_path.dsv
[19.538s] -- Up-to-date: /home/jimmy/ros2_ws/src/install/turtlesim/lib/libturtlesim__rosidl_generator_c.so
[19.538s] -- Up-to-date: /home/jimmy/ros2_ws/src/install/turtlesim/include/turtlesim/turtlesim
[19.538s] -- Up-to-date: /home/jimmy/ros2_ws/src/install/turtlesim/include/turtlesim/turtlesim/srv
[19.538s] -- Up-to-date: /home/jimmy/ros2_ws/src/install/turtlesim/include/turtlesim/turtlesim/srv/detail
[19.538s] -- Up-to-date: /home/jimmy/ros2_ws/src/install/turtlesim/include/turtlesim/turtlesim/srv/detail/teleport_absolute__rosidl_typesupport_fastrtps_c.h
[19.538s] -- Up-to-date: /home/jimmy/ros2_ws/src/install/turtlesim/include/turtlesim/turtlesim/srv/detail/spawn__rosidl_typesupport_fastrtps_c.h
[19.538s] -- Up-to-date: /home/jimmy/ros2_ws/src/install/turtlesim/include/turtlesim/turtlesim/srv/detail/kill__rosidl_typesupport_fastrtps_c.h
[19.538s] -- Up-to-date: /home/jimmy/ros2_ws/src/install/turtlesim/include/turtlesim/turtlesim/srv/detail/teleport_relative__rosidl_typesupport_fastrtps_c.h
[19.538s] -- Up-to-date: /home/jimmy/ros2_ws/src/install/turtlesim/include/turtlesim/turtlesim/srv/detail/set_pen__rosidl_typesupport_fastrtps_c.h
[19.539s] -- Up-to-date: /home/jimmy/ros2_ws/src/install/turtlesim/include/turtlesim/turtlesim/msg
[19.539s] -- Up-to-date: /home/jimmy/ros2_ws/src/install/turtlesim/include/turtlesim/turtlesim/msg/rosidl_typesupport_fastrtps_c__visibility_control.h
[19.539s] -- Up-to-date: /home/jimmy/ros2_ws/src/install/turtlesim/include/turtlesim/turtlesim/msg/detail
[19.539s] -- Up-to-date: /home/jimmy/ros2_ws/src/install/turtlesim/include/turtlesim/turtlesim/msg/detail/pose__rosidl_typesupport_fastrtps_c.h
[19.539s] -- Up-to-date: /home/jimmy/ros2_ws/src/install/turtlesim/include/turtlesim/turtlesim/msg/detail/color__rosidl_typesupport_fastrtps_c.h
[19.539s] -- Up-to-date: /home/jimmy/ros2_ws/src/install/turtlesim/include/turtlesim/turtlesim/action
[19.539s] -- Up-to-date: /home/jimmy/ros2_ws/src/install/turtlesim/include/turtlesim/turtlesim/action/detail
[19.539s] -- Up-to-date: /home/jimmy/ros2_ws/src/install/turtlesim/include/turtlesim/turtlesim/action/detail/rotate_absolute__rosidl_typesupport_fastrtps_c.h
[19.539s] -- Up-to-date: /home/jimmy/ros2_ws/src/install/turtlesim/lib/libturtlesim__rosidl_typesupport_fastrtps_c.so
[19.540s] -- Up-to-date: /home/jimmy/ros2_ws/src/install/turtlesim/include/turtlesim/turtlesim
[19.540s] -- Up-to-date: /home/jimmy/ros2_ws/src/install/turtlesim/include/turtlesim/turtlesim/srv
[19.540s] -- Up-to-date: /home/jimmy/ros2_ws/src/install/turtlesim/include/turtlesim/turtlesim/srv/spawn.hpp
[19.540s] -- Up-to-date: /home/jimmy/ros2_ws/src/install/turtlesim/include/turtlesim/turtlesim/srv/kill.hpp
[19.540s] -- Up-to-date: /home/jimmy/ros2_ws/src/install/turtlesim/include/turtlesim/turtlesim/srv/set_pen.hpp
[19.540s] -- Up-to-date: /home/jimmy/ros2_ws/src/install/turtlesim/include/turtlesim/turtlesim/srv/detail
[19.541s] -- Up-to-date: /home/jimmy/ros2_ws/src/install/turtlesim/include/turtlesim/turtlesim/srv/detail/kill__traits.hpp
[19.541s] -- Up-to-date: /home/jimmy/ros2_ws/src/install/turtlesim/include/turtlesim/turtlesim/srv/detail/spawn__struct.hpp
[19.541s] -- Up-to-date: /home/jimmy/ros2_ws/src/install/turtlesim/include/turtlesim/turtlesim/srv/detail/teleport_absolute__builder.hpp
[19.541s] -- Up-to-date: /home/jimmy/ros2_ws/src/install/turtlesim/include/turtlesim/turtlesim/srv/detail/set_pen__traits.hpp
[19.542s] -- Up-to-date: /home/jimmy/ros2_ws/src/install/turtlesim/include/turtlesim/turtlesim/srv/detail/spawn__traits.hpp
[19.542s] -- Up-to-date: /home/jimmy/ros2_ws/src/install/turtlesim/include/turtlesim/turtlesim/srv/detail/teleport_relative__struct.hpp
[19.542s] -- Up-to-date: /home/jimmy/ros2_ws/src/install/turtlesim/include/turtlesim/turtlesim/srv/detail/set_pen__builder.hpp
[19.542s] -- Up-to-date: /home/jimmy/ros2_ws/src/install/turtlesim/include/turtlesim/turtlesim/srv/detail/spawn__builder.hpp
[19.542s] -- Up-to-date: /home/jimmy/ros2_ws/src/install/turtlesim/include/turtlesim/turtlesim/srv/detail/teleport_absolute__traits.hpp
[19.543s] -- Up-to-date: /home/jimmy/ros2_ws/src/install/turtlesim/include/turtlesim/turtlesim/srv/detail/kill__struct.hpp
[19.543s] -- Up-to-date: /home/jimmy/ros2_ws/src/install/turtlesim/include/turtlesim/turtlesim/srv/detail/set_pen__struct.hpp
[19.543s] -- Up-to-date: /home/jimmy/ros2_ws/src/install/turtlesim/include/turtlesim/turtlesim/srv/detail/kill__builder.hpp
[19.544s] -- Up-to-date: /home/jimmy/ros2_ws/src/install/turtlesim/include/turtlesim/turtlesim/srv/detail/teleport_relative__traits.hpp
[19.544s] -- Up-to-date: /home/jimmy/ros2_ws/src/install/turtlesim/include/turtlesim/turtlesim/srv/detail/teleport_absolute__struct.hpp
[19.544s] -- Up-to-date: /home/jimmy/ros2_ws/src/install/turtlesim/include/turtlesim/turtlesim/srv/detail/teleport_relative__builder.hpp
[19.544s] -- Up-to-date: /home/jimmy/ros2_ws/src/install/turtlesim/include/turtlesim/turtlesim/srv/teleport_relative.hpp
[19.544s] -- Up-to-date: /home/jimmy/ros2_ws/src/install/turtlesim/include/turtlesim/turtlesim/srv/teleport_absolute.hpp
[19.544s] -- Up-to-date: /home/jimmy/ros2_ws/src/install/turtlesim/include/turtlesim/turtlesim/msg
[19.545s] -- Up-to-date: /home/jimmy/ros2_ws/src/install/turtlesim/include/turtlesim/turtlesim/msg/color.hpp
[19.545s] -- Up-to-date: /home/jimmy/ros2_ws/src/install/turtlesim/include/turtlesim/turtlesim/msg/pose.hpp
[19.545s] -- Up-to-date: /home/jimmy/ros2_ws/src/install/turtlesim/include/turtlesim/turtlesim/msg/detail
[19.545s] -- Up-to-date: /home/jimmy/ros2_ws/src/install/turtlesim/include/turtlesim/turtlesim/msg/detail/pose__builder.hpp
[19.545s] -- Up-to-date: /home/jimmy/ros2_ws/src/install/turtlesim/include/turtlesim/turtlesim/msg/detail/color__struct.hpp
[19.545s] -- Up-to-date: /home/jimmy/ros2_ws/src/install/turtlesim/include/turtlesim/turtlesim/msg/detail/color__traits.hpp
[19.545s] -- Up-to-date: /home/jimmy/ros2_ws/src/install/turtlesim/include/turtlesim/turtlesim/msg/detail/color__builder.hpp
[19.545s] -- Up-to-date: /home/jimmy/ros2_ws/src/install/turtlesim/include/turtlesim/turtlesim/msg/detail/pose__traits.hpp
[19.545s] -- Up-to-date: /home/jimmy/ros2_ws/src/install/turtlesim/include/turtlesim/turtlesim/msg/detail/pose__struct.hpp
[19.546s] -- Up-to-date: /home/jimmy/ros2_ws/src/install/turtlesim/include/turtlesim/turtlesim/action
[19.546s] -- Up-to-date: /home/jimmy/ros2_ws/src/install/turtlesim/include/turtlesim/turtlesim/action/rotate_absolute.hpp
[19.546s] -- Up-to-date: /home/jimmy/ros2_ws/src/install/turtlesim/include/turtlesim/turtlesim/action/detail
[19.546s] -- Up-to-date: /home/jimmy/ros2_ws/src/install/turtlesim/include/turtlesim/turtlesim/action/detail/rotate_absolute__traits.hpp
[19.546s] -- Up-to-date: /home/jimmy/ros2_ws/src/install/turtlesim/include/turtlesim/turtlesim/action/detail/rotate_absolute__builder.hpp
[19.546s] -- Up-to-date: /home/jimmy/ros2_ws/src/install/turtlesim/include/turtlesim/turtlesim/action/detail/rotate_absolute__struct.hpp
[19.546s] -- Up-to-date: /home/jimmy/ros2_ws/src/install/turtlesim/include/turtlesim/turtlesim
[19.546s] -- Up-to-date: /home/jimmy/ros2_ws/src/install/turtlesim/include/turtlesim/turtlesim/srv
[19.546s] -- Up-to-date: /home/jimmy/ros2_ws/src/install/turtlesim/include/turtlesim/turtlesim/srv/detail
[19.546s] -- Up-to-date: /home/jimmy/ros2_ws/src/install/turtlesim/include/turtlesim/turtlesim/srv/detail/spawn__rosidl_typesupport_fastrtps_cpp.hpp
[19.546s] -- Up-to-date: /home/jimmy/ros2_ws/src/install/turtlesim/include/turtlesim/turtlesim/srv/detail/dds_fastrtps
[19.547s] -- Up-to-date: /home/jimmy/ros2_ws/src/install/turtlesim/include/turtlesim/turtlesim/srv/detail/teleport_relative__rosidl_typesupport_fastrtps_cpp.hpp
[19.547s] -- Up-to-date: /home/jimmy/ros2_ws/src/install/turtlesim/include/turtlesim/turtlesim/srv/detail/kill__rosidl_typesupport_fastrtps_cpp.hpp
[19.547s] -- Up-to-date: /home/jimmy/ros2_ws/src/install/turtlesim/include/turtlesim/turtlesim/srv/detail/teleport_absolute__rosidl_typesupport_fastrtps_cpp.hpp
[19.547s] -- Up-to-date: /home/jimmy/ros2_ws/src/install/turtlesim/include/turtlesim/turtlesim/srv/detail/set_pen__rosidl_typesupport_fastrtps_cpp.hpp
[19.547s] -- Up-to-date: /home/jimmy/ros2_ws/src/install/turtlesim/include/turtlesim/turtlesim/msg
[19.547s] -- Up-to-date: /home/jimmy/ros2_ws/src/install/turtlesim/include/turtlesim/turtlesim/msg/rosidl_typesupport_fastrtps_cpp__visibility_control.h
[19.547s] -- Up-to-date: /home/jimmy/ros2_ws/src/install/turtlesim/include/turtlesim/turtlesim/msg/detail
[19.547s] -- Up-to-date: /home/jimmy/ros2_ws/src/install/turtlesim/include/turtlesim/turtlesim/msg/detail/dds_fastrtps
[19.547s] -- Up-to-date: /home/jimmy/ros2_ws/src/install/turtlesim/include/turtlesim/turtlesim/msg/detail/pose__rosidl_typesupport_fastrtps_cpp.hpp
[19.547s] -- Up-to-date: /home/jimmy/ros2_ws/src/install/turtlesim/include/turtlesim/turtlesim/msg/detail/color__rosidl_typesupport_fastrtps_cpp.hpp
[19.548s] -- Up-to-date: /home/jimmy/ros2_ws/src/install/turtlesim/include/turtlesim/turtlesim/action
[19.548s] -- Up-to-date: /home/jimmy/ros2_ws/src/install/turtlesim/include/turtlesim/turtlesim/action/detail
[19.548s] -- Up-to-date: /home/jimmy/ros2_ws/src/install/turtlesim/include/turtlesim/turtlesim/action/detail/dds_fastrtps
[19.548s] -- Up-to-date: /home/jimmy/ros2_ws/src/install/turtlesim/include/turtlesim/turtlesim/action/detail/rotate_absolute__rosidl_typesupport_fastrtps_cpp.hpp
[19.548s] -- Up-to-date: /home/jimmy/ros2_ws/src/install/turtlesim/lib/libturtlesim__rosidl_typesupport_fastrtps_cpp.so
[19.548s] -- Up-to-date: /home/jimmy/ros2_ws/src/install/turtlesim/include/turtlesim/turtlesim
[19.548s] -- Up-to-date: /home/jimmy/ros2_ws/src/install/turtlesim/include/turtlesim/turtlesim/srv
[19.548s] -- Up-to-date: /home/jimmy/ros2_ws/src/install/turtlesim/include/turtlesim/turtlesim/srv/detail
[19.548s] -- Up-to-date: /home/jimmy/ros2_ws/src/install/turtlesim/include/turtlesim/turtlesim/srv/detail/teleport_relative__rosidl_typesupport_introspection_c.h
[19.548s] -- Up-to-date: /home/jimmy/ros2_ws/src/install/turtlesim/include/turtlesim/turtlesim/srv/detail/teleport_relative__type_support.c
[19.548s] -- Up-to-date: /home/jimmy/ros2_ws/src/install/turtlesim/include/turtlesim/turtlesim/srv/detail/set_pen__type_support.c
[19.549s] -- Up-to-date: /home/jimmy/ros2_ws/src/install/turtlesim/include/turtlesim/turtlesim/srv/detail/teleport_absolute__type_support.c
[19.549s] -- Up-to-date: /home/jimmy/ros2_ws/src/install/turtlesim/include/turtlesim/turtlesim/srv/detail/spawn__rosidl_typesupport_introspection_c.h
[19.549s] -- Up-to-date: /home/jimmy/ros2_ws/src/install/turtlesim/include/turtlesim/turtlesim/srv/detail/teleport_absolute__rosidl_typesupport_introspection_c.h
[19.549s] -- Up-to-date: /home/jimmy/ros2_ws/src/install/turtlesim/include/turtlesim/turtlesim/srv/detail/kill__rosidl_typesupport_introspection_c.h
[19.549s] -- Up-to-date: /home/jimmy/ros2_ws/src/install/turtlesim/include/turtlesim/turtlesim/srv/detail/kill__type_support.c
[19.549s] -- Up-to-date: /home/jimmy/ros2_ws/src/install/turtlesim/include/turtlesim/turtlesim/srv/detail/spawn__type_support.c
[19.549s] -- Up-to-date: /home/jimmy/ros2_ws/src/install/turtlesim/include/turtlesim/turtlesim/srv/detail/set_pen__rosidl_typesupport_introspection_c.h
[19.550s] -- Up-to-date: /home/jimmy/ros2_ws/src/install/turtlesim/include/turtlesim/turtlesim/msg
[19.550s] -- Up-to-date: /home/jimmy/ros2_ws/src/install/turtlesim/include/turtlesim/turtlesim/msg/detail
[19.550s] -- Up-to-date: /home/jimmy/ros2_ws/src/install/turtlesim/include/turtlesim/turtlesim/msg/detail/color__rosidl_typesupport_introspection_c.h
[19.550s] -- Up-to-date: /home/jimmy/ros2_ws/src/install/turtlesim/include/turtlesim/turtlesim/msg/detail/color__type_support.c
[19.550s] -- Up-to-date: /home/jimmy/ros2_ws/src/install/turtlesim/include/turtlesim/turtlesim/msg/detail/pose__rosidl_typesupport_introspection_c.h
[19.550s] -- Up-to-date: /home/jimmy/ros2_ws/src/install/turtlesim/include/turtlesim/turtlesim/msg/detail/pose__type_support.c
[19.551s] -- Up-to-date: /home/jimmy/ros2_ws/src/install/turtlesim/include/turtlesim/turtlesim/msg/rosidl_typesupport_introspection_c__visibility_control.h
[19.551s] -- Up-to-date: /home/jimmy/ros2_ws/src/install/turtlesim/include/turtlesim/turtlesim/action
[19.551s] -- Up-to-date: /home/jimmy/ros2_ws/src/install/turtlesim/include/turtlesim/turtlesim/action/detail
[19.551s] -- Up-to-date: /home/jimmy/ros2_ws/src/install/turtlesim/include/turtlesim/turtlesim/action/detail/rotate_absolute__rosidl_typesupport_introspection_c.h
[19.551s] -- Up-to-date: /home/jimmy/ros2_ws/src/install/turtlesim/include/turtlesim/turtlesim/action/detail/rotate_absolute__type_support.c
[19.551s] -- Up-to-date: /home/jimmy/ros2_ws/src/install/turtlesim/lib/libturtlesim__rosidl_typesupport_introspection_c.so
[19.551s] -- Up-to-date: /home/jimmy/ros2_ws/src/install/turtlesim/lib/libturtlesim__rosidl_typesupport_c.so
[19.551s] -- Up-to-date: /home/jimmy/ros2_ws/src/install/turtlesim/include/turtlesim/turtlesim
[19.551s] -- Up-to-date: /home/jimmy/ros2_ws/src/install/turtlesim/include/turtlesim/turtlesim/srv
[19.551s] -- Up-to-date: /home/jimmy/ros2_ws/src/install/turtlesim/include/turtlesim/turtlesim/srv/detail
[19.552s] -- Up-to-date: /home/jimmy/ros2_ws/src/install/turtlesim/include/turtlesim/turtlesim/srv/detail/set_pen__rosidl_typesupport_introspection_cpp.hpp
[19.552s] -- Up-to-date: /home/jimmy/ros2_ws/src/install/turtlesim/include/turtlesim/turtlesim/srv/detail/spawn__rosidl_typesupport_introspection_cpp.hpp
[19.552s] -- Up-to-date: /home/jimmy/ros2_ws/src/install/turtlesim/include/turtlesim/turtlesim/srv/detail/teleport_absolute__rosidl_typesupport_introspection_cpp.hpp
[19.552s] -- Up-to-date: /home/jimmy/ros2_ws/src/install/turtlesim/include/turtlesim/turtlesim/srv/detail/teleport_absolute__type_support.cpp
[19.552s] -- Up-to-date: /home/jimmy/ros2_ws/src/install/turtlesim/include/turtlesim/turtlesim/srv/detail/teleport_relative__rosidl_typesupport_introspection_cpp.hpp
[19.552s] -- Up-to-date: /home/jimmy/ros2_ws/src/install/turtlesim/include/turtlesim/turtlesim/srv/detail/set_pen__type_support.cpp
[19.552s] -- Up-to-date: /home/jimmy/ros2_ws/src/install/turtlesim/include/turtlesim/turtlesim/srv/detail/kill__type_support.cpp
[19.552s] -- Up-to-date: /home/jimmy/ros2_ws/src/install/turtlesim/include/turtlesim/turtlesim/srv/detail/spawn__type_support.cpp
[19.552s] -- Up-to-date: /home/jimmy/ros2_ws/src/install/turtlesim/include/turtlesim/turtlesim/srv/detail/teleport_relative__type_support.cpp
[19.552s] -- Up-to-date: /home/jimmy/ros2_ws/src/install/turtlesim/include/turtlesim/turtlesim/srv/detail/kill__rosidl_typesupport_introspection_cpp.hpp
[19.553s] -- Up-to-date: /home/jimmy/ros2_ws/src/install/turtlesim/include/turtlesim/turtlesim/msg
[19.553s] -- Up-to-date: /home/jimmy/ros2_ws/src/install/turtlesim/include/turtlesim/turtlesim/msg/detail
[19.553s] -- Up-to-date: /home/jimmy/ros2_ws/src/install/turtlesim/include/turtlesim/turtlesim/msg/detail/color__type_support.cpp
[19.553s] -- Up-to-date: /home/jimmy/ros2_ws/src/install/turtlesim/include/turtlesim/turtlesim/msg/detail/color__rosidl_typesupport_introspection_cpp.hpp
[19.553s] -- Up-to-date: /home/jimmy/ros2_ws/src/install/turtlesim/include/turtlesim/turtlesim/msg/detail/pose__type_support.cpp
[19.553s] -- Up-to-date: /home/jimmy/ros2_ws/src/install/turtlesim/include/turtlesim/turtlesim/msg/detail/pose__rosidl_typesupport_introspection_cpp.hpp
[19.553s] -- Up-to-date: /home/jimmy/ros2_ws/src/install/turtlesim/include/turtlesim/turtlesim/action
[19.553s] -- Up-to-date: /home/jimmy/ros2_ws/src/install/turtlesim/include/turtlesim/turtlesim/action/detail
[19.553s] -- Up-to-date: /home/jimmy/ros2_ws/src/install/turtlesim/include/turtlesim/turtlesim/action/detail/rotate_absolute__rosidl_typesupport_introspection_cpp.hpp
[19.553s] -- Up-to-date: /home/jimmy/ros2_ws/src/install/turtlesim/include/turtlesim/turtlesim/action/detail/rotate_absolute__type_support.cpp
[19.554s] -- Up-to-date: /home/jimmy/ros2_ws/src/install/turtlesim/lib/libturtlesim__rosidl_typesupport_introspection_cpp.so
[19.554s] -- Up-to-date: /home/jimmy/ros2_ws/src/install/turtlesim/lib/libturtlesim__rosidl_typesupport_cpp.so
[19.554s] -- Up-to-date: /home/jimmy/ros2_ws/src/install/turtlesim/share/turtlesim/environment/pythonpath.sh
[19.554s] -- Up-to-date: /home/jimmy/ros2_ws/src/install/turtlesim/share/turtlesim/environment/pythonpath.dsv
[19.554s] -- Up-to-date: /home/jimmy/ros2_ws/src/install/turtlesim/local/lib/python3.10/dist-packages/turtlesim-1.4.2-py3.10.egg-info
[19.554s] -- Installing: /home/jimmy/ros2_ws/src/install/turtlesim/local/lib/python3.10/dist-packages/turtlesim-1.4.2-py3.10.egg-info/dependency_links.txt
[19.554s] -- Installing: /home/jimmy/ros2_ws/src/install/turtlesim/local/lib/python3.10/dist-packages/turtlesim-1.4.2-py3.10.egg-info/SOURCES.txt
[19.554s] -- Installing: /home/jimmy/ros2_ws/src/install/turtlesim/local/lib/python3.10/dist-packages/turtlesim-1.4.2-py3.10.egg-info/PKG-INFO
[19.554s] -- Installing: /home/jimmy/ros2_ws/src/install/turtlesim/local/lib/python3.10/dist-packages/turtlesim-1.4.2-py3.10.egg-info/top_level.txt
[19.554s] -- Up-to-date: /home/jimmy/ros2_ws/src/install/turtlesim/local/lib/python3.10/dist-packages/turtlesim
[19.555s] -- Up-to-date: /home/jimmy/ros2_ws/src/install/turtlesim/local/lib/python3.10/dist-packages/turtlesim/srv
[19.555s] -- Up-to-date: /home/jimmy/ros2_ws/src/install/turtlesim/local/lib/python3.10/dist-packages/turtlesim/srv/_set_pen.py
[19.555s] -- Up-to-date: /home/jimmy/ros2_ws/src/install/turtlesim/local/lib/python3.10/dist-packages/turtlesim/srv/_set_pen_s.c
[19.555s] -- Up-to-date: /home/jimmy/ros2_ws/src/install/turtlesim/local/lib/python3.10/dist-packages/turtlesim/srv/_spawn_s.c
[19.555s] -- Up-to-date: /home/jimmy/ros2_ws/src/install/turtlesim/local/lib/python3.10/dist-packages/turtlesim/srv/_teleport_relative_s.c
[19.555s] -- Up-to-date: /home/jimmy/ros2_ws/src/install/turtlesim/local/lib/python3.10/dist-packages/turtlesim/srv/__init__.py
[19.555s] -- Up-to-date: /home/jimmy/ros2_ws/src/install/turtlesim/local/lib/python3.10/dist-packages/turtlesim/srv/_spawn.py
[19.555s] -- Up-to-date: /home/jimmy/ros2_ws/src/install/turtlesim/local/lib/python3.10/dist-packages/turtlesim/srv/_teleport_relative.py
[19.555s] -- Up-to-date: /home/jimmy/ros2_ws/src/install/turtlesim/local/lib/python3.10/dist-packages/turtlesim/srv/_teleport_absolute_s.c
[19.555s] -- Up-to-date: /home/jimmy/ros2_ws/src/install/turtlesim/local/lib/python3.10/dist-packages/turtlesim/srv/_kill.py
[19.556s] -- Up-to-date: /home/jimmy/ros2_ws/src/install/turtlesim/local/lib/python3.10/dist-packages/turtlesim/srv/_teleport_absolute.py
[19.556s] -- Up-to-date: /home/jimmy/ros2_ws/src/install/turtlesim/local/lib/python3.10/dist-packages/turtlesim/srv/_kill_s.c
[19.556s] -- Up-to-date: /home/jimmy/ros2_ws/src/install/turtlesim/local/lib/python3.10/dist-packages/turtlesim/turtlesim_s__rosidl_typesupport_c.cpython-310-x86_64-linux-gnu.so
[19.556s] -- Up-to-date: /home/jimmy/ros2_ws/src/install/turtlesim/local/lib/python3.10/dist-packages/turtlesim/_turtlesim_s.ep.rosidl_typesupport_introspection_c.c
[19.556s] -- Up-to-date: /home/jimmy/ros2_ws/src/install/turtlesim/local/lib/python3.10/dist-packages/turtlesim/libturtlesim__rosidl_generator_py.so
[19.556s] -- Up-to-date: /home/jimmy/ros2_ws/src/install/turtlesim/local/lib/python3.10/dist-packages/turtlesim/_turtlesim_s.ep.rosidl_typesupport_c.c
[19.556s] -- Up-to-date: /home/jimmy/ros2_ws/src/install/turtlesim/local/lib/python3.10/dist-packages/turtlesim/turtlesim_s__rosidl_typesupport_introspection_c.cpython-310-x86_64-linux-gnu.so
[19.556s] -- Up-to-date: /home/jimmy/ros2_ws/src/install/turtlesim/local/lib/python3.10/dist-packages/turtlesim/__init__.py
[19.556s] -- Up-to-date: /home/jimmy/ros2_ws/src/install/turtlesim/local/lib/python3.10/dist-packages/turtlesim/_turtlesim_s.ep.rosidl_typesupport_fastrtps_c.c
[19.556s] -- Up-to-date: /home/jimmy/ros2_ws/src/install/turtlesim/local/lib/python3.10/dist-packages/turtlesim/msg
[19.557s] -- Up-to-date: /home/jimmy/ros2_ws/src/install/turtlesim/local/lib/python3.10/dist-packages/turtlesim/msg/_color_s.c
[19.557s] -- Up-to-date: /home/jimmy/ros2_ws/src/install/turtlesim/local/lib/python3.10/dist-packages/turtlesim/msg/_color.py
[19.557s] -- Up-to-date: /home/jimmy/ros2_ws/src/install/turtlesim/local/lib/python3.10/dist-packages/turtlesim/msg/__init__.py
[19.557s] -- Up-to-date: /home/jimmy/ros2_ws/src/install/turtlesim/local/lib/python3.10/dist-packages/turtlesim/msg/_pose_s.c
[19.557s] -- Up-to-date: /home/jimmy/ros2_ws/src/install/turtlesim/local/lib/python3.10/dist-packages/turtlesim/msg/_pose.py
[19.557s] -- Up-to-date: /home/jimmy/ros2_ws/src/install/turtlesim/local/lib/python3.10/dist-packages/turtlesim/action
[19.557s] -- Up-to-date: /home/jimmy/ros2_ws/src/install/turtlesim/local/lib/python3.10/dist-packages/turtlesim/action/_rotate_absolute.py
[19.557s] -- Up-to-date: /home/jimmy/ros2_ws/src/install/turtlesim/local/lib/python3.10/dist-packages/turtlesim/action/__init__.py
[19.557s] -- Up-to-date: /home/jimmy/ros2_ws/src/install/turtlesim/local/lib/python3.10/dist-packages/turtlesim/action/_rotate_absolute_s.c
[19.557s] -- Up-to-date: /home/jimmy/ros2_ws/src/install/turtlesim/local/lib/python3.10/dist-packages/turtlesim/turtlesim_s__rosidl_typesupport_fastrtps_c.cpython-310-x86_64-linux-gnu.so
[19.587s] Listing '/home/jimmy/ros2_ws/src/install/turtlesim/local/lib/python3.10/dist-packages/turtlesim'...
[19.587s] Listing '/home/jimmy/ros2_ws/src/install/turtlesim/local/lib/python3.10/dist-packages/turtlesim/action'...
[19.587s] Listing '/home/jimmy/ros2_ws/src/install/turtlesim/local/lib/python3.10/dist-packages/turtlesim/msg'...
[19.587s] Listing '/home/jimmy/ros2_ws/src/install/turtlesim/local/lib/python3.10/dist-packages/turtlesim/srv'...
[19.593s] -- Up-to-date: /home/jimmy/ros2_ws/src/install/turtlesim/local/lib/python3.10/dist-packages/turtlesim/turtlesim_s__rosidl_typesupport_fastrtps_c.cpython-310-x86_64-linux-gnu.so
[19.593s] -- Up-to-date: /home/jimmy/ros2_ws/src/install/turtlesim/local/lib/python3.10/dist-packages/turtlesim/turtlesim_s__rosidl_typesupport_introspection_c.cpython-310-x86_64-linux-gnu.so
[19.593s] -- Up-to-date: /home/jimmy/ros2_ws/src/install/turtlesim/local/lib/python3.10/dist-packages/turtlesim/turtlesim_s__rosidl_typesupport_c.cpython-310-x86_64-linux-gnu.so
[19.595s] -- Up-to-date: /home/jimmy/ros2_ws/src/install/turtlesim/lib/libturtlesim__rosidl_generator_py.so
[19.595s] -- Up-to-date: /home/jimmy/ros2_ws/src/install/turtlesim/share/turtlesim/action/RotateAbsolute.idl
[19.596s] -- Up-to-date: /home/jimmy/ros2_ws/src/install/turtlesim/share/turtlesim/msg/Color.idl
[19.596s] -- Up-to-date: /home/jimmy/ros2_ws/src/install/turtlesim/share/turtlesim/msg/Pose.idl
[19.596s] -- Up-to-date: /home/jimmy/ros2_ws/src/install/turtlesim/share/turtlesim/srv/Kill.idl
[19.596s] -- Up-to-date: /home/jimmy/ros2_ws/src/install/turtlesim/share/turtlesim/srv/SetPen.idl
[19.596s] -- Up-to-date: /home/jimmy/ros2_ws/src/install/turtlesim/share/turtlesim/srv/Spawn.idl
[19.596s] -- Up-to-date: /home/jimmy/ros2_ws/src/install/turtlesim/share/turtlesim/srv/TeleportAbsolute.idl
[19.596s] -- Up-to-date: /home/jimmy/ros2_ws/src/install/turtlesim/share/turtlesim/srv/TeleportRelative.idl
[19.596s] -- Up-to-date: /home/jimmy/ros2_ws/src/install/turtlesim/share/turtlesim/action/RotateAbsolute.action
[19.596s] -- Up-to-date: /home/jimmy/ros2_ws/src/install/turtlesim/share/turtlesim/msg/Color.msg
[19.597s] -- Up-to-date: /home/jimmy/ros2_ws/src/install/turtlesim/share/turtlesim/msg/Pose.msg
[19.597s] -- Up-to-date: /home/jimmy/ros2_ws/src/install/turtlesim/share/turtlesim/srv/Kill.srv
[19.598s] -- Up-to-date: /home/jimmy/ros2_ws/src/install/turtlesim/share/turtlesim/srv/Kill_Request.msg
[19.598s] -- Up-to-date: /home/jimmy/ros2_ws/src/install/turtlesim/share/turtlesim/srv/Kill_Response.msg
[19.598s] -- Up-to-date: /home/jimmy/ros2_ws/src/install/turtlesim/share/turtlesim/srv/SetPen.srv
[19.598s] -- Up-to-date: /home/jimmy/ros2_ws/src/install/turtlesim/share/turtlesim/srv/SetPen_Request.msg
[19.598s] -- Up-to-date: /home/jimmy/ros2_ws/src/install/turtlesim/share/turtlesim/srv/SetPen_Response.msg
[19.598s] -- Up-to-date: /home/jimmy/ros2_ws/src/install/turtlesim/share/turtlesim/srv/Spawn.srv
[19.599s] -- Up-to-date: /home/jimmy/ros2_ws/src/install/turtlesim/share/turtlesim/srv/Spawn_Request.msg
[19.599s] -- Up-to-date: /home/jimmy/ros2_ws/src/install/turtlesim/share/turtlesim/srv/Spawn_Response.msg
[19.599s] -- Up-to-date: /home/jimmy/ros2_ws/src/install/turtlesim/share/turtlesim/srv/TeleportAbsolute.srv
[19.599s] -- Up-to-date: /home/jimmy/ros2_ws/src/install/turtlesim/share/turtlesim/srv/TeleportAbsolute_Request.msg
[19.599s] -- Up-to-date: /home/jimmy/ros2_ws/src/install/turtlesim/share/turtlesim/srv/TeleportAbsolute_Response.msg
[19.599s] -- Up-to-date: /home/jimmy/ros2_ws/src/install/turtlesim/share/turtlesim/srv/TeleportRelative.srv
[19.599s] -- Up-to-date: /home/jimmy/ros2_ws/src/install/turtlesim/share/turtlesim/srv/TeleportRelative_Request.msg
[19.599s] -- Up-to-date: /home/jimmy/ros2_ws/src/install/turtlesim/share/turtlesim/srv/TeleportRelative_Response.msg
[19.599s] -- Installing: /home/jimmy/ros2_ws/src/install/turtlesim/lib/turtlesim/turtlesim_node
[19.617s] -- Set runtime path of "/home/jimmy/ros2_ws/src/install/turtlesim/lib/turtlesim/turtlesim_node" to ""
[19.617s] -- Up-to-date: /home/jimmy/ros2_ws/src/install/turtlesim/lib/turtlesim/turtle_teleop_key
[19.617s] -- Up-to-date: /home/jimmy/ros2_ws/src/install/turtlesim/lib/turtlesim/draw_square
[19.623s] -- Up-to-date: /home/jimmy/ros2_ws/src/install/turtlesim/lib/turtlesim/mimic
[19.623s] -- Up-to-date: /home/jimmy/ros2_ws/src/install/turtlesim/share/turtlesim/images
[19.623s] -- Up-to-date: /home/jimmy/ros2_ws/src/install/turtlesim/share/turtlesim/images/galactic.png
[19.623s] -- Up-to-date: /home/jimmy/ros2_ws/src/install/turtlesim/share/turtlesim/images/foxy.png
[19.623s] -- Up-to-date: /home/jimmy/ros2_ws/src/install/turtlesim/share/turtlesim/images/dashing.png
[19.623s] -- Up-to-date: /home/jimmy/ros2_ws/src/install/turtlesim/share/turtlesim/images/bouncy.png
[19.623s] -- Up-to-date: /home/jimmy/ros2_ws/src/install/turtlesim/share/turtlesim/images/crystal.png
[19.623s] -- Up-to-date: /home/jimmy/ros2_ws/src/install/turtlesim/share/turtlesim/images/humble.png
[19.623s] -- Up-to-date: /home/jimmy/ros2_ws/src/install/turtlesim/share/turtlesim/images/ardent.png
[19.623s] -- Up-to-date: /home/jimmy/ros2_ws/src/install/turtlesim/share/turtlesim/images/rolling.png
[19.623s] -- Up-to-date: /home/jimmy/ros2_ws/src/install/turtlesim/share/turtlesim/images/eloquent.png
[19.624s] -- Up-to-date: /home/jimmy/ros2_ws/src/install/turtlesim/share/turtlesim/launch
[19.624s] -- Up-to-date: /home/jimmy/ros2_ws/src/install/turtlesim/share/turtlesim/launch/multisim.launch.py
[19.624s] -- Up-to-date: /home/jimmy/ros2_ws/src/install/turtlesim/share/ament_index/resource_index/package_run_dependencies/turtlesim
[19.624s] -- Up-to-date: /home/jimmy/ros2_ws/src/install/turtlesim/share/ament_index/resource_index/parent_prefix_path/turtlesim
[19.624s] -- Up-to-date: /home/jimmy/ros2_ws/src/install/turtlesim/share/turtlesim/environment/ament_prefix_path.sh
[19.624s] -- Up-to-date: /home/jimmy/ros2_ws/src/install/turtlesim/share/turtlesim/environment/ament_prefix_path.dsv
[19.624s] -- Up-to-date: /home/jimmy/ros2_ws/src/install/turtlesim/share/turtlesim/environment/path.sh
[19.624s] -- Up-to-date: /home/jimmy/ros2_ws/src/install/turtlesim/share/turtlesim/environment/path.dsv
[19.624s] -- Up-to-date: /home/jimmy/ros2_ws/src/install/turtlesim/share/turtlesim/local_setup.bash
[19.624s] -- Up-to-date: /home/jimmy/ros2_ws/src/install/turtlesim/share/turtlesim/local_setup.sh
[19.625s] -- Up-to-date: /home/jimmy/ros2_ws/src/install/turtlesim/share/turtlesim/local_setup.zsh
[19.625s] -- Up-to-date: /home/jimmy/ros2_ws/src/install/turtlesim/share/turtlesim/local_setup.dsv
[19.628s] -- Installing: /home/jimmy/ros2_ws/src/install/turtlesim/share/turtlesim/package.dsv
[19.629s] -- Up-to-date: /home/jimmy/ros2_ws/src/install/turtlesim/share/ament_index/resource_index/packages/turtlesim
[19.629s] -- Up-to-date: /home/jimmy/ros2_ws/src/install/turtlesim/share/turtlesim/cmake/export_turtlesim__rosidl_generator_cExport.cmake
[19.629s] -- Up-to-date: /home/jimmy/ros2_ws/src/install/turtlesim/share/turtlesim/cmake/export_turtlesim__rosidl_generator_cExport-noconfig.cmake
[19.630s] -- Up-to-date: /home/jimmy/ros2_ws/src/install/turtlesim/share/turtlesim/cmake/export_turtlesim__rosidl_typesupport_fastrtps_cExport.cmake
[19.630s] -- Up-to-date: /home/jimmy/ros2_ws/src/install/turtlesim/share/turtlesim/cmake/export_turtlesim__rosidl_typesupport_fastrtps_cExport-noconfig.cmake
[19.630s] -- Up-to-date: /home/jimmy/ros2_ws/src/install/turtlesim/share/turtlesim/cmake/export_turtlesim__rosidl_generator_cppExport.cmake
[19.630s] -- Up-to-date: /home/jimmy/ros2_ws/src/install/turtlesim/share/turtlesim/cmake/export_turtlesim__rosidl_typesupport_fastrtps_cppExport.cmake
[19.630s] -- Up-to-date: /home/jimmy/ros2_ws/src/install/turtlesim/share/turtlesim/cmake/export_turtlesim__rosidl_typesupport_fastrtps_cppExport-noconfig.cmake
[19.630s] -- Up-to-date: /home/jimmy/ros2_ws/src/install/turtlesim/share/turtlesim/cmake/turtlesim__rosidl_typesupport_introspection_cExport.cmake
[19.630s] -- Up-to-date: /home/jimmy/ros2_ws/src/install/turtlesim/share/turtlesim/cmake/turtlesim__rosidl_typesupport_introspection_cExport-noconfig.cmake
[19.631s] -- Up-to-date: /home/jimmy/ros2_ws/src/install/turtlesim/share/turtlesim/cmake/turtlesim__rosidl_typesupport_cExport.cmake
[19.631s] -- Up-to-date: /home/jimmy/ros2_ws/src/install/turtlesim/share/turtlesim/cmake/turtlesim__rosidl_typesupport_cExport-noconfig.cmake
[19.631s] -- Up-to-date: /home/jimmy/ros2_ws/src/install/turtlesim/share/turtlesim/cmake/turtlesim__rosidl_typesupport_introspection_cppExport.cmake
[19.631s] -- Up-to-date: /home/jimmy/ros2_ws/src/install/turtlesim/share/turtlesim/cmake/turtlesim__rosidl_typesupport_introspection_cppExport-noconfig.cmake
[19.632s] -- Up-to-date: /home/jimmy/ros2_ws/src/install/turtlesim/share/turtlesim/cmake/turtlesim__rosidl_typesupport_cppExport.cmake
[19.633s] -- Up-to-date: /home/jimmy/ros2_ws/src/install/turtlesim/share/turtlesim/cmake/turtlesim__rosidl_typesupport_cppExport-noconfig.cmake
[19.634s] -- Up-to-date: /home/jimmy/ros2_ws/src/install/turtlesim/share/turtlesim/cmake/export_turtlesim__rosidl_generator_pyExport.cmake
[19.634s] -- Up-to-date: /home/jimmy/ros2_ws/src/install/turtlesim/share/turtlesim/cmake/export_turtlesim__rosidl_generator_pyExport-noconfig.cmake
[19.634s] -- Up-to-date: /home/jimmy/ros2_ws/src/install/turtlesim/share/turtlesim/cmake/rosidl_cmake-extras.cmake
[19.634s] -- Up-to-date: /home/jimmy/ros2_ws/src/install/turtlesim/share/turtlesim/cmake/ament_cmake_export_dependencies-extras.cmake
[19.634s] -- Up-to-date: /home/jimmy/ros2_ws/src/install/turtlesim/share/turtlesim/cmake/ament_cmake_export_include_directories-extras.cmake
[19.634s] -- Up-to-date: /home/jimmy/ros2_ws/src/install/turtlesim/share/turtlesim/cmake/ament_cmake_export_libraries-extras.cmake
[19.634s] -- Up-to-date: /home/jimmy/ros2_ws/src/install/turtlesim/share/turtlesim/cmake/ament_cmake_export_targets-extras.cmake
[19.634s] -- Up-to-date: /home/jimmy/ros2_ws/src/install/turtlesim/share/turtlesim/cmake/rosidl_cmake_export_typesupport_targets-extras.cmake
[19.634s] -- Up-to-date: /home/jimmy/ros2_ws/src/install/turtlesim/share/turtlesim/cmake/rosidl_cmake_export_typesupport_libraries-extras.cmake
[19.634s] -- Up-to-date: /home/jimmy/ros2_ws/src/install/turtlesim/share/turtlesim/cmake/turtlesimConfig.cmake
[19.635s] -- Up-to-date: /home/jimmy/ros2_ws/src/install/turtlesim/share/turtlesim/cmake/turtlesimConfig-version.cmake
[19.635s] -- Up-to-date: /home/jimmy/ros2_ws/src/install/turtlesim/share/turtlesim/package.xml
[19.635s] Invoked command in '/home/jimmy/ros2_ws/src/build/turtlesim' returned '0': CMAKE_PREFIX_PATH=/opt/ros/humble /usr/bin/cmake --install /home/jimmy/ros2_ws/src/build/turtlesim
