[0.023s] Invoking command in '/home/jimmy/ros2_ws/src/build/turtlesim': CMAKE_PREFIX_PATH=/opt/ros/humble /usr/bin/cmake /home/jimmy/ros2_ws/src/ros_tutorials/turtlesim -DCMAKE_INSTALL_PREFIX=/home/jimmy/ros2_ws/src/install/turtlesim
[0.204s] -- The C compiler identification is GNU 11.4.0
[0.321s] -- The CXX compiler identification is GNU 11.4.0
[0.338s] -- Detecting C compiler ABI info
[0.426s] -- Detecting C compiler ABI info - done
[0.433s] -- Check for working C compiler: /usr/bin/cc - skipped
[0.434s] -- Detecting C compile features
[0.435s] -- Detecting C compile features - done
[0.439s] -- Detecting CXX compiler ABI info
[0.566s] -- Detecting CXX compiler ABI info - done
[0.574s] -- Check for working CXX compiler: /usr/bin/c++ - skipped
[0.575s] -- Detecting CXX compile features
[0.576s] -- Detecting CXX compile features - done
[0.581s] -- Found ament_cmake: 1.3.9 (/opt/ros/humble/share/ament_cmake/cmake)
[0.759s] -- Found Python3: /usr/bin/python3 (found version "3.10.12") found components: Interpreter 
[0.860s] -- Found ament_index_cpp: 1.4.0 (/opt/ros/humble/share/ament_index_cpp/cmake)
[0.862s] -- Found geometry_msgs: 4.2.4 (/opt/ros/humble/share/geometry_msgs/cmake)
[0.908s] -- Found rosidl_generator_c: 3.1.5 (/opt/ros/humble/share/rosidl_generator_c/cmake)
[0.914s] -- Found rosidl_adapter: 3.1.5 (/opt/ros/humble/share/rosidl_adapter/cmake)
[0.924s] -- Found rosidl_generator_cpp: 3.1.5 (/opt/ros/humble/share/rosidl_generator_cpp/cmake)
[0.949s] -- Using all available rosidl_typesupport_c: rosidl_typesupport_fastrtps_c;rosidl_typesupport_introspection_c
[0.970s] -- Using all available rosidl_typesupport_cpp: rosidl_typesupport_fastrtps_cpp;rosidl_typesupport_introspection_cpp
[1.153s] -- Found rclcpp: 16.0.9 (/opt/ros/humble/share/rclcpp/cmake)
[1.230s] -- Found rmw_implementation_cmake: 6.1.2 (/opt/ros/humble/share/rmw_implementation_cmake/cmake)
[1.234s] -- Found rmw_fastrtps_cpp: 6.2.6 (/opt/ros/humble/share/rmw_fastrtps_cpp/cmake)
[1.377s] -- Found OpenSSL: /usr/lib/x86_64-linux-gnu/libcrypto.so (found version "3.0.2")  
[1.398s] -- Found FastRTPS: /opt/ros/humble/include  
[1.453s] -- Using RMW implementation 'rmw_fastrtps_cpp' as default
[1.464s] -- Looking for pthread.h
[1.581s] -- Looking for pthread.h - found
[1.581s] -- Performing Test CMAKE_HAVE_LIBC_PTHREAD
[1.689s] -- Performing Test CMAKE_HAVE_LIBC_PTHREAD - Success
[1.690s] -- Found Threads: TRUE  
[1.858s] -- Found rclcpp_action: 16.0.9 (/opt/ros/humble/share/rclcpp_action/cmake)
[1.975s] -- Found rosidl_default_generators: 1.2.0 (/opt/ros/humble/share/rosidl_default_generators/cmake)
[1.985s] -- Found std_srvs: 4.2.4 (/opt/ros/humble/share/std_srvs/cmake)
[2.370s] -- Found ament_cmake_ros: 0.10.0 (/opt/ros/humble/share/ament_cmake_ros/cmake)
[2.757s] -- Using all available rosidl_typesupport_c: rosidl_typesupport_fastrtps_c;rosidl_typesupport_introspection_c
[2.901s] -- Using all available rosidl_typesupport_cpp: rosidl_typesupport_fastrtps_cpp;rosidl_typesupport_introspection_cpp
[2.924s] -- Found PythonInterp: /usr/bin/python3 (found suitable version "3.10.12", minimum required is "3.6") 
[2.926s] -- Found python_cmake_module: 0.10.0 (/opt/ros/humble/share/python_cmake_module/cmake)
[2.963s] -- Found PythonLibs: /usr/lib/x86_64-linux-gnu/libpython3.10.so (found suitable version "3.10.12", minimum required is "3.5") 
[2.963s] -- Using PYTHON_EXECUTABLE: /usr/bin/python3
[2.963s] -- Using PYTHON_INCLUDE_DIRS: /usr/include/python3.10
[2.963s] -- Using PYTHON_LIBRARIES: /usr/lib/x86_64-linux-gnu/libpython3.10.so
[2.978s] -- Found PythonExtra: .so  
[3.031s] -- Configuring done
[3.115s] -- Generating done
[3.115s] -- Build files have been written to: /home/jimmy/ros2_ws/src/build/turtlesim
[3.135s] Invoked command in '/home/jimmy/ros2_ws/src/build/turtlesim' returned '0': CMAKE_PREFIX_PATH=/opt/ros/humble /usr/bin/cmake /home/jimmy/ros2_ws/src/ros_tutorials/turtlesim -DCMAKE_INSTALL_PREFIX=/home/jimmy/ros2_ws/src/install/turtlesim
[3.136s] Invoking command in '/home/jimmy/ros2_ws/src/build/turtlesim': CMAKE_PREFIX_PATH=/opt/ros/humble /usr/bin/cmake --build /home/jimmy/ros2_ws/src/build/turtlesim -- -j8 -l8
[3.203s] [  1%] [34m[1mGenerating C code for ROS interfaces[0m
[3.222s] [  2%] [34m[1mGenerating C++ code for ROS interfaces[0m
[3.236s] [  2%] Built target ament_cmake_python_copy_turtlesim
[3.612s] running egg_info
[3.613s] creating turtlesim.egg-info
[3.613s] writing turtlesim.egg-info/PKG-INFO
[3.613s] writing dependency_links to turtlesim.egg-info/dependency_links.txt
[3.614s] writing top-level names to turtlesim.egg-info/top_level.txt
[3.614s] writing manifest file 'turtlesim.egg-info/SOURCES.txt'
[3.620s] reading manifest file 'turtlesim.egg-info/SOURCES.txt'
[3.621s] writing manifest file 'turtlesim.egg-info/SOURCES.txt'
[3.654s] [  2%] Built target ament_cmake_python_build_turtlesim_egg
[4.390s] [  2%] Built target turtlesim__cpp
[4.415s] [  3%] [34m[1mGenerating C++ type support dispatch for ROS interfaces[0m
[4.429s] [  4%] [34m[1mGenerating C++ type support for eProsima Fast-RTPS[0m
[4.439s] [  5%] [34m[1mGenerating C++ introspection for ROS interfaces[0m
[4.496s] [  6%] [32mBuilding C object CMakeFiles/turtlesim__rosidl_generator_c.dir/rosidl_generator_c/turtlesim/action/detail/rotate_absolute__functions.c.o[0m
[4.520s] [  7%] [32mBuilding C object CMakeFiles/turtlesim__rosidl_generator_c.dir/rosidl_generator_c/turtlesim/msg/detail/color__functions.c.o[0m
[4.572s] [  8%] [32mBuilding C object CMakeFiles/turtlesim__rosidl_generator_c.dir/rosidl_generator_c/turtlesim/msg/detail/pose__functions.c.o[0m
[4.572s] [  9%] [32mBuilding C object CMakeFiles/turtlesim__rosidl_generator_c.dir/rosidl_generator_c/turtlesim/srv/detail/set_pen__functions.c.o[0m
[4.575s] [ 10%] [32mBuilding C object CMakeFiles/turtlesim__rosidl_generator_c.dir/rosidl_generator_c/turtlesim/srv/detail/kill__functions.c.o[0m
[4.898s] [ 11%] [32mBuilding C object CMakeFiles/turtlesim__rosidl_generator_c.dir/rosidl_generator_c/turtlesim/srv/detail/teleport_absolute__functions.c.o[0m
[4.898s] [ 12%] [32mBuilding C object CMakeFiles/turtlesim__rosidl_generator_c.dir/rosidl_generator_c/turtlesim/srv/detail/spawn__functions.c.o[0m
[4.899s] [ 13%] [32mBuilding C object CMakeFiles/turtlesim__rosidl_generator_c.dir/rosidl_generator_c/turtlesim/srv/detail/teleport_relative__functions.c.o[0m
[5.089s] [ 14%] [32m[1mLinking C shared library libturtlesim__rosidl_generator_c.so[0m
[5.258s] [ 15%] [32mBuilding CXX object CMakeFiles/turtlesim__rosidl_typesupport_cpp.dir/rosidl_typesupport_cpp/turtlesim/action/rotate_absolute__type_support.cpp.o[0m
[5.285s] [ 15%] Built target turtlesim__rosidl_generator_c
[5.286s] [ 16%] [32mBuilding CXX object CMakeFiles/turtlesim__rosidl_typesupport_cpp.dir/rosidl_typesupport_cpp/turtlesim/msg/color__type_support.cpp.o[0m
[5.303s] [ 17%] [32mBuilding CXX object CMakeFiles/turtlesim__rosidl_typesupport_cpp.dir/rosidl_typesupport_cpp/turtlesim/msg/pose__type_support.cpp.o[0m
[5.314s] [ 18%] [34m[1mGenerating C type support for eProsima Fast-RTPS[0m
[5.314s] [ 19%] [32mBuilding CXX object CMakeFiles/turtlesim__rosidl_typesupport_cpp.dir/rosidl_typesupport_cpp/turtlesim/srv/kill__type_support.cpp.o[0m
[5.314s] [ 20%] [34m[1mGenerating C introspection for ROS interfaces[0m
[5.686s] [ 21%] [32mBuilding CXX object CMakeFiles/turtlesim__rosidl_typesupport_introspection_cpp.dir/rosidl_typesupport_introspection_cpp/turtlesim/action/detail/rotate_absolute__type_support.cpp.o[0m
[5.803s] [ 22%] [32mBuilding CXX object CMakeFiles/turtlesim__rosidl_typesupport_fastrtps_cpp.dir/rosidl_typesupport_fastrtps_cpp/turtlesim/action/detail/dds_fastrtps/rotate_absolute__type_support.cpp.o[0m
[6.346s] [ 23%] [32mBuilding CXX object CMakeFiles/turtlesim__rosidl_typesupport_cpp.dir/rosidl_typesupport_cpp/turtlesim/srv/set_pen__type_support.cpp.o[0m
[6.360s] [ 24%] [32mBuilding CXX object CMakeFiles/turtlesim__rosidl_typesupport_cpp.dir/rosidl_typesupport_cpp/turtlesim/srv/spawn__type_support.cpp.o[0m
[6.363s] [ 25%] [34m[1mGenerating C type support dispatch for ROS interfaces[0m
[7.012s] [ 26%] [32mBuilding CXX object CMakeFiles/turtlesim__rosidl_typesupport_fastrtps_c.dir/rosidl_typesupport_fastrtps_c/turtlesim/action/detail/rotate_absolute__type_support_c.cpp.o[0m
[7.055s] [ 27%] [32mBuilding CXX object CMakeFiles/turtlesim__rosidl_typesupport_cpp.dir/rosidl_typesupport_cpp/turtlesim/srv/teleport_relative__type_support.cpp.o[0m
[7.127s] [ 28%] [32mBuilding CXX object CMakeFiles/turtlesim__rosidl_typesupport_cpp.dir/rosidl_typesupport_cpp/turtlesim/srv/teleport_absolute__type_support.cpp.o[0m
[7.132s] [ 29%] [32mBuilding C object CMakeFiles/turtlesim__rosidl_typesupport_introspection_c.dir/rosidl_typesupport_introspection_c/turtlesim/action/detail/rotate_absolute__type_support.c.o[0m
[7.400s] [ 30%] [32mBuilding CXX object CMakeFiles/turtlesim__rosidl_typesupport_fastrtps_cpp.dir/rosidl_typesupport_fastrtps_cpp/turtlesim/msg/detail/dds_fastrtps/color__type_support.cpp.o[0m
[7.664s] [ 31%] [32mBuilding C object CMakeFiles/turtlesim__rosidl_typesupport_introspection_c.dir/rosidl_typesupport_introspection_c/turtlesim/msg/detail/color__type_support.c.o[0m
[7.823s] [ 32%] [32mBuilding CXX object CMakeFiles/turtlesim__rosidl_typesupport_c.dir/rosidl_typesupport_c/turtlesim/action/rotate_absolute__type_support.cpp.o[0m
[7.930s] [ 33%] [32mBuilding CXX object CMakeFiles/turtlesim__rosidl_typesupport_introspection_cpp.dir/rosidl_typesupport_introspection_cpp/turtlesim/msg/detail/color__type_support.cpp.o[0m
[7.932s] [ 34%] [32m[1mLinking CXX shared library libturtlesim__rosidl_typesupport_cpp.so[0m
[7.956s] [ 35%] [32mBuilding C object CMakeFiles/turtlesim__rosidl_typesupport_introspection_c.dir/rosidl_typesupport_introspection_c/turtlesim/msg/detail/pose__type_support.c.o[0m
[8.002s] [ 36%] [32mBuilding CXX object CMakeFiles/turtlesim__rosidl_typesupport_introspection_cpp.dir/rosidl_typesupport_introspection_cpp/turtlesim/msg/detail/pose__type_support.cpp.o[0m
[8.073s] [ 37%] [32mBuilding C object CMakeFiles/turtlesim__rosidl_typesupport_introspection_c.dir/rosidl_typesupport_introspection_c/turtlesim/srv/detail/kill__type_support.c.o[0m
[8.176s] [ 38%] [32mBuilding CXX object CMakeFiles/turtlesim__rosidl_typesupport_c.dir/rosidl_typesupport_c/turtlesim/msg/color__type_support.cpp.o[0m
[8.279s] [ 39%] [32mBuilding C object CMakeFiles/turtlesim__rosidl_typesupport_introspection_c.dir/rosidl_typesupport_introspection_c/turtlesim/srv/detail/set_pen__type_support.c.o[0m
[8.360s] [ 40%] [32mBuilding CXX object CMakeFiles/turtlesim__rosidl_typesupport_fastrtps_cpp.dir/rosidl_typesupport_fastrtps_cpp/turtlesim/msg/detail/dds_fastrtps/pose__type_support.cpp.o[0m
[8.360s] [ 41%] [32mBuilding CXX object CMakeFiles/turtlesim__rosidl_typesupport_fastrtps_c.dir/rosidl_typesupport_fastrtps_c/turtlesim/msg/detail/color__type_support_c.cpp.o[0m
[8.361s] [ 41%] Built target turtlesim__rosidl_typesupport_cpp
[8.362s] [ 42%] [32mBuilding CXX object CMakeFiles/turtlesim__rosidl_typesupport_c.dir/rosidl_typesupport_c/turtlesim/msg/pose__type_support.cpp.o[0m
[8.381s] [ 43%] [32mBuilding C object CMakeFiles/turtlesim__rosidl_typesupport_introspection_c.dir/rosidl_typesupport_introspection_c/turtlesim/srv/detail/spawn__type_support.c.o[0m
[8.397s] [ 44%] [32mBuilding CXX object CMakeFiles/turtlesim__rosidl_typesupport_c.dir/rosidl_typesupport_c/turtlesim/srv/kill__type_support.cpp.o[0m
[8.522s] [ 45%] [32mBuilding CXX object CMakeFiles/turtlesim__rosidl_typesupport_fastrtps_cpp.dir/rosidl_typesupport_fastrtps_cpp/turtlesim/srv/detail/dds_fastrtps/kill__type_support.cpp.o[0m
[8.562s] [ 46%] [32mBuilding C object CMakeFiles/turtlesim__rosidl_typesupport_introspection_c.dir/rosidl_typesupport_introspection_c/turtlesim/srv/detail/teleport_absolute__type_support.c.o[0m
[8.563s] [ 47%] [32mBuilding CXX object CMakeFiles/turtlesim__rosidl_typesupport_c.dir/rosidl_typesupport_c/turtlesim/srv/set_pen__type_support.cpp.o[0m
[8.686s] [ 48%] [32mBuilding CXX object CMakeFiles/turtlesim__rosidl_typesupport_c.dir/rosidl_typesupport_c/turtlesim/srv/spawn__type_support.cpp.o[0m
[8.686s] [ 49%] [32mBuilding CXX object CMakeFiles/turtlesim__rosidl_typesupport_c.dir/rosidl_typesupport_c/turtlesim/srv/teleport_absolute__type_support.cpp.o[0m
[8.815s] [ 50%] [32mBuilding C object CMakeFiles/turtlesim__rosidl_typesupport_introspection_c.dir/rosidl_typesupport_introspection_c/turtlesim/srv/detail/teleport_relative__type_support.c.o[0m
[8.869s] [ 51%] [32mBuilding CXX object CMakeFiles/turtlesim__rosidl_typesupport_c.dir/rosidl_typesupport_c/turtlesim/srv/teleport_relative__type_support.cpp.o[0m
[8.974s] [ 52%] [32mBuilding CXX object CMakeFiles/turtlesim__rosidl_typesupport_fastrtps_cpp.dir/rosidl_typesupport_fastrtps_cpp/turtlesim/srv/detail/dds_fastrtps/set_pen__type_support.cpp.o[0m
[8.975s] [ 54%] [32m[1mLinking C shared library libturtlesim__rosidl_typesupport_introspection_c.so[0m
[8.975s] [ 54%] [32m[1mLinking CXX shared library libturtlesim__rosidl_typesupport_c.so[0m
[8.980s] [ 55%] [32mBuilding CXX object CMakeFiles/turtlesim__rosidl_typesupport_introspection_cpp.dir/rosidl_typesupport_introspection_cpp/turtlesim/srv/detail/kill__type_support.cpp.o[0m
[9.040s] [ 56%] [32mBuilding CXX object CMakeFiles/turtlesim__rosidl_typesupport_introspection_cpp.dir/rosidl_typesupport_introspection_cpp/turtlesim/srv/detail/set_pen__type_support.cpp.o[0m
[9.239s] [ 56%] Built target turtlesim__rosidl_typesupport_c
[9.328s] [ 57%] [32mBuilding CXX object CMakeFiles/turtlesim__rosidl_typesupport_fastrtps_c.dir/rosidl_typesupport_fastrtps_c/turtlesim/msg/detail/pose__type_support_c.cpp.o[0m
[9.388s] [ 58%] [32mBuilding CXX object CMakeFiles/turtlesim__rosidl_typesupport_fastrtps_cpp.dir/rosidl_typesupport_fastrtps_cpp/turtlesim/srv/detail/dds_fastrtps/spawn__type_support.cpp.o[0m
[9.437s] [ 58%] Built target turtlesim__rosidl_typesupport_introspection_c
[9.437s] [ 59%] [34m[1mGenerating include/turtlesim/moc_turtle_frame.cpp[0m
[9.565s] [ 60%] [32mBuilding CXX object CMakeFiles/turtle_teleop_key.dir/tutorials/teleop_turtle_key.cpp.o[0m
[9.598s] [ 61%] [32mBuilding CXX object CMakeFiles/turtlesim__rosidl_typesupport_fastrtps_cpp.dir/rosidl_typesupport_fastrtps_cpp/turtlesim/srv/detail/dds_fastrtps/teleport_absolute__type_support.cpp.o[0m
[9.910s] [ 62%] [32mBuilding CXX object CMakeFiles/turtlesim__rosidl_typesupport_introspection_cpp.dir/rosidl_typesupport_introspection_cpp/turtlesim/srv/detail/spawn__type_support.cpp.o[0m
[9.981s] [ 63%] [32mBuilding CXX object CMakeFiles/turtlesim__rosidl_typesupport_fastrtps_cpp.dir/rosidl_typesupport_fastrtps_cpp/turtlesim/srv/detail/dds_fastrtps/teleport_relative__type_support.cpp.o[0m
[10.109s] [ 64%] [32mBuilding CXX object CMakeFiles/turtlesim__rosidl_typesupport_fastrtps_c.dir/rosidl_typesupport_fastrtps_c/turtlesim/srv/detail/kill__type_support_c.cpp.o[0m
[10.175s] [ 65%] [32mBuilding CXX object CMakeFiles/turtlesim__rosidl_typesupport_introspection_cpp.dir/rosidl_typesupport_introspection_cpp/turtlesim/srv/detail/teleport_absolute__type_support.cpp.o[0m
[10.449s] [ 66%] [32mBuilding CXX object CMakeFiles/turtlesim__rosidl_typesupport_introspection_cpp.dir/rosidl_typesupport_introspection_cpp/turtlesim/srv/detail/teleport_relative__type_support.cpp.o[0m
[10.900s] [ 67%] [32mBuilding CXX object CMakeFiles/draw_square.dir/tutorials/draw_square.cpp.o[0m
[10.920s] [ 68%] [32mBuilding CXX object CMakeFiles/turtlesim__rosidl_typesupport_fastrtps_c.dir/rosidl_typesupport_fastrtps_c/turtlesim/srv/detail/set_pen__type_support_c.cpp.o[0m
[11.049s] [ 69%] [32m[1mLinking CXX shared library libturtlesim__rosidl_typesupport_fastrtps_cpp.so[0m
[11.075s] [ 70%] [32mBuilding CXX object CMakeFiles/turtlesim__rosidl_typesupport_fastrtps_c.dir/rosidl_typesupport_fastrtps_c/turtlesim/srv/detail/spawn__type_support_c.cpp.o[0m
[11.144s] [ 71%] [32mBuilding CXX object CMakeFiles/turtlesim__rosidl_typesupport_fastrtps_c.dir/rosidl_typesupport_fastrtps_c/turtlesim/srv/detail/teleport_absolute__type_support_c.cpp.o[0m
[11.272s] [ 72%] [32m[1mLinking CXX shared library libturtlesim__rosidl_typesupport_introspection_cpp.so[0m
[11.523s] [ 72%] Built target turtlesim__rosidl_typesupport_fastrtps_cpp
[11.582s] [ 72%] Built target turtlesim__rosidl_typesupport_introspection_cpp
[11.610s] [ 73%] [32mBuilding CXX object CMakeFiles/turtlesim__rosidl_typesupport_fastrtps_c.dir/rosidl_typesupport_fastrtps_c/turtlesim/srv/detail/teleport_relative__type_support_c.cpp.o[0m
[11.626s] [ 74%] [32mBuilding CXX object CMakeFiles/mimic.dir/tutorials/mimic.cpp.o[0m
[11.746s] [ 75%] [32mBuilding CXX object CMakeFiles/turtlesim_node.dir/src/turtlesim.cpp.o[0m
[11.748s] [ 76%] [32mBuilding CXX object CMakeFiles/turtlesim_node.dir/src/turtle.cpp.o[0m
[11.763s] [ 77%] [32mBuilding CXX object CMakeFiles/turtlesim_node.dir/src/turtle_frame.cpp.o[0m
[11.807s] [ 78%] [32mBuilding CXX object CMakeFiles/turtlesim_node.dir/include/turtlesim/moc_turtle_frame.cpp.o[0m
[12.272s] [ 79%] [32m[1mLinking CXX shared library libturtlesim__rosidl_typesupport_fastrtps_c.so[0m
[12.518s] [ 79%] Built target turtlesim__rosidl_typesupport_fastrtps_c
[12.575s] [ 79%] Built target turtlesim
[12.616s] [ 80%] [34m[1mGenerating Python code for ROS interfaces[0m
[18.263s] [ 80%] Built target turtlesim__py
[18.468s] [ 81%] [32mBuilding C object CMakeFiles/turtlesim__rosidl_generator_py.dir/rosidl_generator_py/turtlesim/action/_rotate_absolute_s.c.o[0m
[23.422s] [ 82%] [32mBuilding C object CMakeFiles/turtlesim__rosidl_generator_py.dir/rosidl_generator_py/turtlesim/msg/_color_s.c.o[0m
[27.405s] [ 83%] [32mBuilding C object CMakeFiles/turtlesim__rosidl_generator_py.dir/rosidl_generator_py/turtlesim/msg/_pose_s.c.o[0m
[28.451s] [ 84%] [32mBuilding C object CMakeFiles/turtlesim__rosidl_generator_py.dir/rosidl_generator_py/turtlesim/srv/_kill_s.c.o[0m
[30.340s] [ 85%] [32mBuilding C object CMakeFiles/turtlesim__rosidl_generator_py.dir/rosidl_generator_py/turtlesim/srv/_set_pen_s.c.o[0m
[31.743s] [ 86%] [32mBuilding C object CMakeFiles/turtlesim__rosidl_generator_py.dir/rosidl_generator_py/turtlesim/srv/_spawn_s.c.o[0m
[32.759s] [ 87%] [32mBuilding C object CMakeFiles/turtlesim__rosidl_generator_py.dir/rosidl_generator_py/turtlesim/srv/_teleport_absolute_s.c.o[0m
[32.876s] [ 88%] [32mBuilding C object CMakeFiles/turtlesim__rosidl_generator_py.dir/rosidl_generator_py/turtlesim/srv/_teleport_relative_s.c.o[0m
[33.231s] [ 89%] [32m[1mLinking C shared library rosidl_generator_py/turtlesim/libturtlesim__rosidl_generator_py.so[0m
[33.492s] [ 89%] Built target turtlesim__rosidl_generator_py
[33.624s] [ 90%] [32mBuilding C object CMakeFiles/turtlesim__rosidl_typesupport_introspection_c__pyext.dir/rosidl_generator_py/turtlesim/_turtlesim_s.ep.rosidl_typesupport_introspection_c.c.o[0m
[33.624s] [ 91%] [32mBuilding C object CMakeFiles/turtlesim__rosidl_typesupport_c__pyext.dir/rosidl_generator_py/turtlesim/_turtlesim_s.ep.rosidl_typesupport_c.c.o[0m
[33.624s] [ 92%] [32mBuilding C object CMakeFiles/turtlesim__rosidl_typesupport_fastrtps_c__pyext.dir/rosidl_generator_py/turtlesim/_turtlesim_s.ep.rosidl_typesupport_fastrtps_c.c.o[0m
[34.051s] [ 93%] [32m[1mLinking C shared library rosidl_generator_py/turtlesim/turtlesim_s__rosidl_typesupport_c.cpython-310-x86_64-linux-gnu.so[0m
[34.078s] [ 94%] [32m[1mLinking C shared library rosidl_generator_py/turtlesim/turtlesim_s__rosidl_typesupport_introspection_c.cpython-310-x86_64-linux-gnu.so[0m
[34.094s] [ 95%] [32m[1mLinking C shared library rosidl_generator_py/turtlesim/turtlesim_s__rosidl_typesupport_fastrtps_c.cpython-310-x86_64-linux-gnu.so[0m
[34.242s] [ 95%] Built target turtlesim__rosidl_typesupport_c__pyext
[34.257s] [ 95%] Built target turtlesim__rosidl_typesupport_introspection_c__pyext
[34.266s] [ 95%] Built target turtlesim__rosidl_typesupport_fastrtps_c__pyext
[38.085s] [ 96%] [32m[1mLinking CXX executable turtle_teleop_key[0m
[40.490s] [ 96%] Built target turtle_teleop_key
[42.999s] [ 97%] [32m[1mLinking CXX executable draw_square[0m
[43.845s] [ 97%] Built target draw_square
[44.478s] [ 98%] [32m[1mLinking CXX executable mimic[0m
[45.335s] [ 98%] Built target mimic
[49.806s] [100%] [32m[1mLinking CXX executable turtlesim_node[0m
[53.391s] [100%] Built target turtlesim_node
[53.585s] Invoked command in '/home/jimmy/ros2_ws/src/build/turtlesim' returned '0': CMAKE_PREFIX_PATH=/opt/ros/humble /usr/bin/cmake --build /home/jimmy/ros2_ws/src/build/turtlesim -- -j8 -l8
[54.359s] Invoking command in '/home/jimmy/ros2_ws/src/build/turtlesim': CMAKE_PREFIX_PATH=/opt/ros/humble /usr/bin/cmake --install /home/jimmy/ros2_ws/src/build/turtlesim
[54.369s] -- Install configuration: ""
[54.371s] -- Installing: /home/jimmy/ros2_ws/src/install/turtlesim/share/ament_index/resource_index/rosidl_interfaces/turtlesim
[54.373s] -- Installing: /home/jimmy/ros2_ws/src/install/turtlesim/include/turtlesim/turtlesim
[54.373s] -- Installing: /home/jimmy/ros2_ws/src/install/turtlesim/include/turtlesim/turtlesim/srv
[54.374s] -- Installing: /home/jimmy/ros2_ws/src/install/turtlesim/include/turtlesim/turtlesim/srv/kill.h
[54.374s] -- Installing: /home/jimmy/ros2_ws/src/install/turtlesim/include/turtlesim/turtlesim/srv/set_pen.h
[54.374s] -- Installing: /home/jimmy/ros2_ws/src/install/turtlesim/include/turtlesim/turtlesim/srv/teleport_relative.h
[54.375s] -- Installing: /home/jimmy/ros2_ws/src/install/turtlesim/include/turtlesim/turtlesim/srv/spawn.h
[54.375s] -- Installing: /home/jimmy/ros2_ws/src/install/turtlesim/include/turtlesim/turtlesim/srv/detail
[54.375s] -- Installing: /home/jimmy/ros2_ws/src/install/turtlesim/include/turtlesim/turtlesim/srv/detail/spawn__struct.h
[54.376s] -- Installing: /home/jimmy/ros2_ws/src/install/turtlesim/include/turtlesim/turtlesim/srv/detail/teleport_absolute__functions.c
[54.377s] -- Installing: /home/jimmy/ros2_ws/src/install/turtlesim/include/turtlesim/turtlesim/srv/detail/teleport_absolute__functions.h
[54.377s] -- Installing: /home/jimmy/ros2_ws/src/install/turtlesim/include/turtlesim/turtlesim/srv/detail/set_pen__functions.h
[54.377s] -- Installing: /home/jimmy/ros2_ws/src/install/turtlesim/include/turtlesim/turtlesim/srv/detail/teleport_relative__struct.h
[54.377s] -- Installing: /home/jimmy/ros2_ws/src/install/turtlesim/include/turtlesim/turtlesim/srv/detail/set_pen__functions.c
[54.378s] -- Installing: /home/jimmy/ros2_ws/src/install/turtlesim/include/turtlesim/turtlesim/srv/detail/teleport_relative__functions.h
[54.378s] -- Installing: /home/jimmy/ros2_ws/src/install/turtlesim/include/turtlesim/turtlesim/srv/detail/set_pen__struct.h
[54.378s] -- Installing: /home/jimmy/ros2_ws/src/install/turtlesim/include/turtlesim/turtlesim/srv/detail/teleport_relative__type_support.h
[54.379s] -- Installing: /home/jimmy/ros2_ws/src/install/turtlesim/include/turtlesim/turtlesim/srv/detail/spawn__functions.h
[54.379s] -- Installing: /home/jimmy/ros2_ws/src/install/turtlesim/include/turtlesim/turtlesim/srv/detail/kill__functions.c
[54.379s] -- Installing: /home/jimmy/ros2_ws/src/install/turtlesim/include/turtlesim/turtlesim/srv/detail/kill__functions.h
[54.381s] -- Installing: /home/jimmy/ros2_ws/src/install/turtlesim/include/turtlesim/turtlesim/srv/detail/teleport_absolute__type_support.h
[54.381s] -- Installing: /home/jimmy/ros2_ws/src/install/turtlesim/include/turtlesim/turtlesim/srv/detail/teleport_absolute__struct.h
[54.381s] -- Installing: /home/jimmy/ros2_ws/src/install/turtlesim/include/turtlesim/turtlesim/srv/detail/teleport_relative__functions.c
[54.381s] -- Installing: /home/jimmy/ros2_ws/src/install/turtlesim/include/turtlesim/turtlesim/srv/detail/spawn__type_support.h
[54.382s] -- Installing: /home/jimmy/ros2_ws/src/install/turtlesim/include/turtlesim/turtlesim/srv/detail/kill__type_support.h
[54.382s] -- Installing: /home/jimmy/ros2_ws/src/install/turtlesim/include/turtlesim/turtlesim/srv/detail/kill__struct.h
[54.382s] -- Installing: /home/jimmy/ros2_ws/src/install/turtlesim/include/turtlesim/turtlesim/srv/detail/spawn__functions.c
[54.382s] -- Installing: /home/jimmy/ros2_ws/src/install/turtlesim/include/turtlesim/turtlesim/srv/detail/set_pen__type_support.h
[54.383s] -- Installing: /home/jimmy/ros2_ws/src/install/turtlesim/include/turtlesim/turtlesim/srv/teleport_absolute.h
[54.383s] -- Installing: /home/jimmy/ros2_ws/src/install/turtlesim/include/turtlesim/turtlesim/msg
[54.383s] -- Installing: /home/jimmy/ros2_ws/src/install/turtlesim/include/turtlesim/turtlesim/msg/pose.h
[54.384s] -- Installing: /home/jimmy/ros2_ws/src/install/turtlesim/include/turtlesim/turtlesim/msg/rosidl_generator_c__visibility_control.h
[54.384s] -- Installing: /home/jimmy/ros2_ws/src/install/turtlesim/include/turtlesim/turtlesim/msg/color.h
[54.385s] -- Installing: /home/jimmy/ros2_ws/src/install/turtlesim/include/turtlesim/turtlesim/msg/detail
[54.385s] -- Installing: /home/jimmy/ros2_ws/src/install/turtlesim/include/turtlesim/turtlesim/msg/detail/pose__functions.c
[54.386s] -- Installing: /home/jimmy/ros2_ws/src/install/turtlesim/include/turtlesim/turtlesim/msg/detail/color__functions.c
[54.386s] -- Installing: /home/jimmy/ros2_ws/src/install/turtlesim/include/turtlesim/turtlesim/msg/detail/pose__type_support.h
[54.386s] -- Installing: /home/jimmy/ros2_ws/src/install/turtlesim/include/turtlesim/turtlesim/msg/detail/color__struct.h
[54.387s] -- Installing: /home/jimmy/ros2_ws/src/install/turtlesim/include/turtlesim/turtlesim/msg/detail/color__functions.h
[54.387s] -- Installing: /home/jimmy/ros2_ws/src/install/turtlesim/include/turtlesim/turtlesim/msg/detail/pose__functions.h
[54.387s] -- Installing: /home/jimmy/ros2_ws/src/install/turtlesim/include/turtlesim/turtlesim/msg/detail/pose__struct.h
[54.387s] -- Installing: /home/jimmy/ros2_ws/src/install/turtlesim/include/turtlesim/turtlesim/msg/detail/color__type_support.h
[54.388s] -- Installing: /home/jimmy/ros2_ws/src/install/turtlesim/include/turtlesim/turtlesim/action
[54.388s] -- Installing: /home/jimmy/ros2_ws/src/install/turtlesim/include/turtlesim/turtlesim/action/rotate_absolute.h
[54.388s] -- Installing: /home/jimmy/ros2_ws/src/install/turtlesim/include/turtlesim/turtlesim/action/detail
[54.388s] -- Installing: /home/jimmy/ros2_ws/src/install/turtlesim/include/turtlesim/turtlesim/action/detail/rotate_absolute__struct.h
[54.389s] -- Installing: /home/jimmy/ros2_ws/src/install/turtlesim/include/turtlesim/turtlesim/action/detail/rotate_absolute__functions.c
[54.390s] -- Installing: /home/jimmy/ros2_ws/src/install/turtlesim/include/turtlesim/turtlesim/action/detail/rotate_absolute__functions.h
[54.390s] -- Installing: /home/jimmy/ros2_ws/src/install/turtlesim/include/turtlesim/turtlesim/action/detail/rotate_absolute__type_support.h
[54.393s] -- Installing: /home/jimmy/ros2_ws/src/install/turtlesim/share/turtlesim/environment/library_path.sh
[54.394s] -- Installing: /home/jimmy/ros2_ws/src/install/turtlesim/share/turtlesim/environment/library_path.dsv
[54.395s] -- Installing: /home/jimmy/ros2_ws/src/install/turtlesim/lib/libturtlesim__rosidl_generator_c.so
[54.396s] -- Set runtime path of "/home/jimmy/ros2_ws/src/install/turtlesim/lib/libturtlesim__rosidl_generator_c.so" to ""
[54.396s] -- Up-to-date: /home/jimmy/ros2_ws/src/install/turtlesim/include/turtlesim/turtlesim
[54.397s] -- Up-to-date: /home/jimmy/ros2_ws/src/install/turtlesim/include/turtlesim/turtlesim/srv
[54.398s] -- Up-to-date: /home/jimmy/ros2_ws/src/install/turtlesim/include/turtlesim/turtlesim/srv/detail
[54.398s] -- Installing: /home/jimmy/ros2_ws/src/install/turtlesim/include/turtlesim/turtlesim/srv/detail/teleport_absolute__rosidl_typesupport_fastrtps_c.h
[54.399s] -- Installing: /home/jimmy/ros2_ws/src/install/turtlesim/include/turtlesim/turtlesim/srv/detail/spawn__rosidl_typesupport_fastrtps_c.h
[54.399s] -- Installing: /home/jimmy/ros2_ws/src/install/turtlesim/include/turtlesim/turtlesim/srv/detail/kill__rosidl_typesupport_fastrtps_c.h
[54.400s] -- Installing: /home/jimmy/ros2_ws/src/install/turtlesim/include/turtlesim/turtlesim/srv/detail/teleport_relative__rosidl_typesupport_fastrtps_c.h
[54.400s] -- Installing: /home/jimmy/ros2_ws/src/install/turtlesim/include/turtlesim/turtlesim/srv/detail/set_pen__rosidl_typesupport_fastrtps_c.h
[54.401s] -- Up-to-date: /home/jimmy/ros2_ws/src/install/turtlesim/include/turtlesim/turtlesim/msg
[54.401s] -- Installing: /home/jimmy/ros2_ws/src/install/turtlesim/include/turtlesim/turtlesim/msg/rosidl_typesupport_fastrtps_c__visibility_control.h
[54.402s] -- Up-to-date: /home/jimmy/ros2_ws/src/install/turtlesim/include/turtlesim/turtlesim/msg/detail
[54.402s] -- Installing: /home/jimmy/ros2_ws/src/install/turtlesim/include/turtlesim/turtlesim/msg/detail/pose__rosidl_typesupport_fastrtps_c.h
[54.403s] -- Installing: /home/jimmy/ros2_ws/src/install/turtlesim/include/turtlesim/turtlesim/msg/detail/color__rosidl_typesupport_fastrtps_c.h
[54.404s] -- Up-to-date: /home/jimmy/ros2_ws/src/install/turtlesim/include/turtlesim/turtlesim/action
[54.404s] -- Up-to-date: /home/jimmy/ros2_ws/src/install/turtlesim/include/turtlesim/turtlesim/action/detail
[54.404s] -- Installing: /home/jimmy/ros2_ws/src/install/turtlesim/include/turtlesim/turtlesim/action/detail/rotate_absolute__rosidl_typesupport_fastrtps_c.h
[54.405s] -- Installing: /home/jimmy/ros2_ws/src/install/turtlesim/lib/libturtlesim__rosidl_typesupport_fastrtps_c.so
[54.406s] -- Set runtime path of "/home/jimmy/ros2_ws/src/install/turtlesim/lib/libturtlesim__rosidl_typesupport_fastrtps_c.so" to ""
[54.407s] -- Up-to-date: /home/jimmy/ros2_ws/src/install/turtlesim/include/turtlesim/turtlesim
[54.407s] -- Up-to-date: /home/jimmy/ros2_ws/src/install/turtlesim/include/turtlesim/turtlesim/srv
[54.408s] -- Installing: /home/jimmy/ros2_ws/src/install/turtlesim/include/turtlesim/turtlesim/srv/spawn.hpp
[54.409s] -- Installing: /home/jimmy/ros2_ws/src/install/turtlesim/include/turtlesim/turtlesim/srv/kill.hpp
[54.409s] -- Installing: /home/jimmy/ros2_ws/src/install/turtlesim/include/turtlesim/turtlesim/srv/set_pen.hpp
[54.409s] -- Up-to-date: /home/jimmy/ros2_ws/src/install/turtlesim/include/turtlesim/turtlesim/srv/detail
[54.410s] -- Installing: /home/jimmy/ros2_ws/src/install/turtlesim/include/turtlesim/turtlesim/srv/detail/kill__traits.hpp
[54.411s] -- Installing: /home/jimmy/ros2_ws/src/install/turtlesim/include/turtlesim/turtlesim/srv/detail/spawn__struct.hpp
[54.412s] -- Installing: /home/jimmy/ros2_ws/src/install/turtlesim/include/turtlesim/turtlesim/srv/detail/teleport_absolute__builder.hpp
[54.412s] -- Installing: /home/jimmy/ros2_ws/src/install/turtlesim/include/turtlesim/turtlesim/srv/detail/set_pen__traits.hpp
[54.413s] -- Installing: /home/jimmy/ros2_ws/src/install/turtlesim/include/turtlesim/turtlesim/srv/detail/spawn__traits.hpp
[54.414s] -- Installing: /home/jimmy/ros2_ws/src/install/turtlesim/include/turtlesim/turtlesim/srv/detail/teleport_relative__struct.hpp
[54.414s] -- Installing: /home/jimmy/ros2_ws/src/install/turtlesim/include/turtlesim/turtlesim/srv/detail/set_pen__builder.hpp
[54.415s] -- Installing: /home/jimmy/ros2_ws/src/install/turtlesim/include/turtlesim/turtlesim/srv/detail/spawn__builder.hpp
[54.415s] -- Installing: /home/jimmy/ros2_ws/src/install/turtlesim/include/turtlesim/turtlesim/srv/detail/teleport_absolute__traits.hpp
[54.416s] -- Installing: /home/jimmy/ros2_ws/src/install/turtlesim/include/turtlesim/turtlesim/srv/detail/kill__struct.hpp
[54.417s] -- Installing: /home/jimmy/ros2_ws/src/install/turtlesim/include/turtlesim/turtlesim/srv/detail/set_pen__struct.hpp
[54.417s] -- Installing: /home/jimmy/ros2_ws/src/install/turtlesim/include/turtlesim/turtlesim/srv/detail/kill__builder.hpp
[54.418s] -- Installing: /home/jimmy/ros2_ws/src/install/turtlesim/include/turtlesim/turtlesim/srv/detail/teleport_relative__traits.hpp
[54.418s] -- Installing: /home/jimmy/ros2_ws/src/install/turtlesim/include/turtlesim/turtlesim/srv/detail/teleport_absolute__struct.hpp
[54.419s] -- Installing: /home/jimmy/ros2_ws/src/install/turtlesim/include/turtlesim/turtlesim/srv/detail/teleport_relative__builder.hpp
[54.420s] -- Installing: /home/jimmy/ros2_ws/src/install/turtlesim/include/turtlesim/turtlesim/srv/teleport_relative.hpp
[54.420s] -- Installing: /home/jimmy/ros2_ws/src/install/turtlesim/include/turtlesim/turtlesim/srv/teleport_absolute.hpp
[54.421s] -- Up-to-date: /home/jimmy/ros2_ws/src/install/turtlesim/include/turtlesim/turtlesim/msg
[54.421s] -- Installing: /home/jimmy/ros2_ws/src/install/turtlesim/include/turtlesim/turtlesim/msg/color.hpp
[54.422s] -- Installing: /home/jimmy/ros2_ws/src/install/turtlesim/include/turtlesim/turtlesim/msg/pose.hpp
[54.422s] -- Up-to-date: /home/jimmy/ros2_ws/src/install/turtlesim/include/turtlesim/turtlesim/msg/detail
[54.423s] -- Installing: /home/jimmy/ros2_ws/src/install/turtlesim/include/turtlesim/turtlesim/msg/detail/pose__builder.hpp
[54.423s] -- Installing: /home/jimmy/ros2_ws/src/install/turtlesim/include/turtlesim/turtlesim/msg/detail/color__struct.hpp
[54.424s] -- Installing: /home/jimmy/ros2_ws/src/install/turtlesim/include/turtlesim/turtlesim/msg/detail/color__traits.hpp
[54.424s] -- Installing: /home/jimmy/ros2_ws/src/install/turtlesim/include/turtlesim/turtlesim/msg/detail/color__builder.hpp
[54.425s] -- Installing: /home/jimmy/ros2_ws/src/install/turtlesim/include/turtlesim/turtlesim/msg/detail/pose__traits.hpp
[54.426s] -- Installing: /home/jimmy/ros2_ws/src/install/turtlesim/include/turtlesim/turtlesim/msg/detail/pose__struct.hpp
[54.426s] -- Up-to-date: /home/jimmy/ros2_ws/src/install/turtlesim/include/turtlesim/turtlesim/action
[54.427s] -- Installing: /home/jimmy/ros2_ws/src/install/turtlesim/include/turtlesim/turtlesim/action/rotate_absolute.hpp
[54.428s] -- Up-to-date: /home/jimmy/ros2_ws/src/install/turtlesim/include/turtlesim/turtlesim/action/detail
[54.428s] -- Installing: /home/jimmy/ros2_ws/src/install/turtlesim/include/turtlesim/turtlesim/action/detail/rotate_absolute__traits.hpp
[54.429s] -- Installing: /home/jimmy/ros2_ws/src/install/turtlesim/include/turtlesim/turtlesim/action/detail/rotate_absolute__builder.hpp
[54.429s] -- Installing: /home/jimmy/ros2_ws/src/install/turtlesim/include/turtlesim/turtlesim/action/detail/rotate_absolute__struct.hpp
[54.431s] -- Up-to-date: /home/jimmy/ros2_ws/src/install/turtlesim/include/turtlesim/turtlesim
[54.432s] -- Up-to-date: /home/jimmy/ros2_ws/src/install/turtlesim/include/turtlesim/turtlesim/srv
[54.432s] -- Up-to-date: /home/jimmy/ros2_ws/src/install/turtlesim/include/turtlesim/turtlesim/srv/detail
[54.432s] -- Installing: /home/jimmy/ros2_ws/src/install/turtlesim/include/turtlesim/turtlesim/srv/detail/spawn__rosidl_typesupport_fastrtps_cpp.hpp
[54.433s] -- Installing: /home/jimmy/ros2_ws/src/install/turtlesim/include/turtlesim/turtlesim/srv/detail/dds_fastrtps
[54.434s] -- Installing: /home/jimmy/ros2_ws/src/install/turtlesim/include/turtlesim/turtlesim/srv/detail/teleport_relative__rosidl_typesupport_fastrtps_cpp.hpp
[54.434s] -- Installing: /home/jimmy/ros2_ws/src/install/turtlesim/include/turtlesim/turtlesim/srv/detail/kill__rosidl_typesupport_fastrtps_cpp.hpp
[54.434s] -- Installing: /home/jimmy/ros2_ws/src/install/turtlesim/include/turtlesim/turtlesim/srv/detail/teleport_absolute__rosidl_typesupport_fastrtps_cpp.hpp
[54.436s] -- Installing: /home/jimmy/ros2_ws/src/install/turtlesim/include/turtlesim/turtlesim/srv/detail/set_pen__rosidl_typesupport_fastrtps_cpp.hpp
[54.436s] -- Up-to-date: /home/jimmy/ros2_ws/src/install/turtlesim/include/turtlesim/turtlesim/msg
[54.436s] -- Installing: /home/jimmy/ros2_ws/src/install/turtlesim/include/turtlesim/turtlesim/msg/rosidl_typesupport_fastrtps_cpp__visibility_control.h
[54.437s] -- Up-to-date: /home/jimmy/ros2_ws/src/install/turtlesim/include/turtlesim/turtlesim/msg/detail
[54.437s] -- Installing: /home/jimmy/ros2_ws/src/install/turtlesim/include/turtlesim/turtlesim/msg/detail/dds_fastrtps
[54.438s] -- Installing: /home/jimmy/ros2_ws/src/install/turtlesim/include/turtlesim/turtlesim/msg/detail/pose__rosidl_typesupport_fastrtps_cpp.hpp
[54.438s] -- Installing: /home/jimmy/ros2_ws/src/install/turtlesim/include/turtlesim/turtlesim/msg/detail/color__rosidl_typesupport_fastrtps_cpp.hpp
[54.439s] -- Up-to-date: /home/jimmy/ros2_ws/src/install/turtlesim/include/turtlesim/turtlesim/action
[54.440s] -- Up-to-date: /home/jimmy/ros2_ws/src/install/turtlesim/include/turtlesim/turtlesim/action/detail
[54.440s] -- Installing: /home/jimmy/ros2_ws/src/install/turtlesim/include/turtlesim/turtlesim/action/detail/dds_fastrtps
[54.440s] -- Installing: /home/jimmy/ros2_ws/src/install/turtlesim/include/turtlesim/turtlesim/action/detail/rotate_absolute__rosidl_typesupport_fastrtps_cpp.hpp
[54.441s] -- Installing: /home/jimmy/ros2_ws/src/install/turtlesim/lib/libturtlesim__rosidl_typesupport_fastrtps_cpp.so
[54.445s] -- Set runtime path of "/home/jimmy/ros2_ws/src/install/turtlesim/lib/libturtlesim__rosidl_typesupport_fastrtps_cpp.so" to ""
[54.445s] -- Up-to-date: /home/jimmy/ros2_ws/src/install/turtlesim/include/turtlesim/turtlesim
[54.446s] -- Up-to-date: /home/jimmy/ros2_ws/src/install/turtlesim/include/turtlesim/turtlesim/srv
[54.447s] -- Up-to-date: /home/jimmy/ros2_ws/src/install/turtlesim/include/turtlesim/turtlesim/srv/detail
[54.447s] -- Installing: /home/jimmy/ros2_ws/src/install/turtlesim/include/turtlesim/turtlesim/srv/detail/teleport_relative__rosidl_typesupport_introspection_c.h
[54.447s] -- Installing: /home/jimmy/ros2_ws/src/install/turtlesim/include/turtlesim/turtlesim/srv/detail/teleport_relative__type_support.c
[54.448s] -- Installing: /home/jimmy/ros2_ws/src/install/turtlesim/include/turtlesim/turtlesim/srv/detail/set_pen__type_support.c
[54.449s] -- Installing: /home/jimmy/ros2_ws/src/install/turtlesim/include/turtlesim/turtlesim/srv/detail/teleport_absolute__type_support.c
[54.449s] -- Installing: /home/jimmy/ros2_ws/src/install/turtlesim/include/turtlesim/turtlesim/srv/detail/spawn__rosidl_typesupport_introspection_c.h
[54.450s] -- Installing: /home/jimmy/ros2_ws/src/install/turtlesim/include/turtlesim/turtlesim/srv/detail/teleport_absolute__rosidl_typesupport_introspection_c.h
[54.450s] -- Installing: /home/jimmy/ros2_ws/src/install/turtlesim/include/turtlesim/turtlesim/srv/detail/kill__rosidl_typesupport_introspection_c.h
[54.451s] -- Installing: /home/jimmy/ros2_ws/src/install/turtlesim/include/turtlesim/turtlesim/srv/detail/kill__type_support.c
[54.452s] -- Installing: /home/jimmy/ros2_ws/src/install/turtlesim/include/turtlesim/turtlesim/srv/detail/spawn__type_support.c
[54.453s] -- Installing: /home/jimmy/ros2_ws/src/install/turtlesim/include/turtlesim/turtlesim/srv/detail/set_pen__rosidl_typesupport_introspection_c.h
[54.453s] -- Up-to-date: /home/jimmy/ros2_ws/src/install/turtlesim/include/turtlesim/turtlesim/msg
[54.454s] -- Up-to-date: /home/jimmy/ros2_ws/src/install/turtlesim/include/turtlesim/turtlesim/msg/detail
[54.454s] -- Installing: /home/jimmy/ros2_ws/src/install/turtlesim/include/turtlesim/turtlesim/msg/detail/color__rosidl_typesupport_introspection_c.h
[54.454s] -- Installing: /home/jimmy/ros2_ws/src/install/turtlesim/include/turtlesim/turtlesim/msg/detail/color__type_support.c
[54.455s] -- Installing: /home/jimmy/ros2_ws/src/install/turtlesim/include/turtlesim/turtlesim/msg/detail/pose__rosidl_typesupport_introspection_c.h
[54.455s] -- Installing: /home/jimmy/ros2_ws/src/install/turtlesim/include/turtlesim/turtlesim/msg/detail/pose__type_support.c
[54.456s] -- Installing: /home/jimmy/ros2_ws/src/install/turtlesim/include/turtlesim/turtlesim/msg/rosidl_typesupport_introspection_c__visibility_control.h
[54.456s] -- Up-to-date: /home/jimmy/ros2_ws/src/install/turtlesim/include/turtlesim/turtlesim/action
[54.457s] -- Up-to-date: /home/jimmy/ros2_ws/src/install/turtlesim/include/turtlesim/turtlesim/action/detail
[54.457s] -- Installing: /home/jimmy/ros2_ws/src/install/turtlesim/include/turtlesim/turtlesim/action/detail/rotate_absolute__rosidl_typesupport_introspection_c.h
[54.458s] -- Installing: /home/jimmy/ros2_ws/src/install/turtlesim/include/turtlesim/turtlesim/action/detail/rotate_absolute__type_support.c
[54.460s] -- Installing: /home/jimmy/ros2_ws/src/install/turtlesim/lib/libturtlesim__rosidl_typesupport_introspection_c.so
[54.462s] -- Set runtime path of "/home/jimmy/ros2_ws/src/install/turtlesim/lib/libturtlesim__rosidl_typesupport_introspection_c.so" to ""
[54.462s] -- Installing: /home/jimmy/ros2_ws/src/install/turtlesim/lib/libturtlesim__rosidl_typesupport_c.so
[54.462s] -- Set runtime path of "/home/jimmy/ros2_ws/src/install/turtlesim/lib/libturtlesim__rosidl_typesupport_c.so" to ""
[54.462s] -- Up-to-date: /home/jimmy/ros2_ws/src/install/turtlesim/include/turtlesim/turtlesim
[54.463s] -- Up-to-date: /home/jimmy/ros2_ws/src/install/turtlesim/include/turtlesim/turtlesim/srv
[54.463s] -- Up-to-date: /home/jimmy/ros2_ws/src/install/turtlesim/include/turtlesim/turtlesim/srv/detail
[54.464s] -- Installing: /home/jimmy/ros2_ws/src/install/turtlesim/include/turtlesim/turtlesim/srv/detail/set_pen__rosidl_typesupport_introspection_cpp.hpp
[54.464s] -- Installing: /home/jimmy/ros2_ws/src/install/turtlesim/include/turtlesim/turtlesim/srv/detail/spawn__rosidl_typesupport_introspection_cpp.hpp
[54.465s] -- Installing: /home/jimmy/ros2_ws/src/install/turtlesim/include/turtlesim/turtlesim/srv/detail/teleport_absolute__rosidl_typesupport_introspection_cpp.hpp
[54.465s] -- Installing: /home/jimmy/ros2_ws/src/install/turtlesim/include/turtlesim/turtlesim/srv/detail/teleport_absolute__type_support.cpp
[54.466s] -- Installing: /home/jimmy/ros2_ws/src/install/turtlesim/include/turtlesim/turtlesim/srv/detail/teleport_relative__rosidl_typesupport_introspection_cpp.hpp
[54.466s] -- Installing: /home/jimmy/ros2_ws/src/install/turtlesim/include/turtlesim/turtlesim/srv/detail/set_pen__type_support.cpp
[54.467s] -- Installing: /home/jimmy/ros2_ws/src/install/turtlesim/include/turtlesim/turtlesim/srv/detail/kill__type_support.cpp
[54.468s] -- Installing: /home/jimmy/ros2_ws/src/install/turtlesim/include/turtlesim/turtlesim/srv/detail/spawn__type_support.cpp
[54.468s] -- Installing: /home/jimmy/ros2_ws/src/install/turtlesim/include/turtlesim/turtlesim/srv/detail/teleport_relative__type_support.cpp
[54.469s] -- Installing: /home/jimmy/ros2_ws/src/install/turtlesim/include/turtlesim/turtlesim/srv/detail/kill__rosidl_typesupport_introspection_cpp.hpp
[54.470s] -- Up-to-date: /home/jimmy/ros2_ws/src/install/turtlesim/include/turtlesim/turtlesim/msg
[54.470s] -- Up-to-date: /home/jimmy/ros2_ws/src/install/turtlesim/include/turtlesim/turtlesim/msg/detail
[54.470s] -- Installing: /home/jimmy/ros2_ws/src/install/turtlesim/include/turtlesim/turtlesim/msg/detail/color__type_support.cpp
[54.471s] -- Installing: /home/jimmy/ros2_ws/src/install/turtlesim/include/turtlesim/turtlesim/msg/detail/color__rosidl_typesupport_introspection_cpp.hpp
[54.471s] -- Installing: /home/jimmy/ros2_ws/src/install/turtlesim/include/turtlesim/turtlesim/msg/detail/pose__type_support.cpp
[54.472s] -- Installing: /home/jimmy/ros2_ws/src/install/turtlesim/include/turtlesim/turtlesim/msg/detail/pose__rosidl_typesupport_introspection_cpp.hpp
[54.472s] -- Up-to-date: /home/jimmy/ros2_ws/src/install/turtlesim/include/turtlesim/turtlesim/action
[54.473s] -- Up-to-date: /home/jimmy/ros2_ws/src/install/turtlesim/include/turtlesim/turtlesim/action/detail
[54.473s] -- Installing: /home/jimmy/ros2_ws/src/install/turtlesim/include/turtlesim/turtlesim/action/detail/rotate_absolute__rosidl_typesupport_introspection_cpp.hpp
[54.474s] -- Installing: /home/jimmy/ros2_ws/src/install/turtlesim/include/turtlesim/turtlesim/action/detail/rotate_absolute__type_support.cpp
[54.476s] -- Installing: /home/jimmy/ros2_ws/src/install/turtlesim/lib/libturtlesim__rosidl_typesupport_introspection_cpp.so
[54.478s] -- Set runtime path of "/home/jimmy/ros2_ws/src/install/turtlesim/lib/libturtlesim__rosidl_typesupport_introspection_cpp.so" to ""
[54.478s] -- Installing: /home/jimmy/ros2_ws/src/install/turtlesim/lib/libturtlesim__rosidl_typesupport_cpp.so
[54.479s] -- Set runtime path of "/home/jimmy/ros2_ws/src/install/turtlesim/lib/libturtlesim__rosidl_typesupport_cpp.so" to ""
[54.479s] -- Installing: /home/jimmy/ros2_ws/src/install/turtlesim/share/turtlesim/environment/pythonpath.sh
[54.479s] -- Installing: /home/jimmy/ros2_ws/src/install/turtlesim/share/turtlesim/environment/pythonpath.dsv
[54.481s] -- Installing: /home/jimmy/ros2_ws/src/install/turtlesim/local/lib/python3.10/dist-packages/turtlesim-1.4.2-py3.10.egg-info
[54.482s] -- Installing: /home/jimmy/ros2_ws/src/install/turtlesim/local/lib/python3.10/dist-packages/turtlesim-1.4.2-py3.10.egg-info/dependency_links.txt
[54.482s] -- Installing: /home/jimmy/ros2_ws/src/install/turtlesim/local/lib/python3.10/dist-packages/turtlesim-1.4.2-py3.10.egg-info/SOURCES.txt
[54.483s] -- Installing: /home/jimmy/ros2_ws/src/install/turtlesim/local/lib/python3.10/dist-packages/turtlesim-1.4.2-py3.10.egg-info/PKG-INFO
[54.483s] -- Installing: /home/jimmy/ros2_ws/src/install/turtlesim/local/lib/python3.10/dist-packages/turtlesim-1.4.2-py3.10.egg-info/top_level.txt
[54.484s] -- Installing: /home/jimmy/ros2_ws/src/install/turtlesim/local/lib/python3.10/dist-packages/turtlesim
[54.485s] -- Installing: /home/jimmy/ros2_ws/src/install/turtlesim/local/lib/python3.10/dist-packages/turtlesim/srv
[54.485s] -- Installing: /home/jimmy/ros2_ws/src/install/turtlesim/local/lib/python3.10/dist-packages/turtlesim/srv/_set_pen.py
[54.485s] -- Installing: /home/jimmy/ros2_ws/src/install/turtlesim/local/lib/python3.10/dist-packages/turtlesim/srv/_set_pen_s.c
[54.485s] -- Installing: /home/jimmy/ros2_ws/src/install/turtlesim/local/lib/python3.10/dist-packages/turtlesim/srv/_spawn_s.c
[54.486s] -- Installing: /home/jimmy/ros2_ws/src/install/turtlesim/local/lib/python3.10/dist-packages/turtlesim/srv/_teleport_relative_s.c
[54.486s] -- Installing: /home/jimmy/ros2_ws/src/install/turtlesim/local/lib/python3.10/dist-packages/turtlesim/srv/__init__.py
[54.487s] -- Installing: /home/jimmy/ros2_ws/src/install/turtlesim/local/lib/python3.10/dist-packages/turtlesim/srv/_spawn.py
[54.487s] -- Installing: /home/jimmy/ros2_ws/src/install/turtlesim/local/lib/python3.10/dist-packages/turtlesim/srv/_teleport_relative.py
[54.488s] -- Installing: /home/jimmy/ros2_ws/src/install/turtlesim/local/lib/python3.10/dist-packages/turtlesim/srv/_teleport_absolute_s.c
[54.488s] -- Installing: /home/jimmy/ros2_ws/src/install/turtlesim/local/lib/python3.10/dist-packages/turtlesim/srv/_kill.py
[54.489s] -- Installing: /home/jimmy/ros2_ws/src/install/turtlesim/local/lib/python3.10/dist-packages/turtlesim/srv/_teleport_absolute.py
[54.490s] -- Installing: /home/jimmy/ros2_ws/src/install/turtlesim/local/lib/python3.10/dist-packages/turtlesim/srv/_kill_s.c
[54.490s] -- Installing: /home/jimmy/ros2_ws/src/install/turtlesim/local/lib/python3.10/dist-packages/turtlesim/turtlesim_s__rosidl_typesupport_c.cpython-310-x86_64-linux-gnu.so
[54.491s] -- Installing: /home/jimmy/ros2_ws/src/install/turtlesim/local/lib/python3.10/dist-packages/turtlesim/_turtlesim_s.ep.rosidl_typesupport_introspection_c.c
[54.491s] -- Installing: /home/jimmy/ros2_ws/src/install/turtlesim/local/lib/python3.10/dist-packages/turtlesim/libturtlesim__rosidl_generator_py.so
[54.492s] -- Installing: /home/jimmy/ros2_ws/src/install/turtlesim/local/lib/python3.10/dist-packages/turtlesim/_turtlesim_s.ep.rosidl_typesupport_c.c
[54.492s] -- Installing: /home/jimmy/ros2_ws/src/install/turtlesim/local/lib/python3.10/dist-packages/turtlesim/turtlesim_s__rosidl_typesupport_introspection_c.cpython-310-x86_64-linux-gnu.so
[54.493s] -- Installing: /home/jimmy/ros2_ws/src/install/turtlesim/local/lib/python3.10/dist-packages/turtlesim/__init__.py
[54.493s] -- Installing: /home/jimmy/ros2_ws/src/install/turtlesim/local/lib/python3.10/dist-packages/turtlesim/_turtlesim_s.ep.rosidl_typesupport_fastrtps_c.c
[54.494s] -- Installing: /home/jimmy/ros2_ws/src/install/turtlesim/local/lib/python3.10/dist-packages/turtlesim/msg
[54.494s] -- Installing: /home/jimmy/ros2_ws/src/install/turtlesim/local/lib/python3.10/dist-packages/turtlesim/msg/_color_s.c
[54.494s] -- Installing: /home/jimmy/ros2_ws/src/install/turtlesim/local/lib/python3.10/dist-packages/turtlesim/msg/_color.py
[54.494s] -- Installing: /home/jimmy/ros2_ws/src/install/turtlesim/local/lib/python3.10/dist-packages/turtlesim/msg/__init__.py
[54.495s] -- Installing: /home/jimmy/ros2_ws/src/install/turtlesim/local/lib/python3.10/dist-packages/turtlesim/msg/_pose_s.c
[54.495s] -- Installing: /home/jimmy/ros2_ws/src/install/turtlesim/local/lib/python3.10/dist-packages/turtlesim/msg/_pose.py
[54.496s] -- Installing: /home/jimmy/ros2_ws/src/install/turtlesim/local/lib/python3.10/dist-packages/turtlesim/action
[54.496s] -- Installing: /home/jimmy/ros2_ws/src/install/turtlesim/local/lib/python3.10/dist-packages/turtlesim/action/_rotate_absolute.py
[54.497s] -- Installing: /home/jimmy/ros2_ws/src/install/turtlesim/local/lib/python3.10/dist-packages/turtlesim/action/__init__.py
[54.498s] -- Installing: /home/jimmy/ros2_ws/src/install/turtlesim/local/lib/python3.10/dist-packages/turtlesim/action/_rotate_absolute_s.c
[54.499s] -- Installing: /home/jimmy/ros2_ws/src/install/turtlesim/local/lib/python3.10/dist-packages/turtlesim/turtlesim_s__rosidl_typesupport_fastrtps_c.cpython-310-x86_64-linux-gnu.so
[54.575s] Listing '/home/jimmy/ros2_ws/src/install/turtlesim/local/lib/python3.10/dist-packages/turtlesim'...
[54.575s] Compiling '/home/jimmy/ros2_ws/src/install/turtlesim/local/lib/python3.10/dist-packages/turtlesim/__init__.py'...
[54.575s] Listing '/home/jimmy/ros2_ws/src/install/turtlesim/local/lib/python3.10/dist-packages/turtlesim/action'...
[54.576s] Compiling '/home/jimmy/ros2_ws/src/install/turtlesim/local/lib/python3.10/dist-packages/turtlesim/action/__init__.py'...
[54.576s] Compiling '/home/jimmy/ros2_ws/src/install/turtlesim/local/lib/python3.10/dist-packages/turtlesim/action/_rotate_absolute.py'...
[54.576s] Listing '/home/jimmy/ros2_ws/src/install/turtlesim/local/lib/python3.10/dist-packages/turtlesim/msg'...
[54.576s] Compiling '/home/jimmy/ros2_ws/src/install/turtlesim/local/lib/python3.10/dist-packages/turtlesim/msg/__init__.py'...
[54.576s] Compiling '/home/jimmy/ros2_ws/src/install/turtlesim/local/lib/python3.10/dist-packages/turtlesim/msg/_color.py'...
[54.576s] Compiling '/home/jimmy/ros2_ws/src/install/turtlesim/local/lib/python3.10/dist-packages/turtlesim/msg/_pose.py'...
[54.576s] Listing '/home/jimmy/ros2_ws/src/install/turtlesim/local/lib/python3.10/dist-packages/turtlesim/srv'...
[54.576s] Compiling '/home/jimmy/ros2_ws/src/install/turtlesim/local/lib/python3.10/dist-packages/turtlesim/srv/__init__.py'...
[54.576s] Compiling '/home/jimmy/ros2_ws/src/install/turtlesim/local/lib/python3.10/dist-packages/turtlesim/srv/_kill.py'...
[54.576s] Compiling '/home/jimmy/ros2_ws/src/install/turtlesim/local/lib/python3.10/dist-packages/turtlesim/srv/_set_pen.py'...
[54.577s] Compiling '/home/jimmy/ros2_ws/src/install/turtlesim/local/lib/python3.10/dist-packages/turtlesim/srv/_spawn.py'...
[54.577s] Compiling '/home/jimmy/ros2_ws/src/install/turtlesim/local/lib/python3.10/dist-packages/turtlesim/srv/_teleport_absolute.py'...
[54.577s] Compiling '/home/jimmy/ros2_ws/src/install/turtlesim/local/lib/python3.10/dist-packages/turtlesim/srv/_teleport_relative.py'...
[54.581s] -- Installing: /home/jimmy/ros2_ws/src/install/turtlesim/local/lib/python3.10/dist-packages/turtlesim/turtlesim_s__rosidl_typesupport_fastrtps_c.cpython-310-x86_64-linux-gnu.so
[54.582s] -- Set runtime path of "/home/jimmy/ros2_ws/src/install/turtlesim/local/lib/python3.10/dist-packages/turtlesim/turtlesim_s__rosidl_typesupport_fastrtps_c.cpython-310-x86_64-linux-gnu.so" to ""
[54.582s] -- Installing: /home/jimmy/ros2_ws/src/install/turtlesim/local/lib/python3.10/dist-packages/turtlesim/turtlesim_s__rosidl_typesupport_introspection_c.cpython-310-x86_64-linux-gnu.so
[54.585s] -- Set runtime path of "/home/jimmy/ros2_ws/src/install/turtlesim/local/lib/python3.10/dist-packages/turtlesim/turtlesim_s__rosidl_typesupport_introspection_c.cpython-310-x86_64-linux-gnu.so" to ""
[54.585s] -- Installing: /home/jimmy/ros2_ws/src/install/turtlesim/local/lib/python3.10/dist-packages/turtlesim/turtlesim_s__rosidl_typesupport_c.cpython-310-x86_64-linux-gnu.so
[54.585s] -- Set runtime path of "/home/jimmy/ros2_ws/src/install/turtlesim/local/lib/python3.10/dist-packages/turtlesim/turtlesim_s__rosidl_typesupport_c.cpython-310-x86_64-linux-gnu.so" to ""
[54.585s] -- Installing: /home/jimmy/ros2_ws/src/install/turtlesim/lib/libturtlesim__rosidl_generator_py.so
[54.586s] -- Set runtime path of "/home/jimmy/ros2_ws/src/install/turtlesim/lib/libturtlesim__rosidl_generator_py.so" to ""
[54.586s] -- Installing: /home/jimmy/ros2_ws/src/install/turtlesim/share/turtlesim/action/RotateAbsolute.idl
[54.587s] -- Installing: /home/jimmy/ros2_ws/src/install/turtlesim/share/turtlesim/msg/Color.idl
[54.588s] -- Installing: /home/jimmy/ros2_ws/src/install/turtlesim/share/turtlesim/msg/Pose.idl
[54.589s] -- Installing: /home/jimmy/ros2_ws/src/install/turtlesim/share/turtlesim/srv/Kill.idl
[54.590s] -- Installing: /home/jimmy/ros2_ws/src/install/turtlesim/share/turtlesim/srv/SetPen.idl
[54.590s] -- Installing: /home/jimmy/ros2_ws/src/install/turtlesim/share/turtlesim/srv/Spawn.idl
[54.591s] -- Installing: /home/jimmy/ros2_ws/src/install/turtlesim/share/turtlesim/srv/TeleportAbsolute.idl
[54.592s] -- Installing: /home/jimmy/ros2_ws/src/install/turtlesim/share/turtlesim/srv/TeleportRelative.idl
[54.592s] -- Installing: /home/jimmy/ros2_ws/src/install/turtlesim/share/turtlesim/action/RotateAbsolute.action
[54.593s] -- Installing: /home/jimmy/ros2_ws/src/install/turtlesim/share/turtlesim/msg/Color.msg
[54.594s] -- Installing: /home/jimmy/ros2_ws/src/install/turtlesim/share/turtlesim/msg/Pose.msg
[54.595s] -- Installing: /home/jimmy/ros2_ws/src/install/turtlesim/share/turtlesim/srv/Kill.srv
[54.596s] -- Installing: /home/jimmy/ros2_ws/src/install/turtlesim/share/turtlesim/srv/Kill_Request.msg
[54.597s] -- Installing: /home/jimmy/ros2_ws/src/install/turtlesim/share/turtlesim/srv/Kill_Response.msg
[54.597s] -- Installing: /home/jimmy/ros2_ws/src/install/turtlesim/share/turtlesim/srv/SetPen.srv
[54.597s] -- Installing: /home/jimmy/ros2_ws/src/install/turtlesim/share/turtlesim/srv/SetPen_Request.msg
[54.598s] -- Installing: /home/jimmy/ros2_ws/src/install/turtlesim/share/turtlesim/srv/SetPen_Response.msg
[54.599s] -- Installing: /home/jimmy/ros2_ws/src/install/turtlesim/share/turtlesim/srv/Spawn.srv
[54.599s] -- Installing: /home/jimmy/ros2_ws/src/install/turtlesim/share/turtlesim/srv/Spawn_Request.msg
[54.600s] -- Installing: /home/jimmy/ros2_ws/src/install/turtlesim/share/turtlesim/srv/Spawn_Response.msg
[54.601s] -- Installing: /home/jimmy/ros2_ws/src/install/turtlesim/share/turtlesim/srv/TeleportAbsolute.srv
[54.602s] -- Installing: /home/jimmy/ros2_ws/src/install/turtlesim/share/turtlesim/srv/TeleportAbsolute_Request.msg
[54.602s] -- Installing: /home/jimmy/ros2_ws/src/install/turtlesim/share/turtlesim/srv/TeleportAbsolute_Response.msg
[54.603s] -- Installing: /home/jimmy/ros2_ws/src/install/turtlesim/share/turtlesim/srv/TeleportRelative.srv
[54.603s] -- Installing: /home/jimmy/ros2_ws/src/install/turtlesim/share/turtlesim/srv/TeleportRelative_Request.msg
[54.604s] -- Installing: /home/jimmy/ros2_ws/src/install/turtlesim/share/turtlesim/srv/TeleportRelative_Response.msg
[54.606s] -- Installing: /home/jimmy/ros2_ws/src/install/turtlesim/lib/turtlesim/turtlesim_node
[54.624s] -- Set runtime path of "/home/jimmy/ros2_ws/src/install/turtlesim/lib/turtlesim/turtlesim_node" to ""
[54.624s] -- Installing: /home/jimmy/ros2_ws/src/install/turtlesim/lib/turtlesim/turtle_teleop_key
[54.629s] -- Set runtime path of "/home/jimmy/ros2_ws/src/install/turtlesim/lib/turtlesim/turtle_teleop_key" to ""
[54.629s] -- Installing: /home/jimmy/ros2_ws/src/install/turtlesim/lib/turtlesim/draw_square
[54.638s] -- Set runtime path of "/home/jimmy/ros2_ws/src/install/turtlesim/lib/turtlesim/draw_square" to ""
[54.638s] -- Installing: /home/jimmy/ros2_ws/src/install/turtlesim/lib/turtlesim/mimic
[54.644s] -- Set runtime path of "/home/jimmy/ros2_ws/src/install/turtlesim/lib/turtlesim/mimic" to ""
[54.645s] -- Installing: /home/jimmy/ros2_ws/src/install/turtlesim/share/turtlesim/images
[54.645s] -- Installing: /home/jimmy/ros2_ws/src/install/turtlesim/share/turtlesim/images/galactic.png
[54.646s] -- Installing: /home/jimmy/ros2_ws/src/install/turtlesim/share/turtlesim/images/foxy.png
[54.646s] -- Installing: /home/jimmy/ros2_ws/src/install/turtlesim/share/turtlesim/images/dashing.png
[54.647s] -- Installing: /home/jimmy/ros2_ws/src/install/turtlesim/share/turtlesim/images/bouncy.png
[54.648s] -- Installing: /home/jimmy/ros2_ws/src/install/turtlesim/share/turtlesim/images/crystal.png
[54.648s] -- Installing: /home/jimmy/ros2_ws/src/install/turtlesim/share/turtlesim/images/humble.png
[54.649s] -- Installing: /home/jimmy/ros2_ws/src/install/turtlesim/share/turtlesim/images/ardent.png
[54.650s] -- Installing: /home/jimmy/ros2_ws/src/install/turtlesim/share/turtlesim/images/rolling.png
[54.650s] -- Installing: /home/jimmy/ros2_ws/src/install/turtlesim/share/turtlesim/images/eloquent.png
[54.651s] -- Installing: /home/jimmy/ros2_ws/src/install/turtlesim/share/turtlesim/launch
[54.652s] -- Installing: /home/jimmy/ros2_ws/src/install/turtlesim/share/turtlesim/launch/multisim.launch.py
[54.652s] -- Installing: /home/jimmy/ros2_ws/src/install/turtlesim/share/ament_index/resource_index/package_run_dependencies/turtlesim
[54.653s] -- Installing: /home/jimmy/ros2_ws/src/install/turtlesim/share/ament_index/resource_index/parent_prefix_path/turtlesim
[54.655s] -- Installing: /home/jimmy/ros2_ws/src/install/turtlesim/share/turtlesim/environment/ament_prefix_path.sh
[54.656s] -- Installing: /home/jimmy/ros2_ws/src/install/turtlesim/share/turtlesim/environment/ament_prefix_path.dsv
[54.656s] -- Installing: /home/jimmy/ros2_ws/src/install/turtlesim/share/turtlesim/environment/path.sh
[54.656s] -- Installing: /home/jimmy/ros2_ws/src/install/turtlesim/share/turtlesim/environment/path.dsv
[54.656s] -- Installing: /home/jimmy/ros2_ws/src/install/turtlesim/share/turtlesim/local_setup.bash
[54.657s] -- Installing: /home/jimmy/ros2_ws/src/install/turtlesim/share/turtlesim/local_setup.sh
[54.658s] -- Installing: /home/jimmy/ros2_ws/src/install/turtlesim/share/turtlesim/local_setup.zsh
[54.658s] -- Installing: /home/jimmy/ros2_ws/src/install/turtlesim/share/turtlesim/local_setup.dsv
[54.659s] -- Installing: /home/jimmy/ros2_ws/src/install/turtlesim/share/turtlesim/package.dsv
[54.660s] -- Installing: /home/jimmy/ros2_ws/src/install/turtlesim/share/ament_index/resource_index/packages/turtlesim
[54.661s] -- Installing: /home/jimmy/ros2_ws/src/install/turtlesim/share/turtlesim/cmake/export_turtlesim__rosidl_generator_cExport.cmake
[54.662s] -- Installing: /home/jimmy/ros2_ws/src/install/turtlesim/share/turtlesim/cmake/export_turtlesim__rosidl_generator_cExport-noconfig.cmake
[54.663s] -- Installing: /home/jimmy/ros2_ws/src/install/turtlesim/share/turtlesim/cmake/export_turtlesim__rosidl_typesupport_fastrtps_cExport.cmake
[54.663s] -- Installing: /home/jimmy/ros2_ws/src/install/turtlesim/share/turtlesim/cmake/export_turtlesim__rosidl_typesupport_fastrtps_cExport-noconfig.cmake
[54.664s] -- Installing: /home/jimmy/ros2_ws/src/install/turtlesim/share/turtlesim/cmake/export_turtlesim__rosidl_generator_cppExport.cmake
[54.666s] -- Installing: /home/jimmy/ros2_ws/src/install/turtlesim/share/turtlesim/cmake/export_turtlesim__rosidl_typesupport_fastrtps_cppExport.cmake
[54.667s] -- Installing: /home/jimmy/ros2_ws/src/install/turtlesim/share/turtlesim/cmake/export_turtlesim__rosidl_typesupport_fastrtps_cppExport-noconfig.cmake
[54.667s] -- Installing: /home/jimmy/ros2_ws/src/install/turtlesim/share/turtlesim/cmake/turtlesim__rosidl_typesupport_introspection_cExport.cmake
[54.668s] -- Installing: /home/jimmy/ros2_ws/src/install/turtlesim/share/turtlesim/cmake/turtlesim__rosidl_typesupport_introspection_cExport-noconfig.cmake
[54.669s] -- Installing: /home/jimmy/ros2_ws/src/install/turtlesim/share/turtlesim/cmake/turtlesim__rosidl_typesupport_cExport.cmake
[54.669s] -- Installing: /home/jimmy/ros2_ws/src/install/turtlesim/share/turtlesim/cmake/turtlesim__rosidl_typesupport_cExport-noconfig.cmake
[54.670s] -- Installing: /home/jimmy/ros2_ws/src/install/turtlesim/share/turtlesim/cmake/turtlesim__rosidl_typesupport_introspection_cppExport.cmake
[54.671s] -- Installing: /home/jimmy/ros2_ws/src/install/turtlesim/share/turtlesim/cmake/turtlesim__rosidl_typesupport_introspection_cppExport-noconfig.cmake
[54.671s] -- Installing: /home/jimmy/ros2_ws/src/install/turtlesim/share/turtlesim/cmake/turtlesim__rosidl_typesupport_cppExport.cmake
[54.672s] -- Installing: /home/jimmy/ros2_ws/src/install/turtlesim/share/turtlesim/cmake/turtlesim__rosidl_typesupport_cppExport-noconfig.cmake
[54.672s] -- Installing: /home/jimmy/ros2_ws/src/install/turtlesim/share/turtlesim/cmake/export_turtlesim__rosidl_generator_pyExport.cmake
[54.673s] -- Installing: /home/jimmy/ros2_ws/src/install/turtlesim/share/turtlesim/cmake/export_turtlesim__rosidl_generator_pyExport-noconfig.cmake
[54.674s] -- Installing: /home/jimmy/ros2_ws/src/install/turtlesim/share/turtlesim/cmake/rosidl_cmake-extras.cmake
[54.674s] -- Installing: /home/jimmy/ros2_ws/src/install/turtlesim/share/turtlesim/cmake/ament_cmake_export_dependencies-extras.cmake
[54.675s] -- Installing: /home/jimmy/ros2_ws/src/install/turtlesim/share/turtlesim/cmake/ament_cmake_export_include_directories-extras.cmake
[54.676s] -- Installing: /home/jimmy/ros2_ws/src/install/turtlesim/share/turtlesim/cmake/ament_cmake_export_libraries-extras.cmake
[54.677s] -- Installing: /home/jimmy/ros2_ws/src/install/turtlesim/share/turtlesim/cmake/ament_cmake_export_targets-extras.cmake
[54.677s] -- Installing: /home/jimmy/ros2_ws/src/install/turtlesim/share/turtlesim/cmake/rosidl_cmake_export_typesupport_targets-extras.cmake
[54.678s] -- Installing: /home/jimmy/ros2_ws/src/install/turtlesim/share/turtlesim/cmake/rosidl_cmake_export_typesupport_libraries-extras.cmake
[54.680s] -- Installing: /home/jimmy/ros2_ws/src/install/turtlesim/share/turtlesim/cmake/turtlesimConfig.cmake
[54.680s] -- Installing: /home/jimmy/ros2_ws/src/install/turtlesim/share/turtlesim/cmake/turtlesimConfig-version.cmake
[54.681s] -- Installing: /home/jimmy/ros2_ws/src/install/turtlesim/share/turtlesim/package.xml
[54.691s] Invoked command in '/home/jimmy/ros2_ws/src/build/turtlesim' returned '0': CMAKE_PREFIX_PATH=/opt/ros/humble /usr/bin/cmake --install /home/jimmy/ros2_ws/src/build/turtlesim
