[2.204s] Invoking command in '/home/jimmy/ros2_ws/src/py_pubsub': AMENT_PREFIX_PATH=/home/jimmy/ros2_ws/src/install/tutorial_interfaces:${AMENT_PREFIX_PATH} CMAKE_PREFIX_PATH=/home/jimmy/ros2_ws/src/install/tutorial_interfaces LD_LIBRARY_PATH=/home/jimmy/ros2_ws/src/install/tutorial_interfaces/lib:${LD_LIBRARY_PATH} PYTHONPATH=/home/jimmy/ros2_ws/src/build/py_pubsub/prefix_override:/usr/lib/python3/dist-packages/colcon_core/task/python/colcon_distutils_commands:/home/jimmy/ros2_ws/src/install/py_pubsub/lib/python3.10/site-packages:/home/jimmy/ros2_ws/src/install/tutorial_interfaces/local/lib/python3.10/dist-packages:${PYTHONPATH} /usr/bin/python3 -W ignore:setup.py install is deprecated setup.py egg_info --egg-base ../build/py_pubsub build --build-base /home/jimmy/ros2_ws/src/build/py_pubsub/build install --record /home/jimmy/ros2_ws/src/build/py_pubsub/install.log --single-version-externally-managed install_data
[2.674s] running egg_info
[2.678s] creating ../build/py_pubsub/py_pubsub.egg-info
[2.678s] writing ../build/py_pubsub/py_pubsub.egg-info/PKG-INFO
[2.678s] writing dependency_links to ../build/py_pubsub/py_pubsub.egg-info/dependency_links.txt
[2.678s] writing entry points to ../build/py_pubsub/py_pubsub.egg-info/entry_points.txt
[2.681s] writing requirements to ../build/py_pubsub/py_pubsub.egg-info/requires.txt
[2.681s] writing top-level names to ../build/py_pubsub/py_pubsub.egg-info/top_level.txt
[2.682s] writing manifest file '../build/py_pubsub/py_pubsub.egg-info/SOURCES.txt'
[2.682s] reading manifest file '../build/py_pubsub/py_pubsub.egg-info/SOURCES.txt'
[2.682s] adding license file 'LICENSE'
[2.682s] writing manifest file '../build/py_pubsub/py_pubsub.egg-info/SOURCES.txt'
[2.682s] running build
[2.682s] running build_py
[2.683s] creating /home/jimmy/ros2_ws/src/build/py_pubsub/build
[2.683s] creating /home/jimmy/ros2_ws/src/build/py_pubsub/build/lib
[2.683s] creating /home/jimmy/ros2_ws/src/build/py_pubsub/build/lib/py_pubsub
[2.683s] copying py_pubsub/publisher_member_function.py -> /home/jimmy/ros2_ws/src/build/py_pubsub/build/lib/py_pubsub
[2.687s] copying py_pubsub/__init__.py -> /home/jimmy/ros2_ws/src/build/py_pubsub/build/lib/py_pubsub
[2.688s] copying py_pubsub/subscriber_member_function.py -> /home/jimmy/ros2_ws/src/build/py_pubsub/build/lib/py_pubsub
[2.692s] running install
[2.693s] running install_lib
[2.693s] creating /home/jimmy/ros2_ws/src/install/py_pubsub/lib/python3.10/site-packages/py_pubsub
[2.693s] copying /home/jimmy/ros2_ws/src/build/py_pubsub/build/lib/py_pubsub/publisher_member_function.py -> /home/jimmy/ros2_ws/src/install/py_pubsub/lib/python3.10/site-packages/py_pubsub
[2.693s] copying /home/jimmy/ros2_ws/src/build/py_pubsub/build/lib/py_pubsub/__init__.py -> /home/jimmy/ros2_ws/src/install/py_pubsub/lib/python3.10/site-packages/py_pubsub
[2.693s] copying /home/jimmy/ros2_ws/src/build/py_pubsub/build/lib/py_pubsub/subscriber_member_function.py -> /home/jimmy/ros2_ws/src/install/py_pubsub/lib/python3.10/site-packages/py_pubsub
[2.693s] byte-compiling /home/jimmy/ros2_ws/src/install/py_pubsub/lib/python3.10/site-packages/py_pubsub/publisher_member_function.py to publisher_member_function.cpython-310.pyc
[2.694s] byte-compiling /home/jimmy/ros2_ws/src/install/py_pubsub/lib/python3.10/site-packages/py_pubsub/__init__.py to __init__.cpython-310.pyc
[2.694s] byte-compiling /home/jimmy/ros2_ws/src/install/py_pubsub/lib/python3.10/site-packages/py_pubsub/subscriber_member_function.py to subscriber_member_function.cpython-310.pyc
[2.700s] running install_data
[2.700s] creating /home/jimmy/ros2_ws/src/install/py_pubsub/share/ament_index
[2.700s] creating /home/jimmy/ros2_ws/src/install/py_pubsub/share/ament_index/resource_index
[2.700s] creating /home/jimmy/ros2_ws/src/install/py_pubsub/share/ament_index/resource_index/packages
[2.701s] copying resource/py_pubsub -> /home/jimmy/ros2_ws/src/install/py_pubsub/share/ament_index/resource_index/packages
[2.701s] copying package.xml -> /home/jimmy/ros2_ws/src/install/py_pubsub/share/py_pubsub
[2.706s] running install_egg_info
[2.709s] Copying ../build/py_pubsub/py_pubsub.egg-info to /home/jimmy/ros2_ws/src/install/py_pubsub/lib/python3.10/site-packages/py_pubsub-0.0.0-py3.10.egg-info
[2.710s] running install_scripts
[2.745s] Installing listener script to /home/jimmy/ros2_ws/src/install/py_pubsub/lib/py_pubsub
[2.745s] Installing talker script to /home/jimmy/ros2_ws/src/install/py_pubsub/lib/py_pubsub
[2.746s] writing list of installed files to '/home/jimmy/ros2_ws/src/build/py_pubsub/install.log'
[2.795s] Invoked command in '/home/jimmy/ros2_ws/src/py_pubsub' returned '0': AMENT_PREFIX_PATH=/home/jimmy/ros2_ws/src/install/tutorial_interfaces:${AMENT_PREFIX_PATH} CMAKE_PREFIX_PATH=/home/jimmy/ros2_ws/src/install/tutorial_interfaces LD_LIBRARY_PATH=/home/jimmy/ros2_ws/src/install/tutorial_interfaces/lib:${LD_LIBRARY_PATH} PYTHONPATH=/home/jimmy/ros2_ws/src/build/py_pubsub/prefix_override:/usr/lib/python3/dist-packages/colcon_core/task/python/colcon_distutils_commands:/home/jimmy/ros2_ws/src/install/py_pubsub/lib/python3.10/site-packages:/home/jimmy/ros2_ws/src/install/tutorial_interfaces/local/lib/python3.10/dist-packages:${PYTHONPATH} /usr/bin/python3 -W ignore:setup.py install is deprecated setup.py egg_info --egg-base ../build/py_pubsub build --build-base /home/jimmy/ros2_ws/src/build/py_pubsub/build install --record /home/jimmy/ros2_ws/src/build/py_pubsub/install.log --single-version-externally-managed install_data
