[0.986s] Invoking command in '/home/jimmy/ros2_ws/src/bootcamp_turtlesim_vacuum_cleaner': PYTHONPATH=/home/jimmy/ros2_ws/src/build/bootcamp_turtlesim_vacuum_cleaner/prefix_override:/usr/lib/python3/dist-packages/colcon_core/task/python/colcon_distutils_commands:/home/jimmy/ros2_ws/src/install/bootcamp_turtlesim_vacuum_cleaner/lib/python3.10/site-packages:${PYTHONPATH} /usr/bin/python3 -W ignore:setup.py install is deprecated setup.py egg_info --egg-base ../build/bootcamp_turtlesim_vacuum_cleaner build --build-base /home/jimmy/ros2_ws/src/build/bootcamp_turtlesim_vacuum_cleaner/build install --record /home/jimmy/ros2_ws/src/build/bootcamp_turtlesim_vacuum_cleaner/install.log --single-version-externally-managed install_data
[1.353s] running egg_info
[1.353s] writing ../build/bootcamp_turtlesim_vacuum_cleaner/bootcamp_turtlesim_vacuum_cleaner.egg-info/PKG-INFO
[1.353s] writing dependency_links to ../build/bootcamp_turtlesim_vacuum_cleaner/bootcamp_turtlesim_vacuum_cleaner.egg-info/dependency_links.txt
[1.354s] writing entry points to ../build/bootcamp_turtlesim_vacuum_cleaner/bootcamp_turtlesim_vacuum_cleaner.egg-info/entry_points.txt
[1.354s] writing requirements to ../build/bootcamp_turtlesim_vacuum_cleaner/bootcamp_turtlesim_vacuum_cleaner.egg-info/requires.txt
[1.354s] writing top-level names to ../build/bootcamp_turtlesim_vacuum_cleaner/bootcamp_turtlesim_vacuum_cleaner.egg-info/top_level.txt
[1.357s] reading manifest file '../build/bootcamp_turtlesim_vacuum_cleaner/bootcamp_turtlesim_vacuum_cleaner.egg-info/SOURCES.txt'
[1.357s] adding license file 'LICENSE'
[1.358s] writing manifest file '../build/bootcamp_turtlesim_vacuum_cleaner/bootcamp_turtlesim_vacuum_cleaner.egg-info/SOURCES.txt'
[1.359s] running build
[1.359s] running build_py
[1.359s] running install
[1.360s] running install_lib
[1.361s] running install_data
[1.362s] running install_egg_info
[1.365s] removing '/home/jimmy/ros2_ws/src/install/bootcamp_turtlesim_vacuum_cleaner/lib/python3.10/site-packages/bootcamp_turtlesim_vacuum_cleaner-0.0.0-py3.10.egg-info' (and everything under it)
[1.365s] Copying ../build/bootcamp_turtlesim_vacuum_cleaner/bootcamp_turtlesim_vacuum_cleaner.egg-info to /home/jimmy/ros2_ws/src/install/bootcamp_turtlesim_vacuum_cleaner/lib/python3.10/site-packages/bootcamp_turtlesim_vacuum_cleaner-0.0.0-py3.10.egg-info
[1.367s] running install_scripts
[1.398s] Installing vacuum_cleaner script to /home/jimmy/ros2_ws/src/install/bootcamp_turtlesim_vacuum_cleaner/lib/bootcamp_turtlesim_vacuum_cleaner
[1.399s] writing list of installed files to '/home/jimmy/ros2_ws/src/build/bootcamp_turtlesim_vacuum_cleaner/install.log'
[1.426s] Invoked command in '/home/jimmy/ros2_ws/src/bootcamp_turtlesim_vacuum_cleaner' returned '0': PYTHONPATH=/home/jimmy/ros2_ws/src/build/bootcamp_turtlesim_vacuum_cleaner/prefix_override:/usr/lib/python3/dist-packages/colcon_core/task/python/colcon_distutils_commands:/home/jimmy/ros2_ws/src/install/bootcamp_turtlesim_vacuum_cleaner/lib/python3.10/site-packages:${PYTHONPATH} /usr/bin/python3 -W ignore:setup.py install is deprecated setup.py egg_info --egg-base ../build/bootcamp_turtlesim_vacuum_cleaner build --build-base /home/jimmy/ros2_ws/src/build/bootcamp_turtlesim_vacuum_cleaner/build install --record /home/jimmy/ros2_ws/src/build/bootcamp_turtlesim_vacuum_cleaner/install.log --single-version-externally-managed install_data
