running egg_info
creating ../build/bootcamp_hw1/bootcamp_hw1.egg-info
writing ../build/bootcamp_hw1/bootcamp_hw1.egg-info/PKG-INFO
writing dependency_links to ../build/bootcamp_hw1/bootcamp_hw1.egg-info/dependency_links.txt
writing entry points to ../build/bootcamp_hw1/bootcamp_hw1.egg-info/entry_points.txt
writing requirements to ../build/bootcamp_hw1/bootcamp_hw1.egg-info/requires.txt
writing top-level names to ../build/bootcamp_hw1/bootcamp_hw1.egg-info/top_level.txt
writing manifest file '../build/bootcamp_hw1/bootcamp_hw1.egg-info/SOURCES.txt'
reading manifest file '../build/bootcamp_hw1/bootcamp_hw1.egg-info/SOURCES.txt'
writing manifest file '../build/bootcamp_hw1/bootcamp_hw1.egg-info/SOURCES.txt'
running build
running build_py
creating /home/jimmy/ros2_ws/src/build/bootcamp_hw1/build
creating /home/jimmy/ros2_ws/src/build/bootcamp_hw1/build/lib
creating /home/jimmy/ros2_ws/src/build/bootcamp_hw1/build/lib/bootcamp_hw1
copying bootcamp_hw1/subscriber.py -> /home/jimmy/ros2_ws/src/build/bootcamp_hw1/build/lib/bootcamp_hw1
copying bootcamp_hw1/__init__.py -> /home/jimmy/ros2_ws/src/build/bootcamp_hw1/build/lib/bootcamp_hw1
copying bootcamp_hw1/publisher.py -> /home/jimmy/ros2_ws/src/build/bootcamp_hw1/build/lib/bootcamp_hw1
running install
running install_lib
creating /home/jimmy/ros2_ws/src/install/bootcamp_hw1/lib/python3.10/site-packages/bootcamp_hw1
copying /home/jimmy/ros2_ws/src/build/bootcamp_hw1/build/lib/bootcamp_hw1/subscriber.py -> /home/jimmy/ros2_ws/src/install/bootcamp_hw1/lib/python3.10/site-packages/bootcamp_hw1
copying /home/jimmy/ros2_ws/src/build/bootcamp_hw1/build/lib/bootcamp_hw1/__init__.py -> /home/jimmy/ros2_ws/src/install/bootcamp_hw1/lib/python3.10/site-packages/bootcamp_hw1
copying /home/jimmy/ros2_ws/src/build/bootcamp_hw1/build/lib/bootcamp_hw1/publisher.py -> /home/jimmy/ros2_ws/src/install/bootcamp_hw1/lib/python3.10/site-packages/bootcamp_hw1
byte-compiling /home/jimmy/ros2_ws/src/install/bootcamp_hw1/lib/python3.10/site-packages/bootcamp_hw1/subscriber.py to subscriber.cpython-310.pyc
byte-compiling /home/jimmy/ros2_ws/src/install/bootcamp_hw1/lib/python3.10/site-packages/bootcamp_hw1/__init__.py to __init__.cpython-310.pyc
byte-compiling /home/jimmy/ros2_ws/src/install/bootcamp_hw1/lib/python3.10/site-packages/bootcamp_hw1/publisher.py to publisher.cpython-310.pyc
running install_data
creating /home/jimmy/ros2_ws/src/install/bootcamp_hw1/share/ament_index
creating /home/jimmy/ros2_ws/src/install/bootcamp_hw1/share/ament_index/resource_index
creating /home/jimmy/ros2_ws/src/install/bootcamp_hw1/share/ament_index/resource_index/packages
copying resource/bootcamp_hw1 -> /home/jimmy/ros2_ws/src/install/bootcamp_hw1/share/ament_index/resource_index/packages
copying package.xml -> /home/jimmy/ros2_ws/src/install/bootcamp_hw1/share/bootcamp_hw1
running install_egg_info
Copying ../build/bootcamp_hw1/bootcamp_hw1.egg-info to /home/jimmy/ros2_ws/src/install/bootcamp_hw1/lib/python3.10/site-packages/bootcamp_hw1-0.0.0-py3.10.egg-info
running install_scripts
Installing publisher script to /home/jimmy/ros2_ws/src/install/bootcamp_hw1/lib/bootcamp_hw1
Installing subscriber script to /home/jimmy/ros2_ws/src/install/bootcamp_hw1/lib/bootcamp_hw1
writing list of installed files to '/home/jimmy/ros2_ws/src/build/bootcamp_hw1/install.log'
