[2.432s] Invoking command in '/home/jimmy/ros2_ws/src/build/turtlesim': CMAKE_PREFIX_PATH=/opt/ros/humble /usr/bin/cmake --build /home/jimmy/ros2_ws/src/build/turtlesim -- -j8 -l8
[3.242s] [  1%] Built target turtlesim__cpp
[3.392s] [ 11%] Built target turtlesim__rosidl_generator_c
[3.430s] [ 11%] Built target ament_cmake_python_copy_turtlesim
[3.547s] [ 21%] Built target turtlesim__rosidl_typesupport_cpp
[3.588s] [ 31%] Built target turtlesim__rosidl_typesupport_c
[3.591s] [ 41%] Built target turtlesim__rosidl_typesupport_fastrtps_cpp
[3.663s] [ 51%] Built target turtlesim__rosidl_typesupport_introspection_c
[3.677s] [ 61%] Built target turtlesim__rosidl_typesupport_introspection_cpp
[3.734s] [ 71%] Built target turtlesim__rosidl_typesupport_fastrtps_c
[3.802s] [35m[1mConsolidate compiler generated dependencies of target turtlesim_node[0m
[3.925s] [ 71%] Built target turtlesim
[4.006s] [ 72%] [32mBuilding CXX object CMakeFiles/turtlesim_node.dir/src/turtle_frame.cpp.o[0m
[4.011s] [ 74%] Built target mimic
[4.035s] [ 76%] Built target turtle_teleop_key
[4.052s] [ 78%] Built target draw_square
[4.101s] [ 79%] Built target turtlesim__py
[4.168s] running egg_info
[4.168s] writing turtlesim.egg-info/PKG-INFO
[4.168s] writing dependency_links to turtlesim.egg-info/dependency_links.txt
[4.168s] writing top-level names to turtlesim.egg-info/top_level.txt
[4.178s] reading manifest file 'turtlesim.egg-info/SOURCES.txt'
[4.183s] writing manifest file 'turtlesim.egg-info/SOURCES.txt'
[4.236s] [ 79%] Built target ament_cmake_python_build_turtlesim_egg
[4.291s] [ 88%] Built target turtlesim__rosidl_generator_py
[4.396s] [ 90%] Built target turtlesim__rosidl_typesupport_introspection_c__pyext
[4.401s] [ 92%] Built target turtlesim__rosidl_typesupport_c__pyext
[4.437s] [ 94%] Built target turtlesim__rosidl_typesupport_fastrtps_c__pyext
[27.494s] [ 95%] [32m[1mLinking CXX executable turtlesim_node[0m
[31.497s] [100%] Built target turtlesim_node
[31.516s] Invoked command in '/home/jimmy/ros2_ws/src/build/turtlesim' returned '0': CMAKE_PREFIX_PATH=/opt/ros/humble /usr/bin/cmake --build /home/jimmy/ros2_ws/src/build/turtlesim -- -j8 -l8
[32.380s] Invoking command in '/home/jimmy/ros2_ws/src/build/turtlesim': CMAKE_PREFIX_PATH=/opt/ros/humble /usr/bin/cmake --install /home/jimmy/ros2_ws/src/build/turtlesim
[32.395s] -- Install configuration: ""
[32.397s] -- Up-to-date: /home/jimmy/ros2_ws/src/install/turtlesim/share/ament_index/resource_index/rosidl_interfaces/turtlesim
[32.399s] -- Up-to-date: /home/jimmy/ros2_ws/src/install/turtlesim/include/turtlesim/turtlesim
[32.399s] -- Up-to-date: /home/jimmy/ros2_ws/src/install/turtlesim/include/turtlesim/turtlesim/srv
[32.400s] -- Up-to-date: /home/jimmy/ros2_ws/src/install/turtlesim/include/turtlesim/turtlesim/srv/kill.h
[32.400s] -- Up-to-date: /home/jimmy/ros2_ws/src/install/turtlesim/include/turtlesim/turtlesim/srv/set_pen.h
[32.400s] -- Up-to-date: /home/jimmy/ros2_ws/src/install/turtlesim/include/turtlesim/turtlesim/srv/teleport_relative.h
[32.401s] -- Up-to-date: /home/jimmy/ros2_ws/src/install/turtlesim/include/turtlesim/turtlesim/srv/spawn.h
[32.401s] -- Up-to-date: /home/jimmy/ros2_ws/src/install/turtlesim/include/turtlesim/turtlesim/srv/detail
[32.401s] -- Up-to-date: /home/jimmy/ros2_ws/src/install/turtlesim/include/turtlesim/turtlesim/srv/detail/spawn__struct.h
[32.401s] -- Up-to-date: /home/jimmy/ros2_ws/src/install/turtlesim/include/turtlesim/turtlesim/srv/detail/teleport_absolute__functions.c
[32.401s] -- Up-to-date: /home/jimmy/ros2_ws/src/install/turtlesim/include/turtlesim/turtlesim/srv/detail/teleport_absolute__functions.h
[32.401s] -- Up-to-date: /home/jimmy/ros2_ws/src/install/turtlesim/include/turtlesim/turtlesim/srv/detail/set_pen__functions.h
[32.402s] -- Up-to-date: /home/jimmy/ros2_ws/src/install/turtlesim/include/turtlesim/turtlesim/srv/detail/teleport_relative__struct.h
[32.402s] -- Up-to-date: /home/jimmy/ros2_ws/src/install/turtlesim/include/turtlesim/turtlesim/srv/detail/set_pen__functions.c
[32.402s] -- Up-to-date: /home/jimmy/ros2_ws/src/install/turtlesim/include/turtlesim/turtlesim/srv/detail/teleport_relative__functions.h
[32.402s] -- Up-to-date: /home/jimmy/ros2_ws/src/install/turtlesim/include/turtlesim/turtlesim/srv/detail/set_pen__struct.h
[32.403s] -- Up-to-date: /home/jimmy/ros2_ws/src/install/turtlesim/include/turtlesim/turtlesim/srv/detail/teleport_relative__type_support.h
[32.403s] -- Up-to-date: /home/jimmy/ros2_ws/src/install/turtlesim/include/turtlesim/turtlesim/srv/detail/spawn__functions.h
[32.403s] -- Up-to-date: /home/jimmy/ros2_ws/src/install/turtlesim/include/turtlesim/turtlesim/srv/detail/kill__functions.c
[32.403s] -- Up-to-date: /home/jimmy/ros2_ws/src/install/turtlesim/include/turtlesim/turtlesim/srv/detail/kill__functions.h
[32.403s] -- Up-to-date: /home/jimmy/ros2_ws/src/install/turtlesim/include/turtlesim/turtlesim/srv/detail/teleport_absolute__type_support.h
[32.403s] -- Up-to-date: /home/jimmy/ros2_ws/src/install/turtlesim/include/turtlesim/turtlesim/srv/detail/teleport_absolute__struct.h
[32.404s] -- Up-to-date: /home/jimmy/ros2_ws/src/install/turtlesim/include/turtlesim/turtlesim/srv/detail/teleport_relative__functions.c
[32.404s] -- Up-to-date: /home/jimmy/ros2_ws/src/install/turtlesim/include/turtlesim/turtlesim/srv/detail/spawn__type_support.h
[32.404s] -- Up-to-date: /home/jimmy/ros2_ws/src/install/turtlesim/include/turtlesim/turtlesim/srv/detail/kill__type_support.h
[32.404s] -- Up-to-date: /home/jimmy/ros2_ws/src/install/turtlesim/include/turtlesim/turtlesim/srv/detail/kill__struct.h
[32.405s] -- Up-to-date: /home/jimmy/ros2_ws/src/install/turtlesim/include/turtlesim/turtlesim/srv/detail/spawn__functions.c
[32.405s] -- Up-to-date: /home/jimmy/ros2_ws/src/install/turtlesim/include/turtlesim/turtlesim/srv/detail/set_pen__type_support.h
[32.405s] -- Up-to-date: /home/jimmy/ros2_ws/src/install/turtlesim/include/turtlesim/turtlesim/srv/teleport_absolute.h
[32.405s] -- Up-to-date: /home/jimmy/ros2_ws/src/install/turtlesim/include/turtlesim/turtlesim/msg
[32.405s] -- Up-to-date: /home/jimmy/ros2_ws/src/install/turtlesim/include/turtlesim/turtlesim/msg/pose.h
[32.405s] -- Up-to-date: /home/jimmy/ros2_ws/src/install/turtlesim/include/turtlesim/turtlesim/msg/rosidl_generator_c__visibility_control.h
[32.405s] -- Up-to-date: /home/jimmy/ros2_ws/src/install/turtlesim/include/turtlesim/turtlesim/msg/color.h
[32.406s] -- Up-to-date: /home/jimmy/ros2_ws/src/install/turtlesim/include/turtlesim/turtlesim/msg/detail
[32.406s] -- Up-to-date: /home/jimmy/ros2_ws/src/install/turtlesim/include/turtlesim/turtlesim/msg/detail/pose__functions.c
[32.406s] -- Up-to-date: /home/jimmy/ros2_ws/src/install/turtlesim/include/turtlesim/turtlesim/msg/detail/color__functions.c
[32.406s] -- Up-to-date: /home/jimmy/ros2_ws/src/install/turtlesim/include/turtlesim/turtlesim/msg/detail/pose__type_support.h
[32.406s] -- Up-to-date: /home/jimmy/ros2_ws/src/install/turtlesim/include/turtlesim/turtlesim/msg/detail/color__struct.h
[32.406s] -- Up-to-date: /home/jimmy/ros2_ws/src/install/turtlesim/include/turtlesim/turtlesim/msg/detail/color__functions.h
[32.407s] -- Up-to-date: /home/jimmy/ros2_ws/src/install/turtlesim/include/turtlesim/turtlesim/msg/detail/pose__functions.h
[32.407s] -- Up-to-date: /home/jimmy/ros2_ws/src/install/turtlesim/include/turtlesim/turtlesim/msg/detail/pose__struct.h
[32.407s] -- Up-to-date: /home/jimmy/ros2_ws/src/install/turtlesim/include/turtlesim/turtlesim/msg/detail/color__type_support.h
[32.407s] -- Up-to-date: /home/jimmy/ros2_ws/src/install/turtlesim/include/turtlesim/turtlesim/action
[32.407s] -- Up-to-date: /home/jimmy/ros2_ws/src/install/turtlesim/include/turtlesim/turtlesim/action/rotate_absolute.h
[32.407s] -- Up-to-date: /home/jimmy/ros2_ws/src/install/turtlesim/include/turtlesim/turtlesim/action/detail
[32.407s] -- Up-to-date: /home/jimmy/ros2_ws/src/install/turtlesim/include/turtlesim/turtlesim/action/detail/rotate_absolute__struct.h
[32.407s] -- Up-to-date: /home/jimmy/ros2_ws/src/install/turtlesim/include/turtlesim/turtlesim/action/detail/rotate_absolute__functions.c
[32.407s] -- Up-to-date: /home/jimmy/ros2_ws/src/install/turtlesim/include/turtlesim/turtlesim/action/detail/rotate_absolute__functions.h
[32.408s] -- Up-to-date: /home/jimmy/ros2_ws/src/install/turtlesim/include/turtlesim/turtlesim/action/detail/rotate_absolute__type_support.h
[32.408s] -- Up-to-date: /home/jimmy/ros2_ws/src/install/turtlesim/share/turtlesim/environment/library_path.sh
[32.408s] -- Up-to-date: /home/jimmy/ros2_ws/src/install/turtlesim/share/turtlesim/environment/library_path.dsv
[32.409s] -- Up-to-date: /home/jimmy/ros2_ws/src/install/turtlesim/lib/libturtlesim__rosidl_generator_c.so
[32.410s] -- Up-to-date: /home/jimmy/ros2_ws/src/install/turtlesim/include/turtlesim/turtlesim
[32.410s] -- Up-to-date: /home/jimmy/ros2_ws/src/install/turtlesim/include/turtlesim/turtlesim/srv
[32.410s] -- Up-to-date: /home/jimmy/ros2_ws/src/install/turtlesim/include/turtlesim/turtlesim/srv/detail
[32.410s] -- Up-to-date: /home/jimmy/ros2_ws/src/install/turtlesim/include/turtlesim/turtlesim/srv/detail/teleport_absolute__rosidl_typesupport_fastrtps_c.h
[32.410s] -- Up-to-date: /home/jimmy/ros2_ws/src/install/turtlesim/include/turtlesim/turtlesim/srv/detail/spawn__rosidl_typesupport_fastrtps_c.h
[32.410s] -- Up-to-date: /home/jimmy/ros2_ws/src/install/turtlesim/include/turtlesim/turtlesim/srv/detail/kill__rosidl_typesupport_fastrtps_c.h
[32.410s] -- Up-to-date: /home/jimmy/ros2_ws/src/install/turtlesim/include/turtlesim/turtlesim/srv/detail/teleport_relative__rosidl_typesupport_fastrtps_c.h
[32.411s] -- Up-to-date: /home/jimmy/ros2_ws/src/install/turtlesim/include/turtlesim/turtlesim/srv/detail/set_pen__rosidl_typesupport_fastrtps_c.h
[32.411s] -- Up-to-date: /home/jimmy/ros2_ws/src/install/turtlesim/include/turtlesim/turtlesim/msg
[32.411s] -- Up-to-date: /home/jimmy/ros2_ws/src/install/turtlesim/include/turtlesim/turtlesim/msg/rosidl_typesupport_fastrtps_c__visibility_control.h
[32.411s] -- Up-to-date: /home/jimmy/ros2_ws/src/install/turtlesim/include/turtlesim/turtlesim/msg/detail
[32.411s] -- Up-to-date: /home/jimmy/ros2_ws/src/install/turtlesim/include/turtlesim/turtlesim/msg/detail/pose__rosidl_typesupport_fastrtps_c.h
[32.411s] -- Up-to-date: /home/jimmy/ros2_ws/src/install/turtlesim/include/turtlesim/turtlesim/msg/detail/color__rosidl_typesupport_fastrtps_c.h
[32.411s] -- Up-to-date: /home/jimmy/ros2_ws/src/install/turtlesim/include/turtlesim/turtlesim/action
[32.411s] -- Up-to-date: /home/jimmy/ros2_ws/src/install/turtlesim/include/turtlesim/turtlesim/action/detail
[32.411s] -- Up-to-date: /home/jimmy/ros2_ws/src/install/turtlesim/include/turtlesim/turtlesim/action/detail/rotate_absolute__rosidl_typesupport_fastrtps_c.h
[32.411s] -- Up-to-date: /home/jimmy/ros2_ws/src/install/turtlesim/lib/libturtlesim__rosidl_typesupport_fastrtps_c.so
[32.411s] -- Up-to-date: /home/jimmy/ros2_ws/src/install/turtlesim/include/turtlesim/turtlesim
[32.411s] -- Up-to-date: /home/jimmy/ros2_ws/src/install/turtlesim/include/turtlesim/turtlesim/srv
[32.412s] -- Up-to-date: /home/jimmy/ros2_ws/src/install/turtlesim/include/turtlesim/turtlesim/srv/spawn.hpp
[32.412s] -- Up-to-date: /home/jimmy/ros2_ws/src/install/turtlesim/include/turtlesim/turtlesim/srv/kill.hpp
[32.412s] -- Up-to-date: /home/jimmy/ros2_ws/src/install/turtlesim/include/turtlesim/turtlesim/srv/set_pen.hpp
[32.412s] -- Up-to-date: /home/jimmy/ros2_ws/src/install/turtlesim/include/turtlesim/turtlesim/srv/detail
[32.412s] -- Up-to-date: /home/jimmy/ros2_ws/src/install/turtlesim/include/turtlesim/turtlesim/srv/detail/kill__traits.hpp
[32.412s] -- Up-to-date: /home/jimmy/ros2_ws/src/install/turtlesim/include/turtlesim/turtlesim/srv/detail/spawn__struct.hpp
[32.412s] -- Up-to-date: /home/jimmy/ros2_ws/src/install/turtlesim/include/turtlesim/turtlesim/srv/detail/teleport_absolute__builder.hpp
[32.413s] -- Up-to-date: /home/jimmy/ros2_ws/src/install/turtlesim/include/turtlesim/turtlesim/srv/detail/set_pen__traits.hpp
[32.413s] -- Up-to-date: /home/jimmy/ros2_ws/src/install/turtlesim/include/turtlesim/turtlesim/srv/detail/spawn__traits.hpp
[32.413s] -- Up-to-date: /home/jimmy/ros2_ws/src/install/turtlesim/include/turtlesim/turtlesim/srv/detail/teleport_relative__struct.hpp
[32.413s] -- Up-to-date: /home/jimmy/ros2_ws/src/install/turtlesim/include/turtlesim/turtlesim/srv/detail/set_pen__builder.hpp
[32.413s] -- Up-to-date: /home/jimmy/ros2_ws/src/install/turtlesim/include/turtlesim/turtlesim/srv/detail/spawn__builder.hpp
[32.413s] -- Up-to-date: /home/jimmy/ros2_ws/src/install/turtlesim/include/turtlesim/turtlesim/srv/detail/teleport_absolute__traits.hpp
[32.413s] -- Up-to-date: /home/jimmy/ros2_ws/src/install/turtlesim/include/turtlesim/turtlesim/srv/detail/kill__struct.hpp
[32.413s] -- Up-to-date: /home/jimmy/ros2_ws/src/install/turtlesim/include/turtlesim/turtlesim/srv/detail/set_pen__struct.hpp
[32.413s] -- Up-to-date: /home/jimmy/ros2_ws/src/install/turtlesim/include/turtlesim/turtlesim/srv/detail/kill__builder.hpp
[32.413s] -- Up-to-date: /home/jimmy/ros2_ws/src/install/turtlesim/include/turtlesim/turtlesim/srv/detail/teleport_relative__traits.hpp
[32.413s] -- Up-to-date: /home/jimmy/ros2_ws/src/install/turtlesim/include/turtlesim/turtlesim/srv/detail/teleport_absolute__struct.hpp
[32.414s] -- Up-to-date: /home/jimmy/ros2_ws/src/install/turtlesim/include/turtlesim/turtlesim/srv/detail/teleport_relative__builder.hpp
[32.414s] -- Up-to-date: /home/jimmy/ros2_ws/src/install/turtlesim/include/turtlesim/turtlesim/srv/teleport_relative.hpp
[32.414s] -- Up-to-date: /home/jimmy/ros2_ws/src/install/turtlesim/include/turtlesim/turtlesim/srv/teleport_absolute.hpp
[32.414s] -- Up-to-date: /home/jimmy/ros2_ws/src/install/turtlesim/include/turtlesim/turtlesim/msg
[32.414s] -- Up-to-date: /home/jimmy/ros2_ws/src/install/turtlesim/include/turtlesim/turtlesim/msg/color.hpp
[32.414s] -- Up-to-date: /home/jimmy/ros2_ws/src/install/turtlesim/include/turtlesim/turtlesim/msg/pose.hpp
[32.414s] -- Up-to-date: /home/jimmy/ros2_ws/src/install/turtlesim/include/turtlesim/turtlesim/msg/detail
[32.414s] -- Up-to-date: /home/jimmy/ros2_ws/src/install/turtlesim/include/turtlesim/turtlesim/msg/detail/pose__builder.hpp
[32.414s] -- Up-to-date: /home/jimmy/ros2_ws/src/install/turtlesim/include/turtlesim/turtlesim/msg/detail/color__struct.hpp
[32.414s] -- Up-to-date: /home/jimmy/ros2_ws/src/install/turtlesim/include/turtlesim/turtlesim/msg/detail/color__traits.hpp
[32.414s] -- Up-to-date: /home/jimmy/ros2_ws/src/install/turtlesim/include/turtlesim/turtlesim/msg/detail/color__builder.hpp
[32.414s] -- Up-to-date: /home/jimmy/ros2_ws/src/install/turtlesim/include/turtlesim/turtlesim/msg/detail/pose__traits.hpp
[32.414s] -- Up-to-date: /home/jimmy/ros2_ws/src/install/turtlesim/include/turtlesim/turtlesim/msg/detail/pose__struct.hpp
[32.414s] -- Up-to-date: /home/jimmy/ros2_ws/src/install/turtlesim/include/turtlesim/turtlesim/action
[32.414s] -- Up-to-date: /home/jimmy/ros2_ws/src/install/turtlesim/include/turtlesim/turtlesim/action/rotate_absolute.hpp
[32.414s] -- Up-to-date: /home/jimmy/ros2_ws/src/install/turtlesim/include/turtlesim/turtlesim/action/detail
[32.418s] -- Up-to-date: /home/jimmy/ros2_ws/src/install/turtlesim/include/turtlesim/turtlesim/action/detail/rotate_absolute__traits.hpp
[32.418s] -- Up-to-date: /home/jimmy/ros2_ws/src/install/turtlesim/include/turtlesim/turtlesim/action/detail/rotate_absolute__builder.hpp
[32.419s] -- Up-to-date: /home/jimmy/ros2_ws/src/install/turtlesim/include/turtlesim/turtlesim/action/detail/rotate_absolute__struct.hpp
[32.419s] -- Up-to-date: /home/jimmy/ros2_ws/src/install/turtlesim/include/turtlesim/turtlesim
[32.419s] -- Up-to-date: /home/jimmy/ros2_ws/src/install/turtlesim/include/turtlesim/turtlesim/srv
[32.419s] -- Up-to-date: /home/jimmy/ros2_ws/src/install/turtlesim/include/turtlesim/turtlesim/srv/detail
[32.419s] -- Up-to-date: /home/jimmy/ros2_ws/src/install/turtlesim/include/turtlesim/turtlesim/srv/detail/spawn__rosidl_typesupport_fastrtps_cpp.hpp
[32.419s] -- Up-to-date: /home/jimmy/ros2_ws/src/install/turtlesim/include/turtlesim/turtlesim/srv/detail/dds_fastrtps
[32.419s] -- Up-to-date: /home/jimmy/ros2_ws/src/install/turtlesim/include/turtlesim/turtlesim/srv/detail/teleport_relative__rosidl_typesupport_fastrtps_cpp.hpp
[32.419s] -- Up-to-date: /home/jimmy/ros2_ws/src/install/turtlesim/include/turtlesim/turtlesim/srv/detail/kill__rosidl_typesupport_fastrtps_cpp.hpp
[32.420s] -- Up-to-date: /home/jimmy/ros2_ws/src/install/turtlesim/include/turtlesim/turtlesim/srv/detail/teleport_absolute__rosidl_typesupport_fastrtps_cpp.hpp
[32.420s] -- Up-to-date: /home/jimmy/ros2_ws/src/install/turtlesim/include/turtlesim/turtlesim/srv/detail/set_pen__rosidl_typesupport_fastrtps_cpp.hpp
[32.420s] -- Up-to-date: /home/jimmy/ros2_ws/src/install/turtlesim/include/turtlesim/turtlesim/msg
[32.420s] -- Up-to-date: /home/jimmy/ros2_ws/src/install/turtlesim/include/turtlesim/turtlesim/msg/rosidl_typesupport_fastrtps_cpp__visibility_control.h
[32.420s] -- Up-to-date: /home/jimmy/ros2_ws/src/install/turtlesim/include/turtlesim/turtlesim/msg/detail
[32.420s] -- Up-to-date: /home/jimmy/ros2_ws/src/install/turtlesim/include/turtlesim/turtlesim/msg/detail/dds_fastrtps
[32.420s] -- Up-to-date: /home/jimmy/ros2_ws/src/install/turtlesim/include/turtlesim/turtlesim/msg/detail/pose__rosidl_typesupport_fastrtps_cpp.hpp
[32.421s] -- Up-to-date: /home/jimmy/ros2_ws/src/install/turtlesim/include/turtlesim/turtlesim/msg/detail/color__rosidl_typesupport_fastrtps_cpp.hpp
[32.421s] -- Up-to-date: /home/jimmy/ros2_ws/src/install/turtlesim/include/turtlesim/turtlesim/action
[32.421s] -- Up-to-date: /home/jimmy/ros2_ws/src/install/turtlesim/include/turtlesim/turtlesim/action/detail
[32.421s] -- Up-to-date: /home/jimmy/ros2_ws/src/install/turtlesim/include/turtlesim/turtlesim/action/detail/dds_fastrtps
[32.421s] -- Up-to-date: /home/jimmy/ros2_ws/src/install/turtlesim/include/turtlesim/turtlesim/action/detail/rotate_absolute__rosidl_typesupport_fastrtps_cpp.hpp
[32.421s] -- Up-to-date: /home/jimmy/ros2_ws/src/install/turtlesim/lib/libturtlesim__rosidl_typesupport_fastrtps_cpp.so
[32.421s] -- Up-to-date: /home/jimmy/ros2_ws/src/install/turtlesim/include/turtlesim/turtlesim
[32.421s] -- Up-to-date: /home/jimmy/ros2_ws/src/install/turtlesim/include/turtlesim/turtlesim/srv
[32.421s] -- Up-to-date: /home/jimmy/ros2_ws/src/install/turtlesim/include/turtlesim/turtlesim/srv/detail
[32.421s] -- Up-to-date: /home/jimmy/ros2_ws/src/install/turtlesim/include/turtlesim/turtlesim/srv/detail/teleport_relative__rosidl_typesupport_introspection_c.h
[32.422s] -- Up-to-date: /home/jimmy/ros2_ws/src/install/turtlesim/include/turtlesim/turtlesim/srv/detail/teleport_relative__type_support.c
[32.422s] -- Up-to-date: /home/jimmy/ros2_ws/src/install/turtlesim/include/turtlesim/turtlesim/srv/detail/set_pen__type_support.c
[32.422s] -- Up-to-date: /home/jimmy/ros2_ws/src/install/turtlesim/include/turtlesim/turtlesim/srv/detail/teleport_absolute__type_support.c
[32.422s] -- Up-to-date: /home/jimmy/ros2_ws/src/install/turtlesim/include/turtlesim/turtlesim/srv/detail/spawn__rosidl_typesupport_introspection_c.h
[32.422s] -- Up-to-date: /home/jimmy/ros2_ws/src/install/turtlesim/include/turtlesim/turtlesim/srv/detail/teleport_absolute__rosidl_typesupport_introspection_c.h
[32.422s] -- Up-to-date: /home/jimmy/ros2_ws/src/install/turtlesim/include/turtlesim/turtlesim/srv/detail/kill__rosidl_typesupport_introspection_c.h
[32.422s] -- Up-to-date: /home/jimmy/ros2_ws/src/install/turtlesim/include/turtlesim/turtlesim/srv/detail/kill__type_support.c
[32.422s] -- Up-to-date: /home/jimmy/ros2_ws/src/install/turtlesim/include/turtlesim/turtlesim/srv/detail/spawn__type_support.c
[32.422s] -- Up-to-date: /home/jimmy/ros2_ws/src/install/turtlesim/include/turtlesim/turtlesim/srv/detail/set_pen__rosidl_typesupport_introspection_c.h
[32.422s] -- Up-to-date: /home/jimmy/ros2_ws/src/install/turtlesim/include/turtlesim/turtlesim/msg
[32.423s] -- Up-to-date: /home/jimmy/ros2_ws/src/install/turtlesim/include/turtlesim/turtlesim/msg/detail
[32.423s] -- Up-to-date: /home/jimmy/ros2_ws/src/install/turtlesim/include/turtlesim/turtlesim/msg/detail/color__rosidl_typesupport_introspection_c.h
[32.423s] -- Up-to-date: /home/jimmy/ros2_ws/src/install/turtlesim/include/turtlesim/turtlesim/msg/detail/color__type_support.c
[32.423s] -- Up-to-date: /home/jimmy/ros2_ws/src/install/turtlesim/include/turtlesim/turtlesim/msg/detail/pose__rosidl_typesupport_introspection_c.h
[32.423s] -- Up-to-date: /home/jimmy/ros2_ws/src/install/turtlesim/include/turtlesim/turtlesim/msg/detail/pose__type_support.c
[32.423s] -- Up-to-date: /home/jimmy/ros2_ws/src/install/turtlesim/include/turtlesim/turtlesim/msg/rosidl_typesupport_introspection_c__visibility_control.h
[32.423s] -- Up-to-date: /home/jimmy/ros2_ws/src/install/turtlesim/include/turtlesim/turtlesim/action
[32.423s] -- Up-to-date: /home/jimmy/ros2_ws/src/install/turtlesim/include/turtlesim/turtlesim/action/detail
[32.423s] -- Up-to-date: /home/jimmy/ros2_ws/src/install/turtlesim/include/turtlesim/turtlesim/action/detail/rotate_absolute__rosidl_typesupport_introspection_c.h
[32.423s] -- Up-to-date: /home/jimmy/ros2_ws/src/install/turtlesim/include/turtlesim/turtlesim/action/detail/rotate_absolute__type_support.c
[32.424s] -- Up-to-date: /home/jimmy/ros2_ws/src/install/turtlesim/lib/libturtlesim__rosidl_typesupport_introspection_c.so
[32.425s] -- Up-to-date: /home/jimmy/ros2_ws/src/install/turtlesim/lib/libturtlesim__rosidl_typesupport_c.so
[32.425s] -- Up-to-date: /home/jimmy/ros2_ws/src/install/turtlesim/include/turtlesim/turtlesim
[32.425s] -- Up-to-date: /home/jimmy/ros2_ws/src/install/turtlesim/include/turtlesim/turtlesim/srv
[32.425s] -- Up-to-date: /home/jimmy/ros2_ws/src/install/turtlesim/include/turtlesim/turtlesim/srv/detail
[32.425s] -- Up-to-date: /home/jimmy/ros2_ws/src/install/turtlesim/include/turtlesim/turtlesim/srv/detail/set_pen__rosidl_typesupport_introspection_cpp.hpp
[32.425s] -- Up-to-date: /home/jimmy/ros2_ws/src/install/turtlesim/include/turtlesim/turtlesim/srv/detail/spawn__rosidl_typesupport_introspection_cpp.hpp
[32.425s] -- Up-to-date: /home/jimmy/ros2_ws/src/install/turtlesim/include/turtlesim/turtlesim/srv/detail/teleport_absolute__rosidl_typesupport_introspection_cpp.hpp
[32.425s] -- Up-to-date: /home/jimmy/ros2_ws/src/install/turtlesim/include/turtlesim/turtlesim/srv/detail/teleport_absolute__type_support.cpp
[32.426s] -- Up-to-date: /home/jimmy/ros2_ws/src/install/turtlesim/include/turtlesim/turtlesim/srv/detail/teleport_relative__rosidl_typesupport_introspection_cpp.hpp
[32.426s] -- Up-to-date: /home/jimmy/ros2_ws/src/install/turtlesim/include/turtlesim/turtlesim/srv/detail/set_pen__type_support.cpp
[32.426s] -- Up-to-date: /home/jimmy/ros2_ws/src/install/turtlesim/include/turtlesim/turtlesim/srv/detail/kill__type_support.cpp
[32.426s] -- Up-to-date: /home/jimmy/ros2_ws/src/install/turtlesim/include/turtlesim/turtlesim/srv/detail/spawn__type_support.cpp
[32.426s] -- Up-to-date: /home/jimmy/ros2_ws/src/install/turtlesim/include/turtlesim/turtlesim/srv/detail/teleport_relative__type_support.cpp
[32.426s] -- Up-to-date: /home/jimmy/ros2_ws/src/install/turtlesim/include/turtlesim/turtlesim/srv/detail/kill__rosidl_typesupport_introspection_cpp.hpp
[32.426s] -- Up-to-date: /home/jimmy/ros2_ws/src/install/turtlesim/include/turtlesim/turtlesim/msg
[32.427s] -- Up-to-date: /home/jimmy/ros2_ws/src/install/turtlesim/include/turtlesim/turtlesim/msg/detail
[32.427s] -- Up-to-date: /home/jimmy/ros2_ws/src/install/turtlesim/include/turtlesim/turtlesim/msg/detail/color__type_support.cpp
[32.427s] -- Up-to-date: /home/jimmy/ros2_ws/src/install/turtlesim/include/turtlesim/turtlesim/msg/detail/color__rosidl_typesupport_introspection_cpp.hpp
[32.427s] -- Up-to-date: /home/jimmy/ros2_ws/src/install/turtlesim/include/turtlesim/turtlesim/msg/detail/pose__type_support.cpp
[32.427s] -- Up-to-date: /home/jimmy/ros2_ws/src/install/turtlesim/include/turtlesim/turtlesim/msg/detail/pose__rosidl_typesupport_introspection_cpp.hpp
[32.427s] -- Up-to-date: /home/jimmy/ros2_ws/src/install/turtlesim/include/turtlesim/turtlesim/action
[32.427s] -- Up-to-date: /home/jimmy/ros2_ws/src/install/turtlesim/include/turtlesim/turtlesim/action/detail
[32.428s] -- Up-to-date: /home/jimmy/ros2_ws/src/install/turtlesim/include/turtlesim/turtlesim/action/detail/rotate_absolute__rosidl_typesupport_introspection_cpp.hpp
[32.428s] -- Up-to-date: /home/jimmy/ros2_ws/src/install/turtlesim/include/turtlesim/turtlesim/action/detail/rotate_absolute__type_support.cpp
[32.428s] -- Up-to-date: /home/jimmy/ros2_ws/src/install/turtlesim/lib/libturtlesim__rosidl_typesupport_introspection_cpp.so
[32.429s] -- Up-to-date: /home/jimmy/ros2_ws/src/install/turtlesim/lib/libturtlesim__rosidl_typesupport_cpp.so
[32.430s] -- Up-to-date: /home/jimmy/ros2_ws/src/install/turtlesim/share/turtlesim/environment/pythonpath.sh
[32.430s] -- Up-to-date: /home/jimmy/ros2_ws/src/install/turtlesim/share/turtlesim/environment/pythonpath.dsv
[32.432s] -- Up-to-date: /home/jimmy/ros2_ws/src/install/turtlesim/local/lib/python3.10/dist-packages/turtlesim-1.4.2-py3.10.egg-info
[32.432s] -- Installing: /home/jimmy/ros2_ws/src/install/turtlesim/local/lib/python3.10/dist-packages/turtlesim-1.4.2-py3.10.egg-info/dependency_links.txt
[32.432s] -- Installing: /home/jimmy/ros2_ws/src/install/turtlesim/local/lib/python3.10/dist-packages/turtlesim-1.4.2-py3.10.egg-info/SOURCES.txt
[32.433s] -- Installing: /home/jimmy/ros2_ws/src/install/turtlesim/local/lib/python3.10/dist-packages/turtlesim-1.4.2-py3.10.egg-info/PKG-INFO
[32.434s] -- Installing: /home/jimmy/ros2_ws/src/install/turtlesim/local/lib/python3.10/dist-packages/turtlesim-1.4.2-py3.10.egg-info/top_level.txt
[32.434s] -- Up-to-date: /home/jimmy/ros2_ws/src/install/turtlesim/local/lib/python3.10/dist-packages/turtlesim
[32.434s] -- Up-to-date: /home/jimmy/ros2_ws/src/install/turtlesim/local/lib/python3.10/dist-packages/turtlesim/srv
[32.435s] -- Up-to-date: /home/jimmy/ros2_ws/src/install/turtlesim/local/lib/python3.10/dist-packages/turtlesim/srv/_set_pen.py
[32.435s] -- Up-to-date: /home/jimmy/ros2_ws/src/install/turtlesim/local/lib/python3.10/dist-packages/turtlesim/srv/_set_pen_s.c
[32.435s] -- Up-to-date: /home/jimmy/ros2_ws/src/install/turtlesim/local/lib/python3.10/dist-packages/turtlesim/srv/_spawn_s.c
[32.435s] -- Up-to-date: /home/jimmy/ros2_ws/src/install/turtlesim/local/lib/python3.10/dist-packages/turtlesim/srv/_teleport_relative_s.c
[32.436s] -- Up-to-date: /home/jimmy/ros2_ws/src/install/turtlesim/local/lib/python3.10/dist-packages/turtlesim/srv/__init__.py
[32.436s] -- Up-to-date: /home/jimmy/ros2_ws/src/install/turtlesim/local/lib/python3.10/dist-packages/turtlesim/srv/_spawn.py
[32.436s] -- Up-to-date: /home/jimmy/ros2_ws/src/install/turtlesim/local/lib/python3.10/dist-packages/turtlesim/srv/_teleport_relative.py
[32.436s] -- Up-to-date: /home/jimmy/ros2_ws/src/install/turtlesim/local/lib/python3.10/dist-packages/turtlesim/srv/_teleport_absolute_s.c
[32.436s] -- Up-to-date: /home/jimmy/ros2_ws/src/install/turtlesim/local/lib/python3.10/dist-packages/turtlesim/srv/_kill.py
[32.436s] -- Up-to-date: /home/jimmy/ros2_ws/src/install/turtlesim/local/lib/python3.10/dist-packages/turtlesim/srv/_teleport_absolute.py
[32.436s] -- Up-to-date: /home/jimmy/ros2_ws/src/install/turtlesim/local/lib/python3.10/dist-packages/turtlesim/srv/_kill_s.c
[32.436s] -- Up-to-date: /home/jimmy/ros2_ws/src/install/turtlesim/local/lib/python3.10/dist-packages/turtlesim/turtlesim_s__rosidl_typesupport_c.cpython-310-x86_64-linux-gnu.so
[32.437s] -- Up-to-date: /home/jimmy/ros2_ws/src/install/turtlesim/local/lib/python3.10/dist-packages/turtlesim/_turtlesim_s.ep.rosidl_typesupport_introspection_c.c
[32.437s] -- Up-to-date: /home/jimmy/ros2_ws/src/install/turtlesim/local/lib/python3.10/dist-packages/turtlesim/libturtlesim__rosidl_generator_py.so
[32.437s] -- Up-to-date: /home/jimmy/ros2_ws/src/install/turtlesim/local/lib/python3.10/dist-packages/turtlesim/_turtlesim_s.ep.rosidl_typesupport_c.c
[32.437s] -- Up-to-date: /home/jimmy/ros2_ws/src/install/turtlesim/local/lib/python3.10/dist-packages/turtlesim/turtlesim_s__rosidl_typesupport_introspection_c.cpython-310-x86_64-linux-gnu.so
[32.437s] -- Up-to-date: /home/jimmy/ros2_ws/src/install/turtlesim/local/lib/python3.10/dist-packages/turtlesim/__init__.py
[32.437s] -- Up-to-date: /home/jimmy/ros2_ws/src/install/turtlesim/local/lib/python3.10/dist-packages/turtlesim/_turtlesim_s.ep.rosidl_typesupport_fastrtps_c.c
[32.437s] -- Up-to-date: /home/jimmy/ros2_ws/src/install/turtlesim/local/lib/python3.10/dist-packages/turtlesim/msg
[32.438s] -- Up-to-date: /home/jimmy/ros2_ws/src/install/turtlesim/local/lib/python3.10/dist-packages/turtlesim/msg/_color_s.c
[32.438s] -- Up-to-date: /home/jimmy/ros2_ws/src/install/turtlesim/local/lib/python3.10/dist-packages/turtlesim/msg/_color.py
[32.438s] -- Up-to-date: /home/jimmy/ros2_ws/src/install/turtlesim/local/lib/python3.10/dist-packages/turtlesim/msg/__init__.py
[32.438s] -- Up-to-date: /home/jimmy/ros2_ws/src/install/turtlesim/local/lib/python3.10/dist-packages/turtlesim/msg/_pose_s.c
[32.438s] -- Up-to-date: /home/jimmy/ros2_ws/src/install/turtlesim/local/lib/python3.10/dist-packages/turtlesim/msg/_pose.py
[32.438s] -- Up-to-date: /home/jimmy/ros2_ws/src/install/turtlesim/local/lib/python3.10/dist-packages/turtlesim/action
[32.438s] -- Up-to-date: /home/jimmy/ros2_ws/src/install/turtlesim/local/lib/python3.10/dist-packages/turtlesim/action/_rotate_absolute.py
[32.438s] -- Up-to-date: /home/jimmy/ros2_ws/src/install/turtlesim/local/lib/python3.10/dist-packages/turtlesim/action/__init__.py
[32.438s] -- Up-to-date: /home/jimmy/ros2_ws/src/install/turtlesim/local/lib/python3.10/dist-packages/turtlesim/action/_rotate_absolute_s.c
[32.439s] -- Up-to-date: /home/jimmy/ros2_ws/src/install/turtlesim/local/lib/python3.10/dist-packages/turtlesim/turtlesim_s__rosidl_typesupport_fastrtps_c.cpython-310-x86_64-linux-gnu.so
[32.529s] Listing '/home/jimmy/ros2_ws/src/install/turtlesim/local/lib/python3.10/dist-packages/turtlesim'...
[32.529s] Listing '/home/jimmy/ros2_ws/src/install/turtlesim/local/lib/python3.10/dist-packages/turtlesim/action'...
[32.529s] Listing '/home/jimmy/ros2_ws/src/install/turtlesim/local/lib/python3.10/dist-packages/turtlesim/msg'...
[32.530s] Listing '/home/jimmy/ros2_ws/src/install/turtlesim/local/lib/python3.10/dist-packages/turtlesim/srv'...
[32.537s] -- Up-to-date: /home/jimmy/ros2_ws/src/install/turtlesim/local/lib/python3.10/dist-packages/turtlesim/turtlesim_s__rosidl_typesupport_fastrtps_c.cpython-310-x86_64-linux-gnu.so
[32.539s] -- Up-to-date: /home/jimmy/ros2_ws/src/install/turtlesim/local/lib/python3.10/dist-packages/turtlesim/turtlesim_s__rosidl_typesupport_introspection_c.cpython-310-x86_64-linux-gnu.so
[32.542s] -- Up-to-date: /home/jimmy/ros2_ws/src/install/turtlesim/local/lib/python3.10/dist-packages/turtlesim/turtlesim_s__rosidl_typesupport_c.cpython-310-x86_64-linux-gnu.so
[32.547s] -- Up-to-date: /home/jimmy/ros2_ws/src/install/turtlesim/lib/libturtlesim__rosidl_generator_py.so
[32.548s] -- Up-to-date: /home/jimmy/ros2_ws/src/install/turtlesim/share/turtlesim/action/RotateAbsolute.idl
[32.550s] -- Up-to-date: /home/jimmy/ros2_ws/src/install/turtlesim/share/turtlesim/msg/Color.idl
[32.550s] -- Up-to-date: /home/jimmy/ros2_ws/src/install/turtlesim/share/turtlesim/msg/Pose.idl
[32.551s] -- Up-to-date: /home/jimmy/ros2_ws/src/install/turtlesim/share/turtlesim/srv/Kill.idl
[32.551s] -- Up-to-date: /home/jimmy/ros2_ws/src/install/turtlesim/share/turtlesim/srv/SetPen.idl
[32.551s] -- Up-to-date: /home/jimmy/ros2_ws/src/install/turtlesim/share/turtlesim/srv/Spawn.idl
[32.551s] -- Up-to-date: /home/jimmy/ros2_ws/src/install/turtlesim/share/turtlesim/srv/TeleportAbsolute.idl
[32.555s] -- Up-to-date: /home/jimmy/ros2_ws/src/install/turtlesim/share/turtlesim/srv/TeleportRelative.idl
[32.556s] -- Up-to-date: /home/jimmy/ros2_ws/src/install/turtlesim/share/turtlesim/action/RotateAbsolute.action
[32.556s] -- Up-to-date: /home/jimmy/ros2_ws/src/install/turtlesim/share/turtlesim/msg/Color.msg
[32.556s] -- Up-to-date: /home/jimmy/ros2_ws/src/install/turtlesim/share/turtlesim/msg/Pose.msg
[32.556s] -- Up-to-date: /home/jimmy/ros2_ws/src/install/turtlesim/share/turtlesim/srv/Kill.srv
[32.556s] -- Up-to-date: /home/jimmy/ros2_ws/src/install/turtlesim/share/turtlesim/srv/Kill_Request.msg
[32.556s] -- Up-to-date: /home/jimmy/ros2_ws/src/install/turtlesim/share/turtlesim/srv/Kill_Response.msg
[32.556s] -- Up-to-date: /home/jimmy/ros2_ws/src/install/turtlesim/share/turtlesim/srv/SetPen.srv
[32.556s] -- Up-to-date: /home/jimmy/ros2_ws/src/install/turtlesim/share/turtlesim/srv/SetPen_Request.msg
[32.557s] -- Up-to-date: /home/jimmy/ros2_ws/src/install/turtlesim/share/turtlesim/srv/SetPen_Response.msg
[32.557s] -- Up-to-date: /home/jimmy/ros2_ws/src/install/turtlesim/share/turtlesim/srv/Spawn.srv
[32.557s] -- Up-to-date: /home/jimmy/ros2_ws/src/install/turtlesim/share/turtlesim/srv/Spawn_Request.msg
[32.557s] -- Up-to-date: /home/jimmy/ros2_ws/src/install/turtlesim/share/turtlesim/srv/Spawn_Response.msg
[32.557s] -- Up-to-date: /home/jimmy/ros2_ws/src/install/turtlesim/share/turtlesim/srv/TeleportAbsolute.srv
[32.557s] -- Up-to-date: /home/jimmy/ros2_ws/src/install/turtlesim/share/turtlesim/srv/TeleportAbsolute_Request.msg
[32.557s] -- Up-to-date: /home/jimmy/ros2_ws/src/install/turtlesim/share/turtlesim/srv/TeleportAbsolute_Response.msg
[32.557s] -- Up-to-date: /home/jimmy/ros2_ws/src/install/turtlesim/share/turtlesim/srv/TeleportRelative.srv
[32.558s] -- Up-to-date: /home/jimmy/ros2_ws/src/install/turtlesim/share/turtlesim/srv/TeleportRelative_Request.msg
[32.558s] -- Up-to-date: /home/jimmy/ros2_ws/src/install/turtlesim/share/turtlesim/srv/TeleportRelative_Response.msg
[32.560s] -- Installing: /home/jimmy/ros2_ws/src/install/turtlesim/lib/turtlesim/turtlesim_node
[32.579s] -- Set runtime path of "/home/jimmy/ros2_ws/src/install/turtlesim/lib/turtlesim/turtlesim_node" to ""
[32.583s] -- Up-to-date: /home/jimmy/ros2_ws/src/install/turtlesim/lib/turtlesim/turtle_teleop_key
[32.585s] -- Up-to-date: /home/jimmy/ros2_ws/src/install/turtlesim/lib/turtlesim/draw_square
[32.587s] -- Up-to-date: /home/jimmy/ros2_ws/src/install/turtlesim/lib/turtlesim/mimic
[32.588s] -- Up-to-date: /home/jimmy/ros2_ws/src/install/turtlesim/share/turtlesim/images
[32.590s] -- Up-to-date: /home/jimmy/ros2_ws/src/install/turtlesim/share/turtlesim/images/galactic.png
[32.590s] -- Up-to-date: /home/jimmy/ros2_ws/src/install/turtlesim/share/turtlesim/images/foxy.png
[32.590s] -- Up-to-date: /home/jimmy/ros2_ws/src/install/turtlesim/share/turtlesim/images/dashing.png
[32.590s] -- Up-to-date: /home/jimmy/ros2_ws/src/install/turtlesim/share/turtlesim/images/bouncy.png
[32.591s] -- Up-to-date: /home/jimmy/ros2_ws/src/install/turtlesim/share/turtlesim/images/crystal.png
[32.591s] -- Up-to-date: /home/jimmy/ros2_ws/src/install/turtlesim/share/turtlesim/images/humble.png
[32.591s] -- Up-to-date: /home/jimmy/ros2_ws/src/install/turtlesim/share/turtlesim/images/ardent.png
[32.591s] -- Up-to-date: /home/jimmy/ros2_ws/src/install/turtlesim/share/turtlesim/images/rolling.png
[32.591s] -- Up-to-date: /home/jimmy/ros2_ws/src/install/turtlesim/share/turtlesim/images/eloquent.png
[32.592s] -- Up-to-date: /home/jimmy/ros2_ws/src/install/turtlesim/share/turtlesim/launch
[32.592s] -- Up-to-date: /home/jimmy/ros2_ws/src/install/turtlesim/share/turtlesim/launch/multisim.launch.py
[32.592s] -- Up-to-date: /home/jimmy/ros2_ws/src/install/turtlesim/share/ament_index/resource_index/package_run_dependencies/turtlesim
[32.593s] -- Up-to-date: /home/jimmy/ros2_ws/src/install/turtlesim/share/ament_index/resource_index/parent_prefix_path/turtlesim
[32.593s] -- Up-to-date: /home/jimmy/ros2_ws/src/install/turtlesim/share/turtlesim/environment/ament_prefix_path.sh
[32.593s] -- Up-to-date: /home/jimmy/ros2_ws/src/install/turtlesim/share/turtlesim/environment/ament_prefix_path.dsv
[32.594s] -- Up-to-date: /home/jimmy/ros2_ws/src/install/turtlesim/share/turtlesim/environment/path.sh
[32.594s] -- Up-to-date: /home/jimmy/ros2_ws/src/install/turtlesim/share/turtlesim/environment/path.dsv
[32.594s] -- Up-to-date: /home/jimmy/ros2_ws/src/install/turtlesim/share/turtlesim/local_setup.bash
[32.595s] -- Up-to-date: /home/jimmy/ros2_ws/src/install/turtlesim/share/turtlesim/local_setup.sh
[32.595s] -- Up-to-date: /home/jimmy/ros2_ws/src/install/turtlesim/share/turtlesim/local_setup.zsh
[32.595s] -- Up-to-date: /home/jimmy/ros2_ws/src/install/turtlesim/share/turtlesim/local_setup.dsv
[32.595s] -- Installing: /home/jimmy/ros2_ws/src/install/turtlesim/share/turtlesim/package.dsv
[32.595s] -- Up-to-date: /home/jimmy/ros2_ws/src/install/turtlesim/share/ament_index/resource_index/packages/turtlesim
[32.597s] -- Up-to-date: /home/jimmy/ros2_ws/src/install/turtlesim/share/turtlesim/cmake/export_turtlesim__rosidl_generator_cExport.cmake
[32.597s] -- Up-to-date: /home/jimmy/ros2_ws/src/install/turtlesim/share/turtlesim/cmake/export_turtlesim__rosidl_generator_cExport-noconfig.cmake
[32.598s] -- Up-to-date: /home/jimmy/ros2_ws/src/install/turtlesim/share/turtlesim/cmake/export_turtlesim__rosidl_typesupport_fastrtps_cExport.cmake
[32.599s] -- Up-to-date: /home/jimmy/ros2_ws/src/install/turtlesim/share/turtlesim/cmake/export_turtlesim__rosidl_typesupport_fastrtps_cExport-noconfig.cmake
[32.599s] -- Up-to-date: /home/jimmy/ros2_ws/src/install/turtlesim/share/turtlesim/cmake/export_turtlesim__rosidl_generator_cppExport.cmake
[32.601s] -- Up-to-date: /home/jimmy/ros2_ws/src/install/turtlesim/share/turtlesim/cmake/export_turtlesim__rosidl_typesupport_fastrtps_cppExport.cmake
[32.601s] -- Up-to-date: /home/jimmy/ros2_ws/src/install/turtlesim/share/turtlesim/cmake/export_turtlesim__rosidl_typesupport_fastrtps_cppExport-noconfig.cmake
[32.601s] -- Up-to-date: /home/jimmy/ros2_ws/src/install/turtlesim/share/turtlesim/cmake/turtlesim__rosidl_typesupport_introspection_cExport.cmake
[32.602s] -- Up-to-date: /home/jimmy/ros2_ws/src/install/turtlesim/share/turtlesim/cmake/turtlesim__rosidl_typesupport_introspection_cExport-noconfig.cmake
[32.603s] -- Up-to-date: /home/jimmy/ros2_ws/src/install/turtlesim/share/turtlesim/cmake/turtlesim__rosidl_typesupport_cExport.cmake
[32.603s] -- Up-to-date: /home/jimmy/ros2_ws/src/install/turtlesim/share/turtlesim/cmake/turtlesim__rosidl_typesupport_cExport-noconfig.cmake
[32.604s] -- Up-to-date: /home/jimmy/ros2_ws/src/install/turtlesim/share/turtlesim/cmake/turtlesim__rosidl_typesupport_introspection_cppExport.cmake
[32.604s] -- Up-to-date: /home/jimmy/ros2_ws/src/install/turtlesim/share/turtlesim/cmake/turtlesim__rosidl_typesupport_introspection_cppExport-noconfig.cmake
[32.606s] -- Up-to-date: /home/jimmy/ros2_ws/src/install/turtlesim/share/turtlesim/cmake/turtlesim__rosidl_typesupport_cppExport.cmake
[32.606s] -- Up-to-date: /home/jimmy/ros2_ws/src/install/turtlesim/share/turtlesim/cmake/turtlesim__rosidl_typesupport_cppExport-noconfig.cmake
[32.607s] -- Up-to-date: /home/jimmy/ros2_ws/src/install/turtlesim/share/turtlesim/cmake/export_turtlesim__rosidl_generator_pyExport.cmake
[32.607s] -- Up-to-date: /home/jimmy/ros2_ws/src/install/turtlesim/share/turtlesim/cmake/export_turtlesim__rosidl_generator_pyExport-noconfig.cmake
[32.607s] -- Up-to-date: /home/jimmy/ros2_ws/src/install/turtlesim/share/turtlesim/cmake/rosidl_cmake-extras.cmake
[32.608s] -- Up-to-date: /home/jimmy/ros2_ws/src/install/turtlesim/share/turtlesim/cmake/ament_cmake_export_dependencies-extras.cmake
[32.608s] -- Up-to-date: /home/jimmy/ros2_ws/src/install/turtlesim/share/turtlesim/cmake/ament_cmake_export_include_directories-extras.cmake
[32.608s] -- Up-to-date: /home/jimmy/ros2_ws/src/install/turtlesim/share/turtlesim/cmake/ament_cmake_export_libraries-extras.cmake
[32.608s] -- Up-to-date: /home/jimmy/ros2_ws/src/install/turtlesim/share/turtlesim/cmake/ament_cmake_export_targets-extras.cmake
[32.608s] -- Up-to-date: /home/jimmy/ros2_ws/src/install/turtlesim/share/turtlesim/cmake/rosidl_cmake_export_typesupport_targets-extras.cmake
[32.608s] -- Up-to-date: /home/jimmy/ros2_ws/src/install/turtlesim/share/turtlesim/cmake/rosidl_cmake_export_typesupport_libraries-extras.cmake
[32.609s] -- Up-to-date: /home/jimmy/ros2_ws/src/install/turtlesim/share/turtlesim/cmake/turtlesimConfig.cmake
[32.609s] -- Up-to-date: /home/jimmy/ros2_ws/src/install/turtlesim/share/turtlesim/cmake/turtlesimConfig-version.cmake
[32.609s] -- Up-to-date: /home/jimmy/ros2_ws/src/install/turtlesim/share/turtlesim/package.xml
[32.615s] Invoked command in '/home/jimmy/ros2_ws/src/build/turtlesim' returned '0': CMAKE_PREFIX_PATH=/opt/ros/humble /usr/bin/cmake --install /home/jimmy/ros2_ws/src/build/turtlesim
