[2.208s] Invoking command in '/home/jimmy/ros2_ws/src/py_srvcli': AMENT_PREFIX_PATH=/home/jimmy/ros2_ws/src/install/tutorial_interfaces:${AMENT_PREFIX_PATH} CMAKE_PREFIX_PATH=/home/jimmy/ros2_ws/src/install/tutorial_interfaces LD_LIBRARY_PATH=/home/jimmy/ros2_ws/src/install/tutorial_interfaces/lib:${LD_LIBRARY_PATH} PYTHONPATH=/home/jimmy/ros2_ws/src/build/py_srvcli/prefix_override:/usr/lib/python3/dist-packages/colcon_core/task/python/colcon_distutils_commands:/home/jimmy/ros2_ws/src/install/py_srvcli/lib/python3.10/site-packages:/home/jimmy/ros2_ws/src/install/tutorial_interfaces/local/lib/python3.10/dist-packages:${PYTHONPATH} /usr/bin/python3 -W ignore:setup.py install is deprecated setup.py egg_info --egg-base ../build/py_srvcli build --build-base /home/jimmy/ros2_ws/src/build/py_srvcli/build install --record /home/jimmy/ros2_ws/src/build/py_srvcli/install.log --single-version-externally-managed install_data
[2.732s] running egg_info
[2.735s] creating ../build/py_srvcli/py_srvcli.egg-info
[2.735s] writing ../build/py_srvcli/py_srvcli.egg-info/PKG-INFO
[2.735s] writing dependency_links to ../build/py_srvcli/py_srvcli.egg-info/dependency_links.txt
[2.736s] writing entry points to ../build/py_srvcli/py_srvcli.egg-info/entry_points.txt
[2.736s] writing requirements to ../build/py_srvcli/py_srvcli.egg-info/requires.txt
[2.736s] writing top-level names to ../build/py_srvcli/py_srvcli.egg-info/top_level.txt
[2.736s] writing manifest file '../build/py_srvcli/py_srvcli.egg-info/SOURCES.txt'
[2.736s] reading manifest file '../build/py_srvcli/py_srvcli.egg-info/SOURCES.txt'
[2.736s] adding license file 'LICENSE'
[2.736s] writing manifest file '../build/py_srvcli/py_srvcli.egg-info/SOURCES.txt'
[2.737s] running build
[2.737s] running build_py
[2.737s] creating /home/jimmy/ros2_ws/src/build/py_srvcli/build
[2.737s] creating /home/jimmy/ros2_ws/src/build/py_srvcli/build/lib
[2.737s] creating /home/jimmy/ros2_ws/src/build/py_srvcli/build/lib/py_srvcli
[2.737s] copying py_srvcli/client_member_function.py -> /home/jimmy/ros2_ws/src/build/py_srvcli/build/lib/py_srvcli
[2.742s] copying py_srvcli/__init__.py -> /home/jimmy/ros2_ws/src/build/py_srvcli/build/lib/py_srvcli
[2.743s] copying py_srvcli/service_member_function.py -> /home/jimmy/ros2_ws/src/build/py_srvcli/build/lib/py_srvcli
[2.753s] running install
[2.754s] running install_lib
[2.754s] creating /home/jimmy/ros2_ws/src/install/py_srvcli/lib/python3.10/site-packages/py_srvcli
[2.754s] copying /home/jimmy/ros2_ws/src/build/py_srvcli/build/lib/py_srvcli/client_member_function.py -> /home/jimmy/ros2_ws/src/install/py_srvcli/lib/python3.10/site-packages/py_srvcli
[2.754s] copying /home/jimmy/ros2_ws/src/build/py_srvcli/build/lib/py_srvcli/__init__.py -> /home/jimmy/ros2_ws/src/install/py_srvcli/lib/python3.10/site-packages/py_srvcli
[2.754s] copying /home/jimmy/ros2_ws/src/build/py_srvcli/build/lib/py_srvcli/service_member_function.py -> /home/jimmy/ros2_ws/src/install/py_srvcli/lib/python3.10/site-packages/py_srvcli
[2.754s] byte-compiling /home/jimmy/ros2_ws/src/install/py_srvcli/lib/python3.10/site-packages/py_srvcli/client_member_function.py to client_member_function.cpython-310.pyc
[2.781s] byte-compiling /home/jimmy/ros2_ws/src/install/py_srvcli/lib/python3.10/site-packages/py_srvcli/__init__.py to __init__.cpython-310.pyc
[2.782s] byte-compiling /home/jimmy/ros2_ws/src/install/py_srvcli/lib/python3.10/site-packages/py_srvcli/service_member_function.py to service_member_function.cpython-310.pyc
[2.782s] running install_data
[2.782s] creating /home/jimmy/ros2_ws/src/install/py_srvcli/share/ament_index
[2.782s] creating /home/jimmy/ros2_ws/src/install/py_srvcli/share/ament_index/resource_index
[2.782s] creating /home/jimmy/ros2_ws/src/install/py_srvcli/share/ament_index/resource_index/packages
[2.782s] copying resource/py_srvcli -> /home/jimmy/ros2_ws/src/install/py_srvcli/share/ament_index/resource_index/packages
[2.782s] copying package.xml -> /home/jimmy/ros2_ws/src/install/py_srvcli/share/py_srvcli
[2.782s] running install_egg_info
[2.784s] Copying ../build/py_srvcli/py_srvcli.egg-info to /home/jimmy/ros2_ws/src/install/py_srvcli/lib/python3.10/site-packages/py_srvcli-0.0.0-py3.10.egg-info
[2.784s] running install_scripts
[2.799s] Installing client script to /home/jimmy/ros2_ws/src/install/py_srvcli/lib/py_srvcli
[2.799s] Installing service script to /home/jimmy/ros2_ws/src/install/py_srvcli/lib/py_srvcli
[2.800s] writing list of installed files to '/home/jimmy/ros2_ws/src/build/py_srvcli/install.log'
[2.873s] Invoked command in '/home/jimmy/ros2_ws/src/py_srvcli' returned '0': AMENT_PREFIX_PATH=/home/jimmy/ros2_ws/src/install/tutorial_interfaces:${AMENT_PREFIX_PATH} CMAKE_PREFIX_PATH=/home/jimmy/ros2_ws/src/install/tutorial_interfaces LD_LIBRARY_PATH=/home/jimmy/ros2_ws/src/install/tutorial_interfaces/lib:${LD_LIBRARY_PATH} PYTHONPATH=/home/jimmy/ros2_ws/src/build/py_srvcli/prefix_override:/usr/lib/python3/dist-packages/colcon_core/task/python/colcon_distutils_commands:/home/jimmy/ros2_ws/src/install/py_srvcli/lib/python3.10/site-packages:/home/jimmy/ros2_ws/src/install/tutorial_interfaces/local/lib/python3.10/dist-packages:${PYTHONPATH} /usr/bin/python3 -W ignore:setup.py install is deprecated setup.py egg_info --egg-base ../build/py_srvcli build --build-base /home/jimmy/ros2_ws/src/build/py_srvcli/build install --record /home/jimmy/ros2_ws/src/build/py_srvcli/install.log --single-version-externally-managed install_data
