[4.810s] Invoking command in '/home/jimmy/ros2_ws/src/my_package': PYTHONPATH=/home/jimmy/ros2_ws/src/build/my_package/prefix_override:/usr/lib/python3/dist-packages/colcon_core/task/python/colcon_distutils_commands:/home/jimmy/ros2_ws/src/install/my_package/lib/python3.10/site-packages:${PYTHONPATH} /usr/bin/python3 -W ignore:setup.py install is deprecated setup.py egg_info --egg-base ../build/my_package build --build-base /home/jimmy/ros2_ws/src/build/my_package/build install --record /home/jimmy/ros2_ws/src/build/my_package/install.log --single-version-externally-managed install_data
[5.418s] running egg_info
[5.419s] creating ../build/my_package/my_package.egg-info
[5.419s] writing ../build/my_package/my_package.egg-info/PKG-INFO
[5.419s] writing dependency_links to ../build/my_package/my_package.egg-info/dependency_links.txt
[5.420s] writing entry points to ../build/my_package/my_package.egg-info/entry_points.txt
[5.420s] writing requirements to ../build/my_package/my_package.egg-info/requires.txt
[5.420s] writing top-level names to ../build/my_package/my_package.egg-info/top_level.txt
[5.420s] writing manifest file '../build/my_package/my_package.egg-info/SOURCES.txt'
[5.420s] reading manifest file '../build/my_package/my_package.egg-info/SOURCES.txt'
[5.420s] adding license file 'LICENSE'
[5.420s] writing manifest file '../build/my_package/my_package.egg-info/SOURCES.txt'
[5.420s] running build
[5.421s] running build_py
[5.421s] creating /home/jimmy/ros2_ws/src/build/my_package/build
[5.421s] creating /home/jimmy/ros2_ws/src/build/my_package/build/lib
[5.421s] creating /home/jimmy/ros2_ws/src/build/my_package/build/lib/my_package
[5.421s] copying my_package/__init__.py -> /home/jimmy/ros2_ws/src/build/my_package/build/lib/my_package
[5.421s] copying my_package/my_node.py -> /home/jimmy/ros2_ws/src/build/my_package/build/lib/my_package
[5.425s] running install
[5.425s] running install_lib
[5.426s] creating /home/jimmy/ros2_ws/src/install/my_package/lib/python3.10/site-packages/my_package
[5.426s] copying /home/jimmy/ros2_ws/src/build/my_package/build/lib/my_package/__init__.py -> /home/jimmy/ros2_ws/src/install/my_package/lib/python3.10/site-packages/my_package
[5.427s] copying /home/jimmy/ros2_ws/src/build/my_package/build/lib/my_package/my_node.py -> /home/jimmy/ros2_ws/src/install/my_package/lib/python3.10/site-packages/my_package
[5.427s] byte-compiling /home/jimmy/ros2_ws/src/install/my_package/lib/python3.10/site-packages/my_package/__init__.py to __init__.cpython-310.pyc
[5.428s] byte-compiling /home/jimmy/ros2_ws/src/install/my_package/lib/python3.10/site-packages/my_package/my_node.py to my_node.cpython-310.pyc
[5.429s] running install_data
[5.431s] creating /home/jimmy/ros2_ws/src/install/my_package/share/ament_index
[5.431s] creating /home/jimmy/ros2_ws/src/install/my_package/share/ament_index/resource_index
[5.431s] creating /home/jimmy/ros2_ws/src/install/my_package/share/ament_index/resource_index/packages
[5.431s] copying resource/my_package -> /home/jimmy/ros2_ws/src/install/my_package/share/ament_index/resource_index/packages
[5.431s] copying package.xml -> /home/jimmy/ros2_ws/src/install/my_package/share/my_package
[5.431s] running install_egg_info
[5.437s] Copying ../build/my_package/my_package.egg-info to /home/jimmy/ros2_ws/src/install/my_package/lib/python3.10/site-packages/my_package-0.0.0-py3.10.egg-info
[5.437s] running install_scripts
[5.477s] Installing my_node script to /home/jimmy/ros2_ws/src/install/my_package/lib/my_package
[5.478s] writing list of installed files to '/home/jimmy/ros2_ws/src/build/my_package/install.log'
[5.536s] Invoked command in '/home/jimmy/ros2_ws/src/my_package' returned '0': PYTHONPATH=/home/jimmy/ros2_ws/src/build/my_package/prefix_override:/usr/lib/python3/dist-packages/colcon_core/task/python/colcon_distutils_commands:/home/jimmy/ros2_ws/src/install/my_package/lib/python3.10/site-packages:${PYTHONPATH} /usr/bin/python3 -W ignore:setup.py install is deprecated setup.py egg_info --egg-base ../build/my_package build --build-base /home/jimmy/ros2_ws/src/build/my_package/build install --record /home/jimmy/ros2_ws/src/build/my_package/install.log --single-version-externally-managed install_data
