[0.805s] Invoking command in '/home/jimmy/ros2_ws/src/python_parameters': PYTHONPATH=/home/jimmy/ros2_ws/src/build/python_parameters/prefix_override:/usr/lib/python3/dist-packages/colcon_core/task/python/colcon_distutils_commands:/home/jimmy/ros2_ws/src/install/python_parameters/lib/python3.10/site-packages:${PYTHONPATH} /usr/bin/python3 -W ignore:setup.py install is deprecated setup.py egg_info --egg-base ../build/python_parameters build --build-base /home/jimmy/ros2_ws/src/build/python_parameters/build install --record /home/jimmy/ros2_ws/src/build/python_parameters/install.log --single-version-externally-managed install_data
[1.125s] running egg_info
[1.126s] creating ../build/python_parameters/python_parameters.egg-info
[1.126s] writing ../build/python_parameters/python_parameters.egg-info/PKG-INFO
[1.127s] writing dependency_links to ../build/python_parameters/python_parameters.egg-info/dependency_links.txt
[1.127s] writing entry points to ../build/python_parameters/python_parameters.egg-info/entry_points.txt
[1.127s] writing requirements to ../build/python_parameters/python_parameters.egg-info/requires.txt
[1.127s] writing top-level names to ../build/python_parameters/python_parameters.egg-info/top_level.txt
[1.127s] writing manifest file '../build/python_parameters/python_parameters.egg-info/SOURCES.txt'
[1.131s] reading manifest file '../build/python_parameters/python_parameters.egg-info/SOURCES.txt'
[1.131s] adding license file 'LICENSE'
[1.132s] writing manifest file '../build/python_parameters/python_parameters.egg-info/SOURCES.txt'
[1.132s] running build
[1.132s] running build_py
[1.132s] creating /home/jimmy/ros2_ws/src/build/python_parameters/build
[1.132s] creating /home/jimmy/ros2_ws/src/build/python_parameters/build/lib
[1.132s] creating /home/jimmy/ros2_ws/src/build/python_parameters/build/lib/python_parameters
[1.133s] copying python_parameters/__init__.py -> /home/jimmy/ros2_ws/src/build/python_parameters/build/lib/python_parameters
[1.133s] copying python_parameters/python_parameters_node.py -> /home/jimmy/ros2_ws/src/build/python_parameters/build/lib/python_parameters
[1.133s] running install
[1.133s] running install_lib
[1.135s] creating /home/jimmy/ros2_ws/src/install/python_parameters/lib/python3.10/site-packages/python_parameters
[1.135s] copying /home/jimmy/ros2_ws/src/build/python_parameters/build/lib/python_parameters/__init__.py -> /home/jimmy/ros2_ws/src/install/python_parameters/lib/python3.10/site-packages/python_parameters
[1.135s] copying /home/jimmy/ros2_ws/src/build/python_parameters/build/lib/python_parameters/python_parameters_node.py -> /home/jimmy/ros2_ws/src/install/python_parameters/lib/python3.10/site-packages/python_parameters
[1.135s] byte-compiling /home/jimmy/ros2_ws/src/install/python_parameters/lib/python3.10/site-packages/python_parameters/__init__.py to __init__.cpython-310.pyc
[1.135s] byte-compiling /home/jimmy/ros2_ws/src/install/python_parameters/lib/python3.10/site-packages/python_parameters/python_parameters_node.py to python_parameters_node.cpython-310.pyc
[1.137s] running install_data
[1.137s] creating /home/jimmy/ros2_ws/src/install/python_parameters/share/ament_index
[1.137s] creating /home/jimmy/ros2_ws/src/install/python_parameters/share/ament_index/resource_index
[1.138s] creating /home/jimmy/ros2_ws/src/install/python_parameters/share/ament_index/resource_index/packages
[1.138s] copying resource/python_parameters -> /home/jimmy/ros2_ws/src/install/python_parameters/share/ament_index/resource_index/packages
[1.138s] copying package.xml -> /home/jimmy/ros2_ws/src/install/python_parameters/share/python_parameters
[1.138s] running install_egg_info
[1.139s] Copying ../build/python_parameters/python_parameters.egg-info to /home/jimmy/ros2_ws/src/install/python_parameters/lib/python3.10/site-packages/python_parameters-0.0.0-py3.10.egg-info
[1.142s] running install_scripts
[1.167s] Installing minimal_param_node script to /home/jimmy/ros2_ws/src/install/python_parameters/lib/python_parameters
[1.169s] writing list of installed files to '/home/jimmy/ros2_ws/src/build/python_parameters/install.log'
[1.191s] Invoked command in '/home/jimmy/ros2_ws/src/python_parameters' returned '0': PYTHONPATH=/home/jimmy/ros2_ws/src/build/python_parameters/prefix_override:/usr/lib/python3/dist-packages/colcon_core/task/python/colcon_distutils_commands:/home/jimmy/ros2_ws/src/install/python_parameters/lib/python3.10/site-packages:${PYTHONPATH} /usr/bin/python3 -W ignore:setup.py install is deprecated setup.py egg_info --egg-base ../build/python_parameters build --build-base /home/jimmy/ros2_ws/src/build/python_parameters/build install --record /home/jimmy/ros2_ws/src/build/python_parameters/install.log --single-version-externally-managed install_data
