running egg_info
creating ../build/bootcamp_turtle_mover/bootcamp_turtle_mover.egg-info
writing ../build/bootcamp_turtle_mover/bootcamp_turtle_mover.egg-info/PKG-INFO
writing dependency_links to ../build/bootcamp_turtle_mover/bootcamp_turtle_mover.egg-info/dependency_links.txt
writing entry points to ../build/bootcamp_turtle_mover/bootcamp_turtle_mover.egg-info/entry_points.txt
writing requirements to ../build/bootcamp_turtle_mover/bootcamp_turtle_mover.egg-info/requires.txt
writing top-level names to ../build/bootcamp_turtle_mover/bootcamp_turtle_mover.egg-info/top_level.txt
writing manifest file '../build/bootcamp_turtle_mover/bootcamp_turtle_mover.egg-info/SOURCES.txt'
reading manifest file '../build/bootcamp_turtle_mover/bootcamp_turtle_mover.egg-info/SOURCES.txt'
adding license file 'LICENSE'
writing manifest file '../build/bootcamp_turtle_mover/bootcamp_turtle_mover.egg-info/SOURCES.txt'
running build
running build_py
creating /home/jimmy/ros2_ws/src/build/bootcamp_turtle_mover/build
creating /home/jimmy/ros2_ws/src/build/bootcamp_turtle_mover/build/lib
creating /home/jimmy/ros2_ws/src/build/bootcamp_turtle_mover/build/lib/bootcamp_turtle_mover
copying bootcamp_turtle_mover/move_turtle.py -> /home/jimmy/ros2_ws/src/build/bootcamp_turtle_mover/build/lib/bootcamp_turtle_mover
copying bootcamp_turtle_mover/__init__.py -> /home/jimmy/ros2_ws/src/build/bootcamp_turtle_mover/build/lib/bootcamp_turtle_mover
running install
running install_lib
creating /home/jimmy/ros2_ws/src/install/bootcamp_turtle_mover/lib/python3.10/site-packages/bootcamp_turtle_mover
copying /home/jimmy/ros2_ws/src/build/bootcamp_turtle_mover/build/lib/bootcamp_turtle_mover/move_turtle.py -> /home/jimmy/ros2_ws/src/install/bootcamp_turtle_mover/lib/python3.10/site-packages/bootcamp_turtle_mover
copying /home/jimmy/ros2_ws/src/build/bootcamp_turtle_mover/build/lib/bootcamp_turtle_mover/__init__.py -> /home/jimmy/ros2_ws/src/install/bootcamp_turtle_mover/lib/python3.10/site-packages/bootcamp_turtle_mover
byte-compiling /home/jimmy/ros2_ws/src/install/bootcamp_turtle_mover/lib/python3.10/site-packages/bootcamp_turtle_mover/move_turtle.py to move_turtle.cpython-310.pyc
byte-compiling /home/jimmy/ros2_ws/src/install/bootcamp_turtle_mover/lib/python3.10/site-packages/bootcamp_turtle_mover/__init__.py to __init__.cpython-310.pyc
running install_data
creating /home/jimmy/ros2_ws/src/install/bootcamp_turtle_mover/share/ament_index
creating /home/jimmy/ros2_ws/src/install/bootcamp_turtle_mover/share/ament_index/resource_index
creating /home/jimmy/ros2_ws/src/install/bootcamp_turtle_mover/share/ament_index/resource_index/packages
copying resource/bootcamp_turtle_mover -> /home/jimmy/ros2_ws/src/install/bootcamp_turtle_mover/share/ament_index/resource_index/packages
copying package.xml -> /home/jimmy/ros2_ws/src/install/bootcamp_turtle_mover/share/bootcamp_turtle_mover
running install_egg_info
Copying ../build/bootcamp_turtle_mover/bootcamp_turtle_mover.egg-info to /home/jimmy/ros2_ws/src/install/bootcamp_turtle_mover/lib/python3.10/site-packages/bootcamp_turtle_mover-0.0.0-py3.10.egg-info
running install_scripts
Installing move_turtle script to /home/jimmy/ros2_ws/src/install/bootcamp_turtle_mover/lib/bootcamp_turtle_mover
writing list of installed files to '/home/jimmy/ros2_ws/src/build/bootcamp_turtle_mover/install.log'
