[4.926s] Invoking command in '/home/jimmy/ros2_ws/src/bootcamp_turtle_mover': PYTHONPATH=/home/jimmy/ros2_ws/src/build/bootcamp_turtle_mover/prefix_override:/usr/lib/python3/dist-packages/colcon_core/task/python/colcon_distutils_commands:/home/jimmy/ros2_ws/src/install/bootcamp_turtle_mover/lib/python3.10/site-packages:${PYTHONPATH} /usr/bin/python3 -W ignore:setup.py install is deprecated setup.py egg_info --egg-base ../build/bootcamp_turtle_mover build --build-base /home/jimmy/ros2_ws/src/build/bootcamp_turtle_mover/build install --record /home/jimmy/ros2_ws/src/build/bootcamp_turtle_mover/install.log --single-version-externally-managed install_data
[5.571s] running egg_info
[5.572s] creating ../build/bootcamp_turtle_mover/bootcamp_turtle_mover.egg-info
[5.573s] writing ../build/bootcamp_turtle_mover/bootcamp_turtle_mover.egg-info/PKG-INFO
[5.573s] writing dependency_links to ../build/bootcamp_turtle_mover/bootcamp_turtle_mover.egg-info/dependency_links.txt
[5.574s] writing entry points to ../build/bootcamp_turtle_mover/bootcamp_turtle_mover.egg-info/entry_points.txt
[5.574s] writing requirements to ../build/bootcamp_turtle_mover/bootcamp_turtle_mover.egg-info/requires.txt
[5.574s] writing top-level names to ../build/bootcamp_turtle_mover/bootcamp_turtle_mover.egg-info/top_level.txt
[5.574s] writing manifest file '../build/bootcamp_turtle_mover/bootcamp_turtle_mover.egg-info/SOURCES.txt'
[5.592s] reading manifest file '../build/bootcamp_turtle_mover/bootcamp_turtle_mover.egg-info/SOURCES.txt'
[5.592s] adding license file 'LICENSE'
[5.593s] writing manifest file '../build/bootcamp_turtle_mover/bootcamp_turtle_mover.egg-info/SOURCES.txt'
[5.593s] running build
[5.593s] running build_py
[5.593s] creating /home/jimmy/ros2_ws/src/build/bootcamp_turtle_mover/build
[5.593s] creating /home/jimmy/ros2_ws/src/build/bootcamp_turtle_mover/build/lib
[5.593s] creating /home/jimmy/ros2_ws/src/build/bootcamp_turtle_mover/build/lib/bootcamp_turtle_mover
[5.593s] copying bootcamp_turtle_mover/move_turtle.py -> /home/jimmy/ros2_ws/src/build/bootcamp_turtle_mover/build/lib/bootcamp_turtle_mover
[5.600s] copying bootcamp_turtle_mover/__init__.py -> /home/jimmy/ros2_ws/src/build/bootcamp_turtle_mover/build/lib/bootcamp_turtle_mover
[5.601s] running install
[5.601s] running install_lib
[5.601s] creating /home/jimmy/ros2_ws/src/install/bootcamp_turtle_mover/lib/python3.10/site-packages/bootcamp_turtle_mover
[5.601s] copying /home/jimmy/ros2_ws/src/build/bootcamp_turtle_mover/build/lib/bootcamp_turtle_mover/move_turtle.py -> /home/jimmy/ros2_ws/src/install/bootcamp_turtle_mover/lib/python3.10/site-packages/bootcamp_turtle_mover
[5.601s] copying /home/jimmy/ros2_ws/src/build/bootcamp_turtle_mover/build/lib/bootcamp_turtle_mover/__init__.py -> /home/jimmy/ros2_ws/src/install/bootcamp_turtle_mover/lib/python3.10/site-packages/bootcamp_turtle_mover
[5.656s] byte-compiling /home/jimmy/ros2_ws/src/install/bootcamp_turtle_mover/lib/python3.10/site-packages/bootcamp_turtle_mover/move_turtle.py to move_turtle.cpython-310.pyc
[5.656s] byte-compiling /home/jimmy/ros2_ws/src/install/bootcamp_turtle_mover/lib/python3.10/site-packages/bootcamp_turtle_mover/__init__.py to __init__.cpython-310.pyc
[5.656s] running install_data
[5.656s] creating /home/jimmy/ros2_ws/src/install/bootcamp_turtle_mover/share/ament_index
[5.656s] creating /home/jimmy/ros2_ws/src/install/bootcamp_turtle_mover/share/ament_index/resource_index
[5.656s] creating /home/jimmy/ros2_ws/src/install/bootcamp_turtle_mover/share/ament_index/resource_index/packages
[5.656s] copying resource/bootcamp_turtle_mover -> /home/jimmy/ros2_ws/src/install/bootcamp_turtle_mover/share/ament_index/resource_index/packages
[5.657s] copying package.xml -> /home/jimmy/ros2_ws/src/install/bootcamp_turtle_mover/share/bootcamp_turtle_mover
[5.657s] running install_egg_info
[5.657s] Copying ../build/bootcamp_turtle_mover/bootcamp_turtle_mover.egg-info to /home/jimmy/ros2_ws/src/install/bootcamp_turtle_mover/lib/python3.10/site-packages/bootcamp_turtle_mover-0.0.0-py3.10.egg-info
[5.657s] running install_scripts
[5.687s] Installing move_turtle script to /home/jimmy/ros2_ws/src/install/bootcamp_turtle_mover/lib/bootcamp_turtle_mover
[5.688s] writing list of installed files to '/home/jimmy/ros2_ws/src/build/bootcamp_turtle_mover/install.log'
[5.831s] Invoked command in '/home/jimmy/ros2_ws/src/bootcamp_turtle_mover' returned '0': PYTHONPATH=/home/jimmy/ros2_ws/src/build/bootcamp_turtle_mover/prefix_override:/usr/lib/python3/dist-packages/colcon_core/task/python/colcon_distutils_commands:/home/jimmy/ros2_ws/src/install/bootcamp_turtle_mover/lib/python3.10/site-packages:${PYTHONPATH} /usr/bin/python3 -W ignore:setup.py install is deprecated setup.py egg_info --egg-base ../build/bootcamp_turtle_mover build --build-base /home/jimmy/ros2_ws/src/build/bootcamp_turtle_mover/build install --record /home/jimmy/ros2_ws/src/build/bootcamp_turtle_mover/install.log --single-version-externally-managed install_data
