[4.845s] Invoking command in '/home/jimmy/ros2_ws/src/python_parameters': PYTHONPATH=/home/jimmy/ros2_ws/src/build/python_parameters/prefix_override:/usr/lib/python3/dist-packages/colcon_core/task/python/colcon_distutils_commands:/home/jimmy/ros2_ws/src/install/python_parameters/lib/python3.10/site-packages:${PYTHONPATH} /usr/bin/python3 -W ignore:setup.py install is deprecated setup.py egg_info --egg-base ../build/python_parameters build --build-base /home/jimmy/ros2_ws/src/build/python_parameters/build install --record /home/jimmy/ros2_ws/src/build/python_parameters/install.log --single-version-externally-managed install_data
[5.663s] running egg_info
[5.663s] writing ../build/python_parameters/python_parameters.egg-info/PKG-INFO
[5.672s] writing dependency_links to ../build/python_parameters/python_parameters.egg-info/dependency_links.txt
[5.673s] writing entry points to ../build/python_parameters/python_parameters.egg-info/entry_points.txt
[5.694s] writing requirements to ../build/python_parameters/python_parameters.egg-info/requires.txt
[5.694s] writing top-level names to ../build/python_parameters/python_parameters.egg-info/top_level.txt
[5.694s] reading manifest file '../build/python_parameters/python_parameters.egg-info/SOURCES.txt'
[5.694s] adding license file 'LICENSE'
[5.695s] writing manifest file '../build/python_parameters/python_parameters.egg-info/SOURCES.txt'
[5.695s] running build
[5.695s] running build_py
[5.700s] running install
[5.701s] running install_lib
[5.732s] running install_data
[5.739s] running install_egg_info
[5.739s] removing '/home/jimmy/ros2_ws/src/install/python_parameters/lib/python3.10/site-packages/python_parameters-0.0.0-py3.10.egg-info' (and everything under it)
[5.741s] Copying ../build/python_parameters/python_parameters.egg-info to /home/jimmy/ros2_ws/src/install/python_parameters/lib/python3.10/site-packages/python_parameters-0.0.0-py3.10.egg-info
[5.742s] running install_scripts
[5.790s] Installing minimal_param_node script to /home/jimmy/ros2_ws/src/install/python_parameters/lib/python_parameters
[5.791s] writing list of installed files to '/home/jimmy/ros2_ws/src/build/python_parameters/install.log'
[5.841s] Invoked command in '/home/jimmy/ros2_ws/src/python_parameters' returned '0': PYTHONPATH=/home/jimmy/ros2_ws/src/build/python_parameters/prefix_override:/usr/lib/python3/dist-packages/colcon_core/task/python/colcon_distutils_commands:/home/jimmy/ros2_ws/src/install/python_parameters/lib/python3.10/site-packages:${PYTHONPATH} /usr/bin/python3 -W ignore:setup.py install is deprecated setup.py egg_info --egg-base ../build/python_parameters build --build-base /home/jimmy/ros2_ws/src/build/python_parameters/build install --record /home/jimmy/ros2_ws/src/build/python_parameters/install.log --single-version-externally-managed install_data
